Using pre-set license
Built from '2022.3/staging' branch; Version is '2022.3.17f1 (4fc78088f837) revision 5228416'; Using compiler version '192829333'; Build Type 'Release'
OS: 'Windows 11  (10.0.22631) 64bit Core' Language: 'ko' Physical Memory: 16309 MB
BatchMode: 1, IsHumanControllingUs: 0, StartBugReporterOnCrash: 0, Is64bit: 1, IsPro: 1

COMMAND LINE ARGUMENTS:
D:\2022.3.17f1\Editor\Unity.exe
-adb2
-batchMode
-noUpm
-name
AssetImportWorker0
-projectPath
C:/Users/gones/Desktop/Princess_Gourmet
-logFile
Logs/AssetImportWorker0.log
-srvPort
59962
Successfully changed project path to: C:/Users/gones/Desktop/Princess_Gourmet
C:/Users/gones/Desktop/Princess_Gourmet
[UnityMemory] Configuration Parameters - Can be set up in boot.config
    "memorysetup-bucket-allocator-granularity=16"
    "memorysetup-bucket-allocator-bucket-count=8"
    "memorysetup-bucket-allocator-block-size=33554432"
    "memorysetup-bucket-allocator-block-count=8"
    "memorysetup-main-allocator-block-size=16777216"
    "memorysetup-thread-allocator-block-size=16777216"
    "memorysetup-gfx-main-allocator-block-size=16777216"
    "memorysetup-gfx-thread-allocator-block-size=16777216"
    "memorysetup-cache-allocator-block-size=4194304"
    "memorysetup-typetree-allocator-block-size=2097152"
    "memorysetup-profiler-bucket-allocator-granularity=16"
    "memorysetup-profiler-bucket-allocator-bucket-count=8"
    "memorysetup-profiler-bucket-allocator-block-size=33554432"
    "memorysetup-profiler-bucket-allocator-block-count=8"
    "memorysetup-profiler-allocator-block-size=16777216"
    "memorysetup-profiler-editor-allocator-block-size=1048576"
    "memorysetup-temp-allocator-size-main=16777216"
    "memorysetup-job-temp-allocator-block-size=2097152"
    "memorysetup-job-temp-allocator-block-size-background=1048576"
    "memorysetup-job-temp-allocator-reduction-small-platforms=262144"
    "memorysetup-allocator-temp-initial-block-size-main=262144"
    "memorysetup-allocator-temp-initial-block-size-worker=262144"
    "memorysetup-temp-allocator-size-background-worker=32768"
    "memorysetup-temp-allocator-size-job-worker=262144"
    "memorysetup-temp-allocator-size-preload-manager=33554432"
    "memorysetup-temp-allocator-size-nav-mesh-worker=65536"
    "memorysetup-temp-allocator-size-audio-worker=65536"
    "memorysetup-temp-allocator-size-cloud-worker=32768"
    "memorysetup-temp-allocator-size-gi-baking-worker=262144"
    "memorysetup-temp-allocator-size-gfx=262144"
Player connection [23340] Host "[IP] 192.168.45.229 [Port] 0 [Flags] 2 [Guid] 3982802672 [EditorId] 3982802672 [Version] 1048832 [Id] WindowsEditor(7,GYEOM_PC) [Debug] 1 [PackageName] WindowsEditor [ProjectName] Editor" joined multi-casting on [225.0.0.222:54997]...

Player connection [23340] Host "[IP] 192.168.45.229 [Port] 0 [Flags] 2 [Guid] 3982802672 [EditorId] 3982802672 [Version] 1048832 [Id] WindowsEditor(7,GYEOM_PC) [Debug] 1 [PackageName] WindowsEditor [ProjectName] Editor" joined alternative multi-casting on [225.0.0.222:34997]...

[Physics::Module] Initialized MultithreadedJobDispatcher with 11 workers.
Refreshing native plugins compatible for Editor in 1122.18 ms, found 4 plugins.
Preloading 0 native plugins for Editor in 0.00 ms.
Initialize engine version: 2022.3.17f1 (4fc78088f837)
[Subsystems] Discovering subsystems at path D:/2022.3.17f1/Editor/Data/Resources/UnitySubsystems
[Subsystems] Discovering subsystems at path C:/Users/gones/Desktop/Princess_Gourmet/Assets
GfxDevice: creating device client; threaded=0; jobified=0
Direct3D:
    Version:  Direct3D 11.0 [level 11.1]
    Renderer: NVIDIA GeForce RTX 3060 (ID=0x2504)
    Vendor:   NVIDIA
    VRAM:     12129 MB
    Driver:   31.0.15.3598
Initialize mono
Mono path[0] = 'D:/2022.3.17f1/Editor/Data/Managed'
Mono path[1] = 'D:/2022.3.17f1/Editor/Data/MonoBleedingEdge/lib/mono/unityjit-win32'
Mono config path = 'D:/2022.3.17f1/Editor/Data/MonoBleedingEdge/etc'
Using monoOptions --debugger-agent=transport=dt_socket,embedding=1,server=y,suspend=n,address=127.0.0.1:56468
Begin MonoManager ReloadAssembly
Registering precompiled unity dll's ...
Register platform support module: D:/2022.3.17f1/Editor/Data/PlaybackEngines/WebGLSupport/UnityEditor.WebGL.Extensions.dll
Register platform support module: D:/2022.3.17f1/Editor/Data/PlaybackEngines/WindowsStandaloneSupport/UnityEditor.WindowsStandalone.Extensions.dll
Registered in 0.002573 seconds.
- Loaded All Assemblies, in  4.391 seconds
Native extension for WindowsStandalone target not found
Native extension for WebGL target not found
Mono: successfully reloaded assembly
- Finished resetting the current domain, in  0.311 seconds
Domain Reload Profiling: 4702ms
	BeginReloadAssembly (3434ms)
		ExecutionOrderSort (0ms)
		DisableScriptedObjects (0ms)
		BackupInstance (0ms)
		ReleaseScriptingObjects (0ms)
		CreateAndSetChildDomain (1ms)
	RebuildCommonClasses (357ms)
	RebuildNativeTypeToScriptingClass (8ms)
	initialDomainReloadingComplete (36ms)
	LoadAllAssembliesAndSetupDomain (557ms)
		LoadAssemblies (3433ms)
		RebuildTransferFunctionScriptingTraits (0ms)
		AnalyzeDomain (555ms)
			TypeCache.Refresh (554ms)
				TypeCache.ScanAssembly (358ms)
			ScanForSourceGeneratedMonoScriptInfo (0ms)
			ResolveRequiredComponents (0ms)
	FinalizeReload (311ms)
		ReleaseScriptCaches (0ms)
		RebuildScriptCaches (0ms)
		SetupLoadedEditorAssemblies (260ms)
			LogAssemblyErrors (0ms)
			InitializePlatformSupportModulesInManaged (7ms)
			SetLoadedEditorAssemblies (4ms)
			RefreshPlugins (0ms)
			BeforeProcessingInitializeOnLoad (2ms)
			ProcessInitializeOnLoadAttributes (206ms)
			ProcessInitializeOnLoadMethodAttributes (40ms)
			AfterProcessingInitializeOnLoad (0ms)
			EditorAssembliesLoaded (0ms)
		ExecutionOrderSort2 (0ms)
		AwakeInstancesAfterBackupRestoration (0ms)
========================================================================
Worker process is ready to serve import requests
Begin MonoManager ReloadAssembly
- Loaded All Assemblies, in  1.463 seconds
Refreshing native plugins compatible for Editor in 3.46 ms, found 4 plugins.
Native extension for WindowsStandalone target not found
Native extension for WebGL target not found
Package Manager log level set to [2]
[Package Manager] Server::EnsureServerProcessIsRunning -- launch failed, reason: Unity was launched with the -noUpm command-line argument
[Package Manager] UpmClient::Send -- Unable to send message (not connected to UPM process).
[Package Manager] Cannot connect to Unity Package Manager local server
Mono: successfully reloaded assembly
- Finished resetting the current domain, in  0.601 seconds
Domain Reload Profiling: 2061ms
	BeginReloadAssembly (116ms)
		ExecutionOrderSort (0ms)
		DisableScriptedObjects (4ms)
		BackupInstance (0ms)
		ReleaseScriptingObjects (0ms)
		CreateAndSetChildDomain (18ms)
	RebuildCommonClasses (23ms)
	RebuildNativeTypeToScriptingClass (7ms)
	initialDomainReloadingComplete (36ms)
	LoadAllAssembliesAndSetupDomain (1278ms)
		LoadAssemblies (1190ms)
		RebuildTransferFunctionScriptingTraits (0ms)
		AnalyzeDomain (159ms)
			TypeCache.Refresh (139ms)
				TypeCache.ScanAssembly (94ms)
			ScanForSourceGeneratedMonoScriptInfo (16ms)
			ResolveRequiredComponents (3ms)
	FinalizeReload (601ms)
		ReleaseScriptCaches (0ms)
		RebuildScriptCaches (0ms)
		SetupLoadedEditorAssemblies (492ms)
			LogAssemblyErrors (0ms)
			InitializePlatformSupportModulesInManaged (4ms)
			SetLoadedEditorAssemblies (3ms)
			RefreshPlugins (0ms)
			BeforeProcessingInitializeOnLoad (52ms)
			ProcessInitializeOnLoadAttributes (398ms)
			ProcessInitializeOnLoadMethodAttributes (34ms)
			AfterProcessingInitializeOnLoad (1ms)
			EditorAssembliesLoaded (0ms)
		ExecutionOrderSort2 (0ms)
		AwakeInstancesAfterBackupRestoration (5ms)
Launched and connected shader compiler UnityShaderCompiler.exe after 0.06 seconds
Refreshing native plugins compatible for Editor in 4.39 ms, found 4 plugins.
Preloading 0 native plugins for Editor in 0.00 ms.
Unloading 4454 Unused Serialized files (Serialized files now loaded: 0)
Unloading 76 unused Assets / (218.8 KB). Loaded Objects now: 4913.
Memory consumption went from 157.8 MB to 157.6 MB.
Total: 3.823800 ms (FindLiveObjects: 0.283300 ms CreateObjectMapping: 0.177600 ms MarkObjects: 3.167600 ms  DeleteObjects: 0.194700 ms)

AssetImportParameters requested are different than current active one (requested -> active):
  custom:container-demuxer-ogg: 62fdf1f143b41e24485cea50d1cbac27 -> 
  custom:video-codec-MediaFoundation-h265: 746d11721c4dcdbdad8f713fa42b33f4 -> 
  custom:video-decoder-ogg-theora: a1e56fd34408186e4bbccfd4996cb3dc -> 
  custom:framework-win-MediaFoundation: 216162199b28c13a410421893ffa2e32 -> 
  custom:CustomObjectIndexerAttribute: 6d391050e5a25f67b0a2c618074f2cd9 -> 
  custom:container-demuxer-webm: 4f35f7cbe854078d1ac9338744f61a02 -> 
  custom:container-muxer-webm: aa71ff27fc2769a1b78a27578f13a17b -> 
  custom:video-decoder-webm-vp8: 9c59270c3fd7afecdb556c50c9e8de78 -> 
  custom:SearchIndexIgnoredProperties: e643bd26f0fe6173181afceb89e7c659 -> 
  custom:AudioImporter_EditorPlatform: d09bf68614088b80899f8185d706f6e7 -> 
  custom:video-encoder-webm-vp8: eb34c28f22e8b96e1ab97ce403110664 -> 
  custom:audio-decoder-ogg-vorbis: bf7c407c2cedff20999df2af8eb42d56 -> 
  custom:audio-encoder-webm-vorbis: bf7c407c2cedff20999df2af8eb42d56 -> 
========================================================================
Received Prepare
Begin MonoManager ReloadAssembly
- Loaded All Assemblies, in  0.339 seconds
Refreshing native plugins compatible for Editor in 3.89 ms, found 4 plugins.
Native extension for WindowsStandalone target not found
Native extension for WebGL target not found
[Package Manager] Server::EnsureServerProcessIsRunning -- launch failed, reason: Unity was launched with the -noUpm command-line argument
[Package Manager] UpmClient::Send -- Unable to send message (not connected to UPM process).
[Package Manager] Cannot connect to Unity Package Manager local server
Mono: successfully reloaded assembly
- Finished resetting the current domain, in  0.853 seconds
Domain Reload Profiling: 1190ms
	BeginReloadAssembly (133ms)
		ExecutionOrderSort (0ms)
		DisableScriptedObjects (9ms)
		BackupInstance (0ms)
		ReleaseScriptingObjects (0ms)
		CreateAndSetChildDomain (33ms)
	RebuildCommonClasses (26ms)
	RebuildNativeTypeToScriptingClass (9ms)
	initialDomainReloadingComplete (21ms)
	LoadAllAssembliesAndSetupDomain (149ms)
		LoadAssemblies (204ms)
		RebuildTransferFunctionScriptingTraits (0ms)
		AnalyzeDomain (10ms)
			TypeCache.Refresh (5ms)
				TypeCache.ScanAssembly (0ms)
			ScanForSourceGeneratedMonoScriptInfo (0ms)
			ResolveRequiredComponents (4ms)
	FinalizeReload (853ms)
		ReleaseScriptCaches (0ms)
		RebuildScriptCaches (0ms)
		SetupLoadedEditorAssemblies (427ms)
			LogAssemblyErrors (0ms)
			InitializePlatformSupportModulesInManaged (4ms)
			SetLoadedEditorAssemblies (3ms)
			RefreshPlugins (0ms)
			BeforeProcessingInitializeOnLoad (50ms)
			ProcessInitializeOnLoadAttributes (340ms)
			ProcessInitializeOnLoadMethodAttributes (27ms)
			AfterProcessingInitializeOnLoad (2ms)
			EditorAssembliesLoaded (0ms)
		ExecutionOrderSort2 (0ms)
		AwakeInstancesAfterBackupRestoration (10ms)
Refreshing native plugins compatible for Editor in 3.37 ms, found 4 plugins.
Preloading 0 native plugins for Editor in 0.00 ms.
Unloading 4435 Unused Serialized files (Serialized files now loaded: 0)
Unloading 44 unused Assets / (217.9 KB). Loaded Objects now: 4917.
Memory consumption went from 155.1 MB to 154.9 MB.
Total: 3.726800 ms (FindLiveObjects: 0.291900 ms CreateObjectMapping: 0.219700 ms MarkObjects: 3.011200 ms  DeleteObjects: 0.203500 ms)

Prepare: number of updated asset objects reloaded= 0
AssetImportParameters requested are different than current active one (requested -> active):
  custom:container-demuxer-ogg: 62fdf1f143b41e24485cea50d1cbac27 -> 
  custom:video-codec-MediaFoundation-h265: 746d11721c4dcdbdad8f713fa42b33f4 -> 
  custom:video-decoder-ogg-theora: a1e56fd34408186e4bbccfd4996cb3dc -> 
  custom:framework-win-MediaFoundation: 216162199b28c13a410421893ffa2e32 -> 
  custom:CustomObjectIndexerAttribute: 6d391050e5a25f67b0a2c618074f2cd9 -> 
  custom:container-demuxer-webm: 4f35f7cbe854078d1ac9338744f61a02 -> 
  custom:container-muxer-webm: aa71ff27fc2769a1b78a27578f13a17b -> 
  custom:video-decoder-webm-vp8: 9c59270c3fd7afecdb556c50c9e8de78 -> 
  custom:SearchIndexIgnoredProperties: e643bd26f0fe6173181afceb89e7c659 -> 
  custom:AudioImporter_EditorPlatform: d09bf68614088b80899f8185d706f6e7 -> 
  custom:video-encoder-webm-vp8: eb34c28f22e8b96e1ab97ce403110664 -> 
  custom:audio-decoder-ogg-vorbis: bf7c407c2cedff20999df2af8eb42d56 -> 
  custom:audio-encoder-webm-vorbis: bf7c407c2cedff20999df2af8eb42d56 -> 
  custom:scripting/monoscript/fileName/Sigal.cs: 44bfb6ecc878e2d650514f93c8109f77 -> 
========================================================================
Received Import Request.
  Time since last request: 260595.205225 seconds.
  path: Assets/1_Script/ScriptableObjects/Signal.cs
  artifactKey: Guid(cc61f3479043c684a9e0983771526745) Importer(815301076,1909f56bfc062723c751e8b465ee728b)
Start importing Assets/1_Script/ScriptableObjects/Signal.cs using Guid(cc61f3479043c684a9e0983771526745) Importer(815301076,1909f56bfc062723c751e8b465ee728b)  -> (artifact id: '748d198ece4c1064e1c1d326f6a1a4ef') in 0.002750 seconds
Number of updated asset objects reloaded before import = 0
Number of asset objects unloaded after import = 0
========================================================================
Received Prepare
Begin MonoManager ReloadAssembly
- Loaded All Assemblies, in  0.368 seconds
Refreshing native plugins compatible for Editor in 3.92 ms, found 4 plugins.
Native extension for WindowsStandalone target not found
Native extension for WebGL target not found
[Package Manager] Server::EnsureServerProcessIsRunning -- launch failed, reason: Unity was launched with the -noUpm command-line argument
[Package Manager] UpmClient::Send -- Unable to send message (not connected to UPM process).
[Package Manager] Cannot connect to Unity Package Manager local server
Mono: successfully reloaded assembly
- Finished resetting the current domain, in  0.984 seconds
Domain Reload Profiling: 1350ms
	BeginReloadAssembly (138ms)
		ExecutionOrderSort (0ms)
		DisableScriptedObjects (10ms)
		BackupInstance (0ms)
		ReleaseScriptingObjects (0ms)
		CreateAndSetChildDomain (34ms)
	RebuildCommonClasses (25ms)
	RebuildNativeTypeToScriptingClass (8ms)
	initialDomainReloadingComplete (21ms)
	LoadAllAssembliesAndSetupDomain (174ms)
		LoadAssemblies (212ms)
		RebuildTransferFunctionScriptingTraits (0ms)
		AnalyzeDomain (27ms)
			TypeCache.Refresh (10ms)
				TypeCache.ScanAssembly (1ms)
			ScanForSourceGeneratedMonoScriptInfo (11ms)
			ResolveRequiredComponents (5ms)
	FinalizeReload (984ms)
		ReleaseScriptCaches (0ms)
		RebuildScriptCaches (0ms)
		SetupLoadedEditorAssemblies (521ms)
			LogAssemblyErrors (0ms)
			InitializePlatformSupportModulesInManaged (4ms)
			SetLoadedEditorAssemblies (4ms)
			RefreshPlugins (0ms)
			BeforeProcessingInitializeOnLoad (62ms)
			ProcessInitializeOnLoadAttributes (422ms)
			ProcessInitializeOnLoadMethodAttributes (27ms)
			AfterProcessingInitializeOnLoad (2ms)
			EditorAssembliesLoaded (0ms)
		ExecutionOrderSort2 (0ms)
		AwakeInstancesAfterBackupRestoration (10ms)
Refreshing native plugins compatible for Editor in 4.59 ms, found 4 plugins.
Preloading 0 native plugins for Editor in 0.00 ms.
Unloading 4435 Unused Serialized files (Serialized files now loaded: 0)
Unloading 43 unused Assets / (217.3 KB). Loaded Objects now: 4922.
Memory consumption went from 156.8 MB to 156.6 MB.
Total: 3.825200 ms (FindLiveObjects: 0.313600 ms CreateObjectMapping: 0.220400 ms MarkObjects: 3.111200 ms  DeleteObjects: 0.178700 ms)

Prepare: number of updated asset objects reloaded= 0
AssetImportParameters requested are different than current active one (requested -> active):
  custom:container-demuxer-ogg: 62fdf1f143b41e24485cea50d1cbac27 -> 
  custom:video-codec-MediaFoundation-h265: 746d11721c4dcdbdad8f713fa42b33f4 -> 
  custom:video-decoder-ogg-theora: a1e56fd34408186e4bbccfd4996cb3dc -> 
  custom:framework-win-MediaFoundation: 216162199b28c13a410421893ffa2e32 -> 
  custom:CustomObjectIndexerAttribute: 6d391050e5a25f67b0a2c618074f2cd9 -> 
  custom:container-demuxer-webm: 4f35f7cbe854078d1ac9338744f61a02 -> 
  custom:container-muxer-webm: aa71ff27fc2769a1b78a27578f13a17b -> 
  custom:video-decoder-webm-vp8: 9c59270c3fd7afecdb556c50c9e8de78 -> 
  custom:SearchIndexIgnoredProperties: e643bd26f0fe6173181afceb89e7c659 -> 
  custom:AudioImporter_EditorPlatform: d09bf68614088b80899f8185d706f6e7 -> 
  custom:video-encoder-webm-vp8: eb34c28f22e8b96e1ab97ce403110664 -> 
  custom:audio-decoder-ogg-vorbis: bf7c407c2cedff20999df2af8eb42d56 -> 
  custom:audio-encoder-webm-vorbis: bf7c407c2cedff20999df2af8eb42d56 -> 
  custom:scripting/monoscript/fileName/Sigal.cs: 44bfb6ecc878e2d650514f93c8109f77 -> 
========================================================================
Received Import Request.
  Time since last request: 5.345323 seconds.
  path: Assets/1_Script/ScriptableObjects/Signal.cs
  artifactKey: Guid(cc61f3479043c684a9e0983771526745) Importer(815301076,1909f56bfc062723c751e8b465ee728b)
Start importing Assets/1_Script/ScriptableObjects/Signal.cs using Guid(cc61f3479043c684a9e0983771526745) Importer(815301076,1909f56bfc062723c751e8b465ee728b)  -> (artifact id: '2c186e7697dc3cbfc86ba08f227b007f') in 0.002256 seconds
Number of updated asset objects reloaded before import = 0
Number of asset objects unloaded after import = 0
========================================================================
Received Import Request.
  Time since last request: 13.377285 seconds.
  path: Assets/1_Script/SignalListener.cs
  artifactKey: Guid(e30624e735338d843b4c9215b79271db) Importer(815301076,1909f56bfc062723c751e8b465ee728b)
Start importing Assets/1_Script/SignalListener.cs using Guid(e30624e735338d843b4c9215b79271db) Importer(815301076,1909f56bfc062723c751e8b465ee728b)  -> (artifact id: 'f08904fceddd4a1a9928c216ed2179bd') in 0.000455 seconds
Number of updated asset objects reloaded before import = 0
Number of asset objects unloaded after import = 0
========================================================================
Received Prepare
Begin MonoManager ReloadAssembly
- Loaded All Assemblies, in  0.360 seconds
Refreshing native plugins compatible for Editor in 3.43 ms, found 4 plugins.
Native extension for WindowsStandalone target not found
Native extension for WebGL target not found
[Package Manager] Server::EnsureServerProcessIsRunning -- launch failed, reason: Unity was launched with the -noUpm command-line argument
[Package Manager] UpmClient::Send -- Unable to send message (not connected to UPM process).
[Package Manager] Cannot connect to Unity Package Manager local server
Mono: successfully reloaded assembly
- Finished resetting the current domain, in  0.995 seconds
Domain Reload Profiling: 1353ms
	BeginReloadAssembly (124ms)
		ExecutionOrderSort (0ms)
		DisableScriptedObjects (8ms)
		BackupInstance (0ms)
		ReleaseScriptingObjects (0ms)
		CreateAndSetChildDomain (33ms)
	RebuildCommonClasses (23ms)
	RebuildNativeTypeToScriptingClass (8ms)
	initialDomainReloadingComplete (19ms)
	LoadAllAssembliesAndSetupDomain (184ms)
		LoadAssemblies (215ms)
		RebuildTransferFunctionScriptingTraits (0ms)
		AnalyzeDomain (28ms)
			TypeCache.Refresh (9ms)
				TypeCache.ScanAssembly (1ms)
			ScanForSourceGeneratedMonoScriptInfo (14ms)
			ResolveRequiredComponents (4ms)
	FinalizeReload (995ms)
		ReleaseScriptCaches (0ms)
		RebuildScriptCaches (0ms)
		SetupLoadedEditorAssemblies (533ms)
			LogAssemblyErrors (0ms)
			InitializePlatformSupportModulesInManaged (4ms)
			SetLoadedEditorAssemblies (5ms)
			RefreshPlugins (0ms)
			BeforeProcessingInitializeOnLoad (65ms)
			ProcessInitializeOnLoadAttributes (430ms)
			ProcessInitializeOnLoadMethodAttributes (29ms)
			AfterProcessingInitializeOnLoad (2ms)
			EditorAssembliesLoaded (0ms)
		ExecutionOrderSort2 (0ms)
		AwakeInstancesAfterBackupRestoration (11ms)
Refreshing native plugins compatible for Editor in 5.09 ms, found 4 plugins.
Preloading 0 native plugins for Editor in 0.00 ms.
Unloading 4436 Unused Serialized files (Serialized files now loaded: 0)
Unloading 43 unused Assets / (217.4 KB). Loaded Objects now: 4927.
Memory consumption went from 158.8 MB to 158.6 MB.
Total: 4.611800 ms (FindLiveObjects: 0.356800 ms CreateObjectMapping: 0.284000 ms MarkObjects: 3.781300 ms  DeleteObjects: 0.189100 ms)

Prepare: number of updated asset objects reloaded= 0
AssetImportParameters requested are different than current active one (requested -> active):
  custom:container-demuxer-ogg: 62fdf1f143b41e24485cea50d1cbac27 -> 
  custom:video-codec-MediaFoundation-h265: 746d11721c4dcdbdad8f713fa42b33f4 -> 
  custom:video-decoder-ogg-theora: a1e56fd34408186e4bbccfd4996cb3dc -> 
  custom:framework-win-MediaFoundation: 216162199b28c13a410421893ffa2e32 -> 
  custom:CustomObjectIndexerAttribute: 6d391050e5a25f67b0a2c618074f2cd9 -> 
  custom:container-demuxer-webm: 4f35f7cbe854078d1ac9338744f61a02 -> 
  custom:container-muxer-webm: aa71ff27fc2769a1b78a27578f13a17b -> 
  custom:video-decoder-webm-vp8: 9c59270c3fd7afecdb556c50c9e8de78 -> 
  custom:SearchIndexIgnoredProperties: e643bd26f0fe6173181afceb89e7c659 -> 
  custom:AudioImporter_EditorPlatform: d09bf68614088b80899f8185d706f6e7 -> 
  custom:video-encoder-webm-vp8: eb34c28f22e8b96e1ab97ce403110664 -> 
  custom:audio-decoder-ogg-vorbis: bf7c407c2cedff20999df2af8eb42d56 -> 
  custom:audio-encoder-webm-vorbis: bf7c407c2cedff20999df2af8eb42d56 -> 
  custom:scripting/monoscript/fileName/Sigal.cs: 44bfb6ecc878e2d650514f93c8109f77 -> 
========================================================================
Received Import Request.
  Time since last request: 5.354182 seconds.
  path: Assets/1_Script/SignalListener.cs
  artifactKey: Guid(e30624e735338d843b4c9215b79271db) Importer(815301076,1909f56bfc062723c751e8b465ee728b)
Start importing Assets/1_Script/SignalListener.cs using Guid(e30624e735338d843b4c9215b79271db) Importer(815301076,1909f56bfc062723c751e8b465ee728b)  -> (artifact id: 'cc39bd07da87089815d7b1d6d50b541a') in 0.002315 seconds
Number of updated asset objects reloaded before import = 0
Number of asset objects unloaded after import = 0
========================================================================
Received Import Request.
  Time since last request: 92.132696 seconds.
  path: Assets/1_Script/ScriptableObjects/Signal.cs
  artifactKey: Guid(cc61f3479043c684a9e0983771526745) Importer(815301076,1909f56bfc062723c751e8b465ee728b)
Start importing Assets/1_Script/ScriptableObjects/Signal.cs using Guid(cc61f3479043c684a9e0983771526745) Importer(815301076,1909f56bfc062723c751e8b465ee728b)  -> (artifact id: '02239c2be153a2051a18d0bfa500e008') in 0.001216 seconds
Number of updated asset objects reloaded before import = 0
Number of asset objects unloaded after import = 0
========================================================================
Received Import Request.
  Time since last request: 425.035853 seconds.
  path: Assets/1_Script/ScriptableObjects/Signal.cs
  artifactKey: Guid(cc61f3479043c684a9e0983771526745) Importer(815301076,1909f56bfc062723c751e8b465ee728b)
Start importing Assets/1_Script/ScriptableObjects/Signal.cs using Guid(cc61f3479043c684a9e0983771526745) Importer(815301076,1909f56bfc062723c751e8b465ee728b)  -> (artifact id: 'ad21705148deab0e2d6b54d163e59284') in 0.001218 seconds
Number of updated asset objects reloaded before import = 0
Number of asset objects unloaded after import = 0
========================================================================
Received Import Request.
  Time since last request: 1484.018321 seconds.
  path: Assets/1_ScriptableObjects/HealthSignal.signal
  artifactKey: Guid(ccd3bc38ad11f4041badc5a77b549892) Importer(815301076,1909f56bfc062723c751e8b465ee728b)
Start importing Assets/1_ScriptableObjects/HealthSignal.signal using Guid(ccd3bc38ad11f4041badc5a77b549892) Importer(815301076,1909f56bfc062723c751e8b465ee728b)  -> (artifact id: '564d032fe98f587be8bbfa7695d10e21') in 0.007361 seconds
Number of updated asset objects reloaded before import = 0
Number of asset objects unloaded after import = 1
========================================================================
Received Import Request.
  Time since last request: 163.314072 seconds.
  path: Assets/0_Source/gfx/objects.png
  artifactKey: Guid(2ea2f9aae3d85754cb039cbee5ec537c) Importer(815301076,1909f56bfc062723c751e8b465ee728b)
Start importing Assets/0_Source/gfx/objects.png using Guid(2ea2f9aae3d85754cb039cbee5ec537c) Importer(815301076,1909f56bfc062723c751e8b465ee728b)  -> (artifact id: 'c1961b6fa5fe5155f41fe1e0c6673bc6') in 0.318438 seconds
Number of updated asset objects reloaded before import = 0
Number of asset objects unloaded after import = 1755
========================================================================
Received Import Request.
  Time since last request: 62.231688 seconds.
  path: Assets/0_Source/gfx/objects.png
  artifactKey: Guid(2ea2f9aae3d85754cb039cbee5ec537c) Importer(815301076,1909f56bfc062723c751e8b465ee728b)
Start importing Assets/0_Source/gfx/objects.png using Guid(2ea2f9aae3d85754cb039cbee5ec537c) Importer(815301076,1909f56bfc062723c751e8b465ee728b)  -> (artifact id: '6df4eef2d7a44a3a1d72e2ac3de36e42') in 0.138675 seconds
Number of updated asset objects reloaded before import = 0
Number of asset objects unloaded after import = 1705
========================================================================
Received Import Request.
  Time since last request: 75.063457 seconds.
  path: Assets/0_Source/gfx/objects.png
  artifactKey: Guid(2ea2f9aae3d85754cb039cbee5ec537c) Importer(815301076,1909f56bfc062723c751e8b465ee728b)
Start importing Assets/0_Source/gfx/objects.png using Guid(2ea2f9aae3d85754cb039cbee5ec537c) Importer(815301076,1909f56bfc062723c751e8b465ee728b)  -> (artifact id: 'b09291b40fabd3675b81b757754cacc9') in 0.334601 seconds
Number of updated asset objects reloaded before import = 0
Number of asset objects unloaded after import = 1946
========================================================================
Received Import Request.
  Time since last request: 20.457330 seconds.
  path: Assets/0_Source/gfx/objects.png
  artifactKey: Guid(2ea2f9aae3d85754cb039cbee5ec537c) Importer(815301076,1909f56bfc062723c751e8b465ee728b)
Start importing Assets/0_Source/gfx/objects.png using Guid(2ea2f9aae3d85754cb039cbee5ec537c) Importer(815301076,1909f56bfc062723c751e8b465ee728b)  -> (artifact id: '593fc74127e906def9e6180ecd8dca56') in 0.197623 seconds
Number of updated asset objects reloaded before import = 0
Number of asset objects unloaded after import = 1707
========================================================================
Received Import Request.
  Time since last request: 8.652715 seconds.
  path: Assets/0_Source/gfx/objects.png
  artifactKey: Guid(2ea2f9aae3d85754cb039cbee5ec537c) Importer(815301076,1909f56bfc062723c751e8b465ee728b)
Start importing Assets/0_Source/gfx/objects.png using Guid(2ea2f9aae3d85754cb039cbee5ec537c) Importer(815301076,1909f56bfc062723c751e8b465ee728b)  -> (artifact id: '86548f74e857f9f55be1cf60a9a97464') in 0.149876 seconds
Number of updated asset objects reloaded before import = 0
Number of asset objects unloaded after import = 1800
========================================================================
Received Import Request.
  Time since last request: 6.003649 seconds.
  path: Assets/0_Source/gfx/HealthBar.png
  artifactKey: Guid(f6f790222f42791499d0ac629c9a9397) Importer(815301076,1909f56bfc062723c751e8b465ee728b)
Start importing Assets/0_Source/gfx/HealthBar.png using Guid(f6f790222f42791499d0ac629c9a9397) Importer(815301076,1909f56bfc062723c751e8b465ee728b)  -> (artifact id: 'cea5b4dda435a3a099193e14ac8ca158') in 0.305671 seconds
Number of updated asset objects reloaded before import = 0
Number of asset objects unloaded after import = 94
========================================================================
Received Import Request.
  Time since last request: 26.075606 seconds.
  path: Assets/0_Source/gfx/HealthBar.png
  artifactKey: Guid(f6f790222f42791499d0ac629c9a9397) Importer(815301076,1909f56bfc062723c751e8b465ee728b)
Start importing Assets/0_Source/gfx/HealthBar.png using Guid(f6f790222f42791499d0ac629c9a9397) Importer(815301076,1909f56bfc062723c751e8b465ee728b)  -> (artifact id: 'cfe5090575436830ad2ce83392f9e3f7') in 0.263759 seconds
Number of updated asset objects reloaded before import = 0
Number of asset objects unloaded after import = 142
========================================================================
Received Import Request.
  Time since last request: 283.210106 seconds.
  path: Assets/1_Script/SignalListener.cs
  artifactKey: Guid(e30624e735338d843b4c9215b79271db) Importer(815301076,1909f56bfc062723c751e8b465ee728b)
Start importing Assets/1_Script/SignalListener.cs using Guid(e30624e735338d843b4c9215b79271db) Importer(815301076,1909f56bfc062723c751e8b465ee728b)  -> (artifact id: 'cc743a5f5593e38067ef6fd883ec3c87') in 0.000639 seconds
Number of updated asset objects reloaded before import = 0
Number of asset objects unloaded after import = 0
========================================================================
Received Prepare
Begin MonoManager ReloadAssembly
- Loaded All Assemblies, in  0.578 seconds
Refreshing native plugins compatible for Editor in 4.47 ms, found 4 plugins.
Native extension for WindowsStandalone target not found
Native extension for WebGL target not found
[Package Manager] Server::EnsureServerProcessIsRunning -- launch failed, reason: Unity was launched with the -noUpm command-line argument
[Package Manager] UpmClient::Send -- Unable to send message (not connected to UPM process).
[Package Manager] Cannot connect to Unity Package Manager local server
Mono: successfully reloaded assembly
- Finished resetting the current domain, in  1.187 seconds
Domain Reload Profiling: 1764ms
	BeginReloadAssembly (229ms)
		ExecutionOrderSort (0ms)
		DisableScriptedObjects (17ms)
		BackupInstance (0ms)
		ReleaseScriptingObjects (0ms)
		CreateAndSetChildDomain (92ms)
	RebuildCommonClasses (29ms)
	RebuildNativeTypeToScriptingClass (10ms)
	initialDomainReloadingComplete (27ms)
	LoadAllAssembliesAndSetupDomain (282ms)
		LoadAssemblies (333ms)
		RebuildTransferFunctionScriptingTraits (0ms)
		AnalyzeDomain (33ms)
			TypeCache.Refresh (10ms)
				TypeCache.ScanAssembly (1ms)
			ScanForSourceGeneratedMonoScriptInfo (13ms)
			ResolveRequiredComponents (8ms)
	FinalizeReload (1187ms)
		ReleaseScriptCaches (0ms)
		RebuildScriptCaches (0ms)
		SetupLoadedEditorAssemblies (615ms)
			LogAssemblyErrors (0ms)
			InitializePlatformSupportModulesInManaged (5ms)
			SetLoadedEditorAssemblies (3ms)
			RefreshPlugins (0ms)
			BeforeProcessingInitializeOnLoad (71ms)
			ProcessInitializeOnLoadAttributes (502ms)
			ProcessInitializeOnLoadMethodAttributes (31ms)
			AfterProcessingInitializeOnLoad (2ms)
			EditorAssembliesLoaded (0ms)
		ExecutionOrderSort2 (0ms)
		AwakeInstancesAfterBackupRestoration (14ms)
Refreshing native plugins compatible for Editor in 4.28 ms, found 4 plugins.
Preloading 0 native plugins for Editor in 0.00 ms.
Unloading 4436 Unused Serialized files (Serialized files now loaded: 0)
Unloading 43 unused Assets / (218.6 KB). Loaded Objects now: 5036.
Memory consumption went from 165.9 MB to 165.7 MB.
Total: 5.129800 ms (FindLiveObjects: 0.362200 ms CreateObjectMapping: 0.219600 ms MarkObjects: 4.369900 ms  DeleteObjects: 0.176800 ms)

Prepare: number of updated asset objects reloaded= 0
AssetImportParameters requested are different than current active one (requested -> active):
  custom:container-demuxer-ogg: 62fdf1f143b41e24485cea50d1cbac27 -> 
  custom:video-codec-MediaFoundation-h265: 746d11721c4dcdbdad8f713fa42b33f4 -> 
  custom:video-decoder-ogg-theora: a1e56fd34408186e4bbccfd4996cb3dc -> 
  custom:framework-win-MediaFoundation: 216162199b28c13a410421893ffa2e32 -> 
  custom:CustomObjectIndexerAttribute: 6d391050e5a25f67b0a2c618074f2cd9 -> 
  custom:container-demuxer-webm: 4f35f7cbe854078d1ac9338744f61a02 -> 
  custom:container-muxer-webm: aa71ff27fc2769a1b78a27578f13a17b -> 
  custom:video-decoder-webm-vp8: 9c59270c3fd7afecdb556c50c9e8de78 -> 
  custom:SearchIndexIgnoredProperties: e643bd26f0fe6173181afceb89e7c659 -> 
  custom:AudioImporter_EditorPlatform: d09bf68614088b80899f8185d706f6e7 -> 
  custom:video-encoder-webm-vp8: eb34c28f22e8b96e1ab97ce403110664 -> 
  custom:audio-decoder-ogg-vorbis: bf7c407c2cedff20999df2af8eb42d56 -> 
  custom:audio-encoder-webm-vorbis: bf7c407c2cedff20999df2af8eb42d56 -> 
  custom:scripting/monoscript/fileName/Sigal.cs: 44bfb6ecc878e2d650514f93c8109f77 -> 
========================================================================
Received Import Request.
  Time since last request: 1425.539342 seconds.
  path: Assets/1_ScriptableObjects/New Signal.signal
  artifactKey: Guid(879005044d5f2d64c900056c8b14dd53) Importer(815301076,1909f56bfc062723c751e8b465ee728b)
Start importing Assets/1_ScriptableObjects/New Signal.signal using Guid(879005044d5f2d64c900056c8b14dd53) Importer(815301076,1909f56bfc062723c751e8b465ee728b)  -> (artifact id: 'b62a1d9c2aa46a2bed73711d55f2cc07') in 0.013094 seconds
Number of updated asset objects reloaded before import = 0
Number of asset objects unloaded after import = 1
========================================================================
Received Import Request.
  Time since last request: 47.341220 seconds.
  path: Assets/0_Source/sprite_atlas.spriteatlasv2
  artifactKey: Guid(47ae7955b67dda84091b7ba2d6e7fbff) Importer(815301076,1909f56bfc062723c751e8b465ee728b)
Start importing Assets/0_Source/sprite_atlas.spriteatlasv2 using Guid(47ae7955b67dda84091b7ba2d6e7fbff) Importer(815301076,1909f56bfc062723c751e8b465ee728b)  -> (artifact id: '0aed3ee31f31f8c43ed6571e1efcb992') in 0.002115 seconds
Number of updated asset objects reloaded before import = 0
Number of asset objects unloaded after import = 2
========================================================================
Received Prepare
Begin MonoManager ReloadAssembly
- Loaded All Assemblies, in  0.410 seconds
Refreshing native plugins compatible for Editor in 3.41 ms, found 4 plugins.
Native extension for WindowsStandalone target not found
Native extension for WebGL target not found
[Package Manager] Server::EnsureServerProcessIsRunning -- launch failed, reason: Unity was launched with the -noUpm command-line argument
[Package Manager] UpmClient::Send -- Unable to send message (not connected to UPM process).
[Package Manager] Cannot connect to Unity Package Manager local server
Mono: successfully reloaded assembly
- Finished resetting the current domain, in  1.151 seconds
Domain Reload Profiling: 1559ms
	BeginReloadAssembly (152ms)
		ExecutionOrderSort (0ms)
		DisableScriptedObjects (10ms)
		BackupInstance (0ms)
		ReleaseScriptingObjects (0ms)
		CreateAndSetChildDomain (40ms)
	RebuildCommonClasses (30ms)
	RebuildNativeTypeToScriptingClass (8ms)
	initialDomainReloadingComplete (19ms)
	LoadAllAssembliesAndSetupDomain (199ms)
		LoadAssemblies (260ms)
		RebuildTransferFunctionScriptingTraits (0ms)
		AnalyzeDomain (12ms)
			TypeCache.Refresh (6ms)
				TypeCache.ScanAssembly (0ms)
			ScanForSourceGeneratedMonoScriptInfo (0ms)
			ResolveRequiredComponents (5ms)
	FinalizeReload (1151ms)
		ReleaseScriptCaches (0ms)
		RebuildScriptCaches (0ms)
		SetupLoadedEditorAssemblies (629ms)
			LogAssemblyErrors (0ms)
			InitializePlatformSupportModulesInManaged (6ms)
			SetLoadedEditorAssemblies (4ms)
			RefreshPlugins (0ms)
			BeforeProcessingInitializeOnLoad (68ms)
			ProcessInitializeOnLoadAttributes (516ms)
			ProcessInitializeOnLoadMethodAttributes (33ms)
			AfterProcessingInitializeOnLoad (2ms)
			EditorAssembliesLoaded (0ms)
		ExecutionOrderSort2 (0ms)
		AwakeInstancesAfterBackupRestoration (17ms)
Refreshing native plugins compatible for Editor in 5.25 ms, found 4 plugins.
Preloading 0 native plugins for Editor in 0.00 ms.
Unloading 4436 Unused Serialized files (Serialized files now loaded: 0)
Unloading 43 unused Assets / (217.4 KB). Loaded Objects now: 5040.
Memory consumption went from 167.8 MB to 167.6 MB.
Total: 4.153700 ms (FindLiveObjects: 0.325200 ms CreateObjectMapping: 0.223700 ms MarkObjects: 3.417800 ms  DeleteObjects: 0.186300 ms)

Prepare: number of updated asset objects reloaded= 0
AssetImportParameters requested are different than current active one (requested -> active):
  custom:container-demuxer-ogg: 62fdf1f143b41e24485cea50d1cbac27 -> 
  custom:video-codec-MediaFoundation-h265: 746d11721c4dcdbdad8f713fa42b33f4 -> 
  custom:video-decoder-ogg-theora: a1e56fd34408186e4bbccfd4996cb3dc -> 
  custom:framework-win-MediaFoundation: 216162199b28c13a410421893ffa2e32 -> 
  custom:CustomObjectIndexerAttribute: 6d391050e5a25f67b0a2c618074f2cd9 -> 
  custom:container-demuxer-webm: 4f35f7cbe854078d1ac9338744f61a02 -> 
  custom:container-muxer-webm: aa71ff27fc2769a1b78a27578f13a17b -> 
  custom:video-decoder-webm-vp8: 9c59270c3fd7afecdb556c50c9e8de78 -> 
  custom:SearchIndexIgnoredProperties: e643bd26f0fe6173181afceb89e7c659 -> 
  custom:AudioImporter_EditorPlatform: d09bf68614088b80899f8185d706f6e7 -> 
  custom:video-encoder-webm-vp8: eb34c28f22e8b96e1ab97ce403110664 -> 
  custom:audio-decoder-ogg-vorbis: bf7c407c2cedff20999df2af8eb42d56 -> 
  custom:audio-encoder-webm-vorbis: bf7c407c2cedff20999df2af8eb42d56 -> 
  custom:scripting/monoscript/fileName/Sigal.cs: 44bfb6ecc878e2d650514f93c8109f77 -> 
========================================================================
Received Prepare
Begin MonoManager ReloadAssembly
- Loaded All Assemblies, in  0.395 seconds
Refreshing native plugins compatible for Editor in 4.28 ms, found 4 plugins.
Native extension for WindowsStandalone target not found
Native extension for WebGL target not found
[Package Manager] Server::EnsureServerProcessIsRunning -- launch failed, reason: Unity was launched with the -noUpm command-line argument
[Package Manager] UpmClient::Send -- Unable to send message (not connected to UPM process).
[Package Manager] Cannot connect to Unity Package Manager local server
Mono: successfully reloaded assembly
- Finished resetting the current domain, in  0.984 seconds
Domain Reload Profiling: 1377ms
	BeginReloadAssembly (148ms)
		ExecutionOrderSort (0ms)
		DisableScriptedObjects (8ms)
		BackupInstance (0ms)
		ReleaseScriptingObjects (0ms)
		CreateAndSetChildDomain (46ms)
	RebuildCommonClasses (27ms)
	RebuildNativeTypeToScriptingClass (9ms)
	initialDomainReloadingComplete (22ms)
	LoadAllAssembliesAndSetupDomain (187ms)
		LoadAssemblies (231ms)
		RebuildTransferFunctionScriptingTraits (0ms)
		AnalyzeDomain (23ms)
			TypeCache.Refresh (8ms)
				TypeCache.ScanAssembly (1ms)
			ScanForSourceGeneratedMonoScriptInfo (11ms)
			ResolveRequiredComponents (4ms)
	FinalizeReload (984ms)
		ReleaseScriptCaches (0ms)
		RebuildScriptCaches (0ms)
		SetupLoadedEditorAssemblies (539ms)
			LogAssemblyErrors (0ms)
			InitializePlatformSupportModulesInManaged (4ms)
			SetLoadedEditorAssemblies (3ms)
			RefreshPlugins (0ms)
			BeforeProcessingInitializeOnLoad (62ms)
			ProcessInitializeOnLoadAttributes (441ms)
			ProcessInitializeOnLoadMethodAttributes (27ms)
			AfterProcessingInitializeOnLoad (2ms)
			EditorAssembliesLoaded (0ms)
		ExecutionOrderSort2 (0ms)
		AwakeInstancesAfterBackupRestoration (11ms)
Refreshing native plugins compatible for Editor in 3.62 ms, found 4 plugins.
Preloading 0 native plugins for Editor in 0.00 ms.
Unloading 4437 Unused Serialized files (Serialized files now loaded: 0)
Unloading 43 unused Assets / (217.5 KB). Loaded Objects now: 5044.
Memory consumption went from 170.0 MB to 169.8 MB.
Total: 4.348600 ms (FindLiveObjects: 0.311700 ms CreateObjectMapping: 0.446900 ms MarkObjects: 3.427900 ms  DeleteObjects: 0.161500 ms)

Prepare: number of updated asset objects reloaded= 0
AssetImportParameters requested are different than current active one (requested -> active):
  custom:container-demuxer-ogg: 62fdf1f143b41e24485cea50d1cbac27 -> 
  custom:video-codec-MediaFoundation-h265: 746d11721c4dcdbdad8f713fa42b33f4 -> 
  custom:video-decoder-ogg-theora: a1e56fd34408186e4bbccfd4996cb3dc -> 
  custom:framework-win-MediaFoundation: 216162199b28c13a410421893ffa2e32 -> 
  custom:CustomObjectIndexerAttribute: 6d391050e5a25f67b0a2c618074f2cd9 -> 
  custom:container-demuxer-webm: 4f35f7cbe854078d1ac9338744f61a02 -> 
  custom:container-muxer-webm: aa71ff27fc2769a1b78a27578f13a17b -> 
  custom:video-decoder-webm-vp8: 9c59270c3fd7afecdb556c50c9e8de78 -> 
  custom:SearchIndexIgnoredProperties: e643bd26f0fe6173181afceb89e7c659 -> 
  custom:AudioImporter_EditorPlatform: d09bf68614088b80899f8185d706f6e7 -> 
  custom:video-encoder-webm-vp8: eb34c28f22e8b96e1ab97ce403110664 -> 
  custom:audio-decoder-ogg-vorbis: bf7c407c2cedff20999df2af8eb42d56 -> 
  custom:audio-encoder-webm-vorbis: bf7c407c2cedff20999df2af8eb42d56 -> 
  custom:scripting/monoscript/fileName/Sigal.cs: 44bfb6ecc878e2d650514f93c8109f77 -> 
========================================================================
Received Import Request.
  Time since last request: 637.763824 seconds.
  path: Assets/1_ScriptableObjects/Signal_.asset
  artifactKey: Guid(896ed944bd464ea42baa8ac77d3b6910) Importer(815301076,1909f56bfc062723c751e8b465ee728b)
Start importing Assets/1_ScriptableObjects/Signal_.asset using Guid(896ed944bd464ea42baa8ac77d3b6910) Importer(815301076,1909f56bfc062723c751e8b465ee728b)  -> (artifact id: 'd6807426bfafb83ee61b9a971124ce27') in 0.008819 seconds
Number of updated asset objects reloaded before import = 0
Number of asset objects unloaded after import = 1
========================================================================
Received Import Request.
  Time since last request: 11.656800 seconds.
  path: Assets/1_ScriptableObjects/HealthSignal.asset
  artifactKey: Guid(896ed944bd464ea42baa8ac77d3b6910) Importer(815301076,1909f56bfc062723c751e8b465ee728b)
Start importing Assets/1_ScriptableObjects/HealthSignal.asset using Guid(896ed944bd464ea42baa8ac77d3b6910) Importer(815301076,1909f56bfc062723c751e8b465ee728b)  -> (artifact id: '0edafa218f96f73592af77964671a9f8') in 0.001060 seconds
Number of updated asset objects reloaded before import = 0
Number of asset objects unloaded after import = 1
========================================================================
Received Import Request.
  Time since last request: 621.269167 seconds.
  path: Assets/0_Source/gfx/objects.png
  artifactKey: Guid(2ea2f9aae3d85754cb039cbee5ec537c) Importer(815301076,1909f56bfc062723c751e8b465ee728b)
Start importing Assets/0_Source/gfx/objects.png using Guid(2ea2f9aae3d85754cb039cbee5ec537c) Importer(815301076,1909f56bfc062723c751e8b465ee728b) Invalid sprite atlas asset encountered when matching atlas for sprite objects_0. Please repack all your sprite atlases.
Invalid sprite atlas asset encountered when matching atlas for sprite objects_1. Please repack all your sprite atlases.
Invalid sprite atlas asset encountered when matching atlas for sprite objects_2. Please repack all your sprite atlases.
Invalid sprite atlas asset encountered when matching atlas for sprite objects_3. Please repack all your sprite atlases.
Invalid sprite atlas asset encountered when matching atlas for sprite objects_4. Please repack all your sprite atlases.
Invalid sprite atlas asset encountered when matching atlas for sprite objects_5. Please repack all your sprite atlases.
Invalid sprite atlas asset encountered when matching atlas for sprite objects_6. Please repack all your sprite atlases.
Invalid sprite atlas asset encountered when matching atlas for sprite objects_7. Please repack all your sprite atlases.
Invalid sprite atlas asset encountered when matching atlas for sprite objects_8. Please repack all your sprite atlases.
Invalid sprite atlas asset encountered when matching atlas for sprite objects_9. Please repack all your sprite atlases.
Invalid sprite atlas asset encountered when matching atlas for sprite objects_10. Please repack all your sprite atlases.
Invalid sprite atlas asset encountered when matching atlas for sprite objects_11. Please repack all your sprite atlases.
Invalid sprite atlas asset encountered when matching atlas for sprite objects_12. Please repack all your sprite atlases.
Invalid sprite atlas asset encountered when matching atlas for sprite objects_13. Please repack all your sprite atlases.
Invalid sprite atlas asset encountered when matching atlas for sprite objects_14. Please repack all your sprite atlases.
Invalid sprite atlas asset encountered when matching atlas for sprite objects_15. Please repack all your sprite atlases.
Invalid sprite atlas asset encountered when matching atlas for sprite objects_16. Please repack all your sprite atlases.
Invalid sprite atlas asset encountered when matching atlas for sprite objects_17. Please repack all your sprite atlases.
Invalid sprite atlas asset encountered when matching atlas for sprite objects_18. Please repack all your sprite atlases.
Invalid sprite atlas asset encountered when matching atlas for sprite objects_19. Please repack all your sprite atlases.
Invalid sprite atlas asset encountered when matching atlas for sprite objects_20. Please repack all your sprite atlases.
Invalid sprite atlas asset encountered when matching atlas for sprite objects_21. Please repack all your sprite atlases.
Invalid sprite atlas asset encountered when matching atlas for sprite objects_22. Please repack all your sprite atlases.
Invalid sprite atlas asset encountered when matching atlas for sprite objects_23. Please repack all your sprite atlases.
Invalid sprite atlas asset encountered when matching atlas for sprite objects_24. Please repack all your sprite atlases.
Invalid sprite atlas asset encountered when matching atlas for sprite objects_25. Please repack all your sprite atlases.
Invalid sprite atlas asset encountered when matching atlas for sprite objects_26. Please repack all your sprite atlases.
Invalid sprite atlas asset encountered when matching atlas for sprite objects_27. Please repack all your sprite atlases.
Invalid sprite atlas asset encountered when matching atlas for sprite objects_28. Please repack all your sprite atlases.
Invalid sprite atlas asset encountered when matching atlas for sprite objects_29. Please repack all your sprite atlases.
Invalid sprite atlas asset encountered when matching atlas for sprite objects_30. Please repack all your sprite atlases.
Invalid sprite atlas asset encountered when matching atlas for sprite objects_31. Please repack all your sprite atlases.
Invalid sprite atlas asset encountered when matching atlas for sprite objects_32. Please repack all your sprite atlases.
Invalid sprite atlas asset encountered when matching atlas for sprite objects_33. Please repack all your sprite atlases.
Invalid sprite atlas asset encountered when matching atlas for sprite objects_34. Please repack all your sprite atlases.
Invalid sprite atlas asset encountered when matching atlas for sprite objects_35. Please repack all your sprite atlases.
Invalid sprite atlas asset encountered when matching atlas for sprite objects_36. Please repack all your sprite atlases.
Invalid sprite atlas asset encountered when matching atlas for sprite objects_37. Please repack all your sprite atlases.
Invalid sprite atlas asset encountered when matching atlas for sprite objects_38. Please repack all your sprite atlases.
Invalid sprite atlas asset encountered when matching atlas for sprite objects_39. Please repack all your sprite atlases.
Invalid sprite atlas asset encountered when matching atlas for sprite objects_40. Please repack all your sprite atlases.
Invalid sprite atlas asset encountered when matching atlas for sprite objects_41. Please repack all your sprite atlases.
Invalid sprite atlas asset encountered when matching atlas for sprite objects_42. Please repack all your sprite atlases.
Invalid sprite atlas asset encountered when matching atlas for sprite objects_43. Please repack all your sprite atlases.
Invalid sprite atlas asset encountered when matching atlas for sprite objects_44. Please repack all your sprite atlases.
Invalid sprite atlas asset encountered when matching atlas for sprite objects_45. Please repack all your sprite atlases.
Invalid sprite atlas asset encountered when matching atlas for sprite objects_46. Please repack all your sprite atlases.
Invalid sprite atlas asset encountered when matching atlas for sprite objects_47. Please repack all your sprite atlases.
Invalid sprite atlas asset encountered when matching atlas for sprite objects_48. Please repack all your sprite atlases.
Invalid sprite atlas asset encountered when matching atlas for sprite objects_49. Please repack all your sprite atlases.
Invalid sprite atlas asset encountered when matching atlas for sprite objects_50. Please repack all your sprite atlases.
Invalid sprite atlas asset encountered when matching atlas for sprite objects_51. Please repack all your sprite atlases.
Invalid sprite atlas asset encountered when matching atlas for sprite objects_52. Please repack all your sprite atlases.
Invalid sprite atlas asset encountered when matching atlas for sprite objects_53. Please repack all your sprite atlases.
Invalid sprite atlas asset encountered when matching atlas for sprite objects_54. Please repack all your sprite atlases.
Invalid sprite atlas asset encountered when matching atlas for sprite objects_55. Please repack all your sprite atlases.
Invalid sprite atlas asset encountered when matching atlas for sprite objects_56. Please repack all your sprite atlases.
Invalid sprite atlas asset encountered when matching atlas for sprite objects_57. Please repack all your sprite atlases.
Invalid sprite atlas asset encountered when matching atlas for sprite objects_58. Please repack all your sprite atlases.
Invalid sprite atlas asset encountered when matching atlas for sprite objects_59. Please repack all your sprite atlases.
Invalid sprite atlas asset encountered when matching atlas for sprite objects_60. Please repack all your sprite atlases.
Invalid sprite atlas asset encountered when matching atlas for sprite objects_61. Please repack all your sprite atlases.
Invalid sprite atlas asset encountered when matching atlas for sprite objects_62. Please repack all your sprite atlases.
Invalid sprite atlas asset encountered when matching atlas for sprite objects_63. Please repack all your sprite atlases.
Invalid sprite atlas asset encountered when matching atlas for sprite objects_64. Please repack all your sprite atlases.
Invalid sprite atlas asset encountered when matching atlas for sprite objects_65. Please repack all your sprite atlases.
Invalid sprite atlas asset encountered when matching atlas for sprite objects_66. Please repack all your sprite atlases.
Invalid sprite atlas asset encountered when matching atlas for sprite objects_67. Please repack all your sprite atlases.
Invalid sprite atlas asset encountered when matching atlas for sprite objects_68. Please repack all your sprite atlases.
Invalid sprite atlas asset encountered when matching atlas for sprite objects_69. Please repack all your sprite atlases.
Invalid sprite atlas asset encountered when matching atlas for sprite objects_70. Please repack all your sprite atlases.
Invalid sprite atlas asset encountered when matching atlas for sprite objects_71. Please repack all your sprite atlases.
Invalid sprite atlas asset encountered when matching atlas for sprite objects_72. Please repack all your sprite atlases.
Invalid sprite atlas asset encountered when matching atlas for sprite objects_73. Please repack all your sprite atlases.
Invalid sprite atlas asset encountered when matching atlas for sprite objects_74. Please repack all your sprite atlases.
Invalid sprite atlas asset encountered when matching atlas for sprite objects_75. Please repack all your sprite atlases.
Invalid sprite atlas asset encountered when matching atlas for sprite objects_76. Please repack all your sprite atlases.
Invalid sprite atlas asset encountered when matching atlas for sprite objects_77. Please repack all your sprite atlases.
Invalid sprite atlas asset encountered when matching atlas for sprite objects_78. Please repack all your sprite atlases.
Invalid sprite atlas asset encountered when matching atlas for sprite objects_79. Please repack all your sprite atlases.
Invalid sprite atlas asset encountered when matching atlas for sprite objects_80. Please repack all your sprite atlases.
Invalid sprite atlas asset encountered when matching atlas for sprite objects_81. Please repack all your sprite atlases.
Invalid sprite atlas asset encountered when matching atlas for sprite objects_82. Please repack all your sprite atlases.
Invalid sprite atlas asset encountered when matching atlas for sprite objects_83. Please repack all your sprite atlases.
Invalid sprite atlas asset encountered when matching atlas for sprite objects_84. Please repack all your sprite atlases.
Invalid sprite atlas asset encountered when matching atlas for sprite objects_85. Please repack all your sprite atlases.
Invalid sprite atlas asset encountered when matching atlas for sprite objects_86. Please repack all your sprite atlases.
Invalid sprite atlas asset encountered when matching atlas for sprite objects_87. Please repack all your sprite atlases.
Invalid sprite atlas asset encountered when matching atlas for sprite objects_88. Please repack all your sprite atlases.
Invalid sprite atlas asset encountered when matching atlas for sprite objects_89. Please repack all your sprite atlases.
Invalid sprite atlas asset encountered when matching atlas for sprite objects_90. Please repack all your sprite atlases.
Invalid sprite atlas asset encountered when matching atlas for sprite objects_91. Please repack all your sprite atlases.
 -> (artifact id: '3ee8a9719496393ba14498543c8c5cef') in 0.182592 seconds
Number of updated asset objects reloaded before import = 0
Number of asset objects unloaded after import = 94
========================================================================
Received Import Request.
  Time since last request: 1705.608391 seconds.
  path: Assets/0_Source/gfx/objects 1.png
  artifactKey: Guid(c06e44c447f89a94f8727a06ef1c695d) Importer(815301076,1909f56bfc062723c751e8b465ee728b)
Start importing Assets/0_Source/gfx/objects 1.png using Guid(c06e44c447f89a94f8727a06ef1c695d) Importer(815301076,1909f56bfc062723c751e8b465ee728b)  -> (artifact id: 'ee711c86ca5e43e3270ae09548666025') in 0.339105 seconds
Number of updated asset objects reloaded before import = 0
Number of asset objects unloaded after import = 94
========================================================================
Received Import Request.
  Time since last request: 3.599516 seconds.
  path: Assets/0_Source/gfx/heart.png
  artifactKey: Guid(c06e44c447f89a94f8727a06ef1c695d) Importer(815301076,1909f56bfc062723c751e8b465ee728b)
Start importing Assets/0_Source/gfx/heart.png using Guid(c06e44c447f89a94f8727a06ef1c695d) Importer(815301076,1909f56bfc062723c751e8b465ee728b)  -> (artifact id: '450f48b973bdd61feb2317fdd3fb0db1') in 0.127632 seconds
Number of updated asset objects reloaded before import = 0
Number of asset objects unloaded after import = 94
========================================================================
Received Import Request.
  Time since last request: 12.156287 seconds.
  path: Assets/0_Source/gfx/heart.png
  artifactKey: Guid(c06e44c447f89a94f8727a06ef1c695d) Importer(815301076,1909f56bfc062723c751e8b465ee728b)
Start importing Assets/0_Source/gfx/heart.png using Guid(c06e44c447f89a94f8727a06ef1c695d) Importer(815301076,1909f56bfc062723c751e8b465ee728b)  -> (artifact id: '27b63c6cc2bc6ebec6505b16ae54997a') in 0.480262 seconds
Number of updated asset objects reloaded before import = 0
Number of asset objects unloaded after import = 333
========================================================================
Received Import Request.
  Time since last request: 228.715222 seconds.
  path: Assets/1_ScriptableObjects/PlayerHealth.asset
  artifactKey: Guid(195d3e5625593b643a2624059557e183) Importer(815301076,1909f56bfc062723c751e8b465ee728b)
Start importing Assets/1_ScriptableObjects/PlayerHealth.asset using Guid(195d3e5625593b643a2624059557e183) Importer(815301076,1909f56bfc062723c751e8b465ee728b)  -> (artifact id: 'b268decafd34987b70307e3b88754ac1') in 0.001362 seconds
Number of updated asset objects reloaded before import = 0
Number of asset objects unloaded after import = 1
========================================================================
Received Import Request.
  Time since last request: 13.300043 seconds.
  path: Assets/1_ScriptableObjects/HeartContainers.asset
  artifactKey: Guid(e6cdcf98e4fabbd42ba6242d26bc49df) Importer(815301076,1909f56bfc062723c751e8b465ee728b)
Start importing Assets/1_ScriptableObjects/HeartContainers.asset using Guid(e6cdcf98e4fabbd42ba6242d26bc49df) Importer(815301076,1909f56bfc062723c751e8b465ee728b)  -> (artifact id: '45bd31800f03675e3371b956f9531ab7') in 0.000854 seconds
Number of updated asset objects reloaded before import = 0
Number of asset objects unloaded after import = 1
========================================================================
Received Import Request.
  Time since last request: 15.373914 seconds.
  path: Assets/1_ScriptableObjects/PlayerHealth.asset
  artifactKey: Guid(195d3e5625593b643a2624059557e183) Importer(815301076,1909f56bfc062723c751e8b465ee728b)
Start importing Assets/1_ScriptableObjects/PlayerHealth.asset using Guid(195d3e5625593b643a2624059557e183) Importer(815301076,1909f56bfc062723c751e8b465ee728b)  -> (artifact id: 'ef391228f602b980fec94e7aa90e16ca') in 0.000962 seconds
Number of updated asset objects reloaded before import = 0
Number of asset objects unloaded after import = 1
========================================================================
Received Prepare
Begin MonoManager ReloadAssembly
- Loaded All Assemblies, in  0.469 seconds
Refreshing native plugins compatible for Editor in 3.39 ms, found 4 plugins.
Native extension for WindowsStandalone target not found
Native extension for WebGL target not found
[Package Manager] Server::EnsureServerProcessIsRunning -- launch failed, reason: Unity was launched with the -noUpm command-line argument
[Package Manager] UpmClient::Send -- Unable to send message (not connected to UPM process).
[Package Manager] Cannot connect to Unity Package Manager local server
Mono: successfully reloaded assembly
- Finished resetting the current domain, in  1.057 seconds
Domain Reload Profiling: 1525ms
	BeginReloadAssembly (160ms)
		ExecutionOrderSort (0ms)
		DisableScriptedObjects (11ms)
		BackupInstance (0ms)
		ReleaseScriptingObjects (0ms)
		CreateAndSetChildDomain (53ms)
	RebuildCommonClasses (35ms)
	RebuildNativeTypeToScriptingClass (13ms)
	initialDomainReloadingComplete (26ms)
	LoadAllAssembliesAndSetupDomain (234ms)
		LoadAssemblies (275ms)
		RebuildTransferFunctionScriptingTraits (0ms)
		AnalyzeDomain (29ms)
			TypeCache.Refresh (9ms)
				TypeCache.ScanAssembly (1ms)
			ScanForSourceGeneratedMonoScriptInfo (13ms)
			ResolveRequiredComponents (6ms)
	FinalizeReload (1058ms)
		ReleaseScriptCaches (0ms)
		RebuildScriptCaches (0ms)
		SetupLoadedEditorAssemblies (563ms)
			LogAssemblyErrors (0ms)
			InitializePlatformSupportModulesInManaged (4ms)
			SetLoadedEditorAssemblies (4ms)
			RefreshPlugins (0ms)
			BeforeProcessingInitializeOnLoad (64ms)
			ProcessInitializeOnLoadAttributes (454ms)
			ProcessInitializeOnLoadMethodAttributes (34ms)
			AfterProcessingInitializeOnLoad (2ms)
			EditorAssembliesLoaded (0ms)
		ExecutionOrderSort2 (0ms)
		AwakeInstancesAfterBackupRestoration (14ms)
Refreshing native plugins compatible for Editor in 5.61 ms, found 4 plugins.
Preloading 0 native plugins for Editor in 0.00 ms.
Unloading 4436 Unused Serialized files (Serialized files now loaded: 0)
Unloading 43 unused Assets / (217.5 KB). Loaded Objects now: 5048.
Memory consumption went from 171.8 MB to 171.5 MB.
Total: 5.458700 ms (FindLiveObjects: 0.360300 ms CreateObjectMapping: 0.221200 ms MarkObjects: 4.655800 ms  DeleteObjects: 0.220300 ms)

Prepare: number of updated asset objects reloaded= 0
AssetImportParameters requested are different than current active one (requested -> active):
  custom:container-demuxer-ogg: 62fdf1f143b41e24485cea50d1cbac27 -> 
  custom:video-codec-MediaFoundation-h265: 746d11721c4dcdbdad8f713fa42b33f4 -> 
  custom:video-decoder-ogg-theora: a1e56fd34408186e4bbccfd4996cb3dc -> 
  custom:framework-win-MediaFoundation: 216162199b28c13a410421893ffa2e32 -> 
  custom:CustomObjectIndexerAttribute: 6d391050e5a25f67b0a2c618074f2cd9 -> 
  custom:container-demuxer-webm: 4f35f7cbe854078d1ac9338744f61a02 -> 
  custom:container-muxer-webm: aa71ff27fc2769a1b78a27578f13a17b -> 
  custom:video-decoder-webm-vp8: 9c59270c3fd7afecdb556c50c9e8de78 -> 
  custom:SearchIndexIgnoredProperties: e643bd26f0fe6173181afceb89e7c659 -> 
  custom:AudioImporter_EditorPlatform: d09bf68614088b80899f8185d706f6e7 -> 
  custom:video-encoder-webm-vp8: eb34c28f22e8b96e1ab97ce403110664 -> 
  custom:audio-decoder-ogg-vorbis: bf7c407c2cedff20999df2af8eb42d56 -> 
  custom:audio-encoder-webm-vorbis: bf7c407c2cedff20999df2af8eb42d56 -> 
  custom:scripting/monoscript/fileName/Sigal.cs: 44bfb6ecc878e2d650514f93c8109f77 -> 
========================================================================
Received Import Request.
  Time since last request: 171.061149 seconds.
  path: Assets/1_Script/PlayerMovement.cs
  artifactKey: Guid(a79c5fa846621594597ed8c4a97814db) Importer(815301076,1909f56bfc062723c751e8b465ee728b)
Start importing Assets/1_Script/PlayerMovement.cs using Guid(a79c5fa846621594597ed8c4a97814db) Importer(815301076,1909f56bfc062723c751e8b465ee728b)  -> (artifact id: '67317ca5b2091bee7495c077b87bee6e') in 0.003604 seconds
Number of updated asset objects reloaded before import = 0
Number of asset objects unloaded after import = 0
========================================================================
Received Import Request.
  Time since last request: 1.160599 seconds.
  path: Assets/1_Script/Knockback.cs
  artifactKey: Guid(c0b0e8d4b7daf8e428b6e33916f5123e) Importer(815301076,1909f56bfc062723c751e8b465ee728b)
Start importing Assets/1_Script/Knockback.cs using Guid(c0b0e8d4b7daf8e428b6e33916f5123e) Importer(815301076,1909f56bfc062723c751e8b465ee728b)  -> (artifact id: '49d9fd76e4295cf86d65a39fd8ad4521') in 0.000482 seconds
Number of updated asset objects reloaded before import = 0
Number of asset objects unloaded after import = 0
========================================================================
Received Import Request.
  Time since last request: 372.725359 seconds.
  path: Assets/1_Script/Knockback.cs
  artifactKey: Guid(c0b0e8d4b7daf8e428b6e33916f5123e) Importer(815301076,1909f56bfc062723c751e8b465ee728b)
Start importing Assets/1_Script/Knockback.cs using Guid(c0b0e8d4b7daf8e428b6e33916f5123e) Importer(815301076,1909f56bfc062723c751e8b465ee728b)  -> (artifact id: '052b90a02b771973b4041c62bf97af4d') in 0.000979 seconds
Number of updated asset objects reloaded before import = 0
Number of asset objects unloaded after import = 0
========================================================================
Received Prepare
Begin MonoManager ReloadAssembly
- Loaded All Assemblies, in  0.391 seconds
Refreshing native plugins compatible for Editor in 3.73 ms, found 4 plugins.
Native extension for WindowsStandalone target not found
Native extension for WebGL target not found
[Package Manager] Server::EnsureServerProcessIsRunning -- launch failed, reason: Unity was launched with the -noUpm command-line argument
[Package Manager] UpmClient::Send -- Unable to send message (not connected to UPM process).
[Package Manager] Cannot connect to Unity Package Manager local server
Mono: successfully reloaded assembly
- Finished resetting the current domain, in  1.045 seconds
Domain Reload Profiling: 1435ms
	BeginReloadAssembly (140ms)
		ExecutionOrderSort (0ms)
		DisableScriptedObjects (8ms)
		BackupInstance (0ms)
		ReleaseScriptingObjects (0ms)
		CreateAndSetChildDomain (35ms)
	RebuildCommonClasses (30ms)
	RebuildNativeTypeToScriptingClass (12ms)
	initialDomainReloadingComplete (22ms)
	LoadAllAssembliesAndSetupDomain (185ms)
		LoadAssemblies (232ms)
		RebuildTransferFunctionScriptingTraits (0ms)
		AnalyzeDomain (25ms)
			TypeCache.Refresh (8ms)
				TypeCache.ScanAssembly (1ms)
			ScanForSourceGeneratedMonoScriptInfo (12ms)
			ResolveRequiredComponents (4ms)
	FinalizeReload (1045ms)
		ReleaseScriptCaches (0ms)
		RebuildScriptCaches (0ms)
		SetupLoadedEditorAssemblies (576ms)
			LogAssemblyErrors (0ms)
			InitializePlatformSupportModulesInManaged (6ms)
			SetLoadedEditorAssemblies (3ms)
			RefreshPlugins (0ms)
			BeforeProcessingInitializeOnLoad (65ms)
			ProcessInitializeOnLoadAttributes (465ms)
			ProcessInitializeOnLoadMethodAttributes (36ms)
			AfterProcessingInitializeOnLoad (2ms)
			EditorAssembliesLoaded (0ms)
		ExecutionOrderSort2 (0ms)
		AwakeInstancesAfterBackupRestoration (11ms)
Refreshing native plugins compatible for Editor in 4.89 ms, found 4 plugins.
Preloading 0 native plugins for Editor in 0.00 ms.
Unloading 4436 Unused Serialized files (Serialized files now loaded: 0)
Unloading 43 unused Assets / (217.7 KB). Loaded Objects now: 5052.
Memory consumption went from 173.7 MB to 173.5 MB.
Total: 4.900200 ms (FindLiveObjects: 0.326500 ms CreateObjectMapping: 0.242500 ms MarkObjects: 3.964800 ms  DeleteObjects: 0.365400 ms)

Prepare: number of updated asset objects reloaded= 0
AssetImportParameters requested are different than current active one (requested -> active):
  custom:container-demuxer-ogg: 62fdf1f143b41e24485cea50d1cbac27 -> 
  custom:video-codec-MediaFoundation-h265: 746d11721c4dcdbdad8f713fa42b33f4 -> 
  custom:video-decoder-ogg-theora: a1e56fd34408186e4bbccfd4996cb3dc -> 
  custom:framework-win-MediaFoundation: 216162199b28c13a410421893ffa2e32 -> 
  custom:CustomObjectIndexerAttribute: 6d391050e5a25f67b0a2c618074f2cd9 -> 
  custom:container-demuxer-webm: 4f35f7cbe854078d1ac9338744f61a02 -> 
  custom:container-muxer-webm: aa71ff27fc2769a1b78a27578f13a17b -> 
  custom:video-decoder-webm-vp8: 9c59270c3fd7afecdb556c50c9e8de78 -> 
  custom:SearchIndexIgnoredProperties: e643bd26f0fe6173181afceb89e7c659 -> 
  custom:AudioImporter_EditorPlatform: d09bf68614088b80899f8185d706f6e7 -> 
  custom:video-encoder-webm-vp8: eb34c28f22e8b96e1ab97ce403110664 -> 
  custom:audio-decoder-ogg-vorbis: bf7c407c2cedff20999df2af8eb42d56 -> 
  custom:audio-encoder-webm-vorbis: bf7c407c2cedff20999df2af8eb42d56 -> 
  custom:scripting/monoscript/fileName/Sigal.cs: 44bfb6ecc878e2d650514f93c8109f77 -> 
========================================================================
Received Prepare
Begin MonoManager ReloadAssembly
- Loaded All Assemblies, in  0.403 seconds
Refreshing native plugins compatible for Editor in 3.32 ms, found 4 plugins.
Native extension for WindowsStandalone target not found
Native extension for WebGL target not found
[Package Manager] Server::EnsureServerProcessIsRunning -- launch failed, reason: Unity was launched with the -noUpm command-line argument
[Package Manager] UpmClient::Send -- Unable to send message (not connected to UPM process).
[Package Manager] Cannot connect to Unity Package Manager local server
Mono: successfully reloaded assembly
- Finished resetting the current domain, in  0.979 seconds
Domain Reload Profiling: 1380ms
	BeginReloadAssembly (153ms)
		ExecutionOrderSort (0ms)
		DisableScriptedObjects (9ms)
		BackupInstance (0ms)
		ReleaseScriptingObjects (0ms)
		CreateAndSetChildDomain (39ms)
	RebuildCommonClasses (26ms)
	RebuildNativeTypeToScriptingClass (8ms)
	initialDomainReloadingComplete (19ms)
	LoadAllAssembliesAndSetupDomain (195ms)
		LoadAssemblies (245ms)
		RebuildTransferFunctionScriptingTraits (0ms)
		AnalyzeDomain (27ms)
			TypeCache.Refresh (10ms)
				TypeCache.ScanAssembly (1ms)
			ScanForSourceGeneratedMonoScriptInfo (12ms)
			ResolveRequiredComponents (4ms)
	FinalizeReload (979ms)
		ReleaseScriptCaches (0ms)
		RebuildScriptCaches (0ms)
		SetupLoadedEditorAssemblies (526ms)
			LogAssemblyErrors (0ms)
			InitializePlatformSupportModulesInManaged (6ms)
			SetLoadedEditorAssemblies (2ms)
			RefreshPlugins (0ms)
			BeforeProcessingInitializeOnLoad (69ms)
			ProcessInitializeOnLoadAttributes (421ms)
			ProcessInitializeOnLoadMethodAttributes (26ms)
			AfterProcessingInitializeOnLoad (2ms)
			EditorAssembliesLoaded (0ms)
		ExecutionOrderSort2 (0ms)
		AwakeInstancesAfterBackupRestoration (11ms)
Refreshing native plugins compatible for Editor in 3.69 ms, found 4 plugins.
Preloading 0 native plugins for Editor in 0.00 ms.
Unloading 4437 Unused Serialized files (Serialized files now loaded: 0)
Unloading 43 unused Assets / (217.4 KB). Loaded Objects now: 5056.
Memory consumption went from 175.9 MB to 175.7 MB.
Total: 3.512700 ms (FindLiveObjects: 0.301300 ms CreateObjectMapping: 0.187600 ms MarkObjects: 2.862300 ms  DeleteObjects: 0.160900 ms)

Prepare: number of updated asset objects reloaded= 0
AssetImportParameters requested are different than current active one (requested -> active):
  custom:container-demuxer-ogg: 62fdf1f143b41e24485cea50d1cbac27 -> 
  custom:video-codec-MediaFoundation-h265: 746d11721c4dcdbdad8f713fa42b33f4 -> 
  custom:video-decoder-ogg-theora: a1e56fd34408186e4bbccfd4996cb3dc -> 
  custom:framework-win-MediaFoundation: 216162199b28c13a410421893ffa2e32 -> 
  custom:CustomObjectIndexerAttribute: 6d391050e5a25f67b0a2c618074f2cd9 -> 
  custom:container-demuxer-webm: 4f35f7cbe854078d1ac9338744f61a02 -> 
  custom:container-muxer-webm: aa71ff27fc2769a1b78a27578f13a17b -> 
  custom:video-decoder-webm-vp8: 9c59270c3fd7afecdb556c50c9e8de78 -> 
  custom:SearchIndexIgnoredProperties: e643bd26f0fe6173181afceb89e7c659 -> 
  custom:AudioImporter_EditorPlatform: d09bf68614088b80899f8185d706f6e7 -> 
  custom:video-encoder-webm-vp8: eb34c28f22e8b96e1ab97ce403110664 -> 
  custom:audio-decoder-ogg-vorbis: bf7c407c2cedff20999df2af8eb42d56 -> 
  custom:audio-encoder-webm-vorbis: bf7c407c2cedff20999df2af8eb42d56 -> 
  custom:scripting/monoscript/fileName/Sigal.cs: 44bfb6ecc878e2d650514f93c8109f77 -> 
========================================================================
Received Import Request.
  Time since last request: 553.621120 seconds.
  path: Assets/1_Script/HeartManager.cs
  artifactKey: Guid(87c1a986998e93349af43ff41486b7e2) Importer(815301076,1909f56bfc062723c751e8b465ee728b)
Start importing Assets/1_Script/HeartManager.cs using Guid(87c1a986998e93349af43ff41486b7e2) Importer(815301076,1909f56bfc062723c751e8b465ee728b)  -> (artifact id: '08db3ebee3444a00949a475b58eff7f5') in 0.001647 seconds
Number of updated asset objects reloaded before import = 0
Number of asset objects unloaded after import = 0
========================================================================
Received Prepare
Begin MonoManager ReloadAssembly
- Loaded All Assemblies, in  0.386 seconds
Refreshing native plugins compatible for Editor in 3.93 ms, found 4 plugins.
Native extension for WindowsStandalone target not found
Native extension for WebGL target not found
[Package Manager] Server::EnsureServerProcessIsRunning -- launch failed, reason: Unity was launched with the -noUpm command-line argument
[Package Manager] UpmClient::Send -- Unable to send message (not connected to UPM process).
[Package Manager] Cannot connect to Unity Package Manager local server
Mono: successfully reloaded assembly
- Finished resetting the current domain, in  0.958 seconds
Domain Reload Profiling: 1343ms
	BeginReloadAssembly (141ms)
		ExecutionOrderSort (0ms)
		DisableScriptedObjects (9ms)
		BackupInstance (0ms)
		ReleaseScriptingObjects (0ms)
		CreateAndSetChildDomain (39ms)
	RebuildCommonClasses (29ms)
	RebuildNativeTypeToScriptingClass (9ms)
	initialDomainReloadingComplete (22ms)
	LoadAllAssembliesAndSetupDomain (183ms)
		LoadAssemblies (225ms)
		RebuildTransferFunctionScriptingTraits (0ms)
		AnalyzeDomain (27ms)
			TypeCache.Refresh (10ms)
				TypeCache.ScanAssembly (1ms)
			ScanForSourceGeneratedMonoScriptInfo (11ms)
			ResolveRequiredComponents (4ms)
	FinalizeReload (958ms)
		ReleaseScriptCaches (0ms)
		RebuildScriptCaches (0ms)
		SetupLoadedEditorAssemblies (507ms)
			LogAssemblyErrors (0ms)
			InitializePlatformSupportModulesInManaged (6ms)
			SetLoadedEditorAssemblies (3ms)
			RefreshPlugins (0ms)
			BeforeProcessingInitializeOnLoad (57ms)
			ProcessInitializeOnLoadAttributes (410ms)
			ProcessInitializeOnLoadMethodAttributes (28ms)
			AfterProcessingInitializeOnLoad (2ms)
			EditorAssembliesLoaded (0ms)
		ExecutionOrderSort2 (0ms)
		AwakeInstancesAfterBackupRestoration (11ms)
Refreshing native plugins compatible for Editor in 3.94 ms, found 4 plugins.
Preloading 0 native plugins for Editor in 0.00 ms.
Unloading 4437 Unused Serialized files (Serialized files now loaded: 0)
Unloading 43 unused Assets / (217.7 KB). Loaded Objects now: 5061.
Memory consumption went from 177.6 MB to 177.4 MB.
Total: 4.071300 ms (FindLiveObjects: 0.355500 ms CreateObjectMapping: 0.234900 ms MarkObjects: 3.293300 ms  DeleteObjects: 0.186900 ms)

Prepare: number of updated asset objects reloaded= 0
AssetImportParameters requested are different than current active one (requested -> active):
  custom:container-demuxer-ogg: 62fdf1f143b41e24485cea50d1cbac27 -> 
  custom:video-codec-MediaFoundation-h265: 746d11721c4dcdbdad8f713fa42b33f4 -> 
  custom:video-decoder-ogg-theora: a1e56fd34408186e4bbccfd4996cb3dc -> 
  custom:framework-win-MediaFoundation: 216162199b28c13a410421893ffa2e32 -> 
  custom:CustomObjectIndexerAttribute: 6d391050e5a25f67b0a2c618074f2cd9 -> 
  custom:container-demuxer-webm: 4f35f7cbe854078d1ac9338744f61a02 -> 
  custom:container-muxer-webm: aa71ff27fc2769a1b78a27578f13a17b -> 
  custom:video-decoder-webm-vp8: 9c59270c3fd7afecdb556c50c9e8de78 -> 
  custom:SearchIndexIgnoredProperties: e643bd26f0fe6173181afceb89e7c659 -> 
  custom:AudioImporter_EditorPlatform: d09bf68614088b80899f8185d706f6e7 -> 
  custom:video-encoder-webm-vp8: eb34c28f22e8b96e1ab97ce403110664 -> 
  custom:audio-decoder-ogg-vorbis: bf7c407c2cedff20999df2af8eb42d56 -> 
  custom:audio-encoder-webm-vorbis: bf7c407c2cedff20999df2af8eb42d56 -> 
  custom:scripting/monoscript/fileName/Sigal.cs: 44bfb6ecc878e2d650514f93c8109f77 -> 
========================================================================
Received Prepare
Begin MonoManager ReloadAssembly
- Loaded All Assemblies, in  0.385 seconds
Refreshing native plugins compatible for Editor in 5.70 ms, found 4 plugins.
Native extension for WindowsStandalone target not found
Native extension for WebGL target not found
[Package Manager] Server::EnsureServerProcessIsRunning -- launch failed, reason: Unity was launched with the -noUpm command-line argument
[Package Manager] UpmClient::Send -- Unable to send message (not connected to UPM process).
[Package Manager] Cannot connect to Unity Package Manager local server
Mono: successfully reloaded assembly
- Finished resetting the current domain, in  1.005 seconds
Domain Reload Profiling: 1388ms
	BeginReloadAssembly (131ms)
		ExecutionOrderSort (0ms)
		DisableScriptedObjects (8ms)
		BackupInstance (0ms)
		ReleaseScriptingObjects (0ms)
		CreateAndSetChildDomain (32ms)
	RebuildCommonClasses (31ms)
	RebuildNativeTypeToScriptingClass (12ms)
	initialDomainReloadingComplete (19ms)
	LoadAllAssembliesAndSetupDomain (190ms)
		LoadAssemblies (228ms)
		RebuildTransferFunctionScriptingTraits (0ms)
		AnalyzeDomain (26ms)
			TypeCache.Refresh (8ms)
				TypeCache.ScanAssembly (1ms)
			ScanForSourceGeneratedMonoScriptInfo (13ms)
			ResolveRequiredComponents (5ms)
	FinalizeReload (1005ms)
		ReleaseScriptCaches (0ms)
		RebuildScriptCaches (0ms)
		SetupLoadedEditorAssemblies (530ms)
			LogAssemblyErrors (0ms)
			InitializePlatformSupportModulesInManaged (5ms)
			SetLoadedEditorAssemblies (3ms)
			RefreshPlugins (0ms)
			BeforeProcessingInitializeOnLoad (62ms)
			ProcessInitializeOnLoadAttributes (424ms)
			ProcessInitializeOnLoadMethodAttributes (34ms)
			AfterProcessingInitializeOnLoad (2ms)
			EditorAssembliesLoaded (0ms)
		ExecutionOrderSort2 (0ms)
		AwakeInstancesAfterBackupRestoration (14ms)
Refreshing native plugins compatible for Editor in 4.28 ms, found 4 plugins.
Preloading 0 native plugins for Editor in 0.00 ms.
Unloading 4438 Unused Serialized files (Serialized files now loaded: 0)
Unloading 43 unused Assets / (217.5 KB). Loaded Objects now: 5065.
Memory consumption went from 179.7 MB to 179.5 MB.
Total: 4.192900 ms (FindLiveObjects: 0.439300 ms CreateObjectMapping: 0.306800 ms MarkObjects: 3.276200 ms  DeleteObjects: 0.169900 ms)

Prepare: number of updated asset objects reloaded= 0
AssetImportParameters requested are different than current active one (requested -> active):
  custom:container-demuxer-ogg: 62fdf1f143b41e24485cea50d1cbac27 -> 
  custom:video-codec-MediaFoundation-h265: 746d11721c4dcdbdad8f713fa42b33f4 -> 
  custom:video-decoder-ogg-theora: a1e56fd34408186e4bbccfd4996cb3dc -> 
  custom:framework-win-MediaFoundation: 216162199b28c13a410421893ffa2e32 -> 
  custom:CustomObjectIndexerAttribute: 6d391050e5a25f67b0a2c618074f2cd9 -> 
  custom:container-demuxer-webm: 4f35f7cbe854078d1ac9338744f61a02 -> 
  custom:container-muxer-webm: aa71ff27fc2769a1b78a27578f13a17b -> 
  custom:video-decoder-webm-vp8: 9c59270c3fd7afecdb556c50c9e8de78 -> 
  custom:SearchIndexIgnoredProperties: e643bd26f0fe6173181afceb89e7c659 -> 
  custom:AudioImporter_EditorPlatform: d09bf68614088b80899f8185d706f6e7 -> 
  custom:video-encoder-webm-vp8: eb34c28f22e8b96e1ab97ce403110664 -> 
  custom:audio-decoder-ogg-vorbis: bf7c407c2cedff20999df2af8eb42d56 -> 
  custom:audio-encoder-webm-vorbis: bf7c407c2cedff20999df2af8eb42d56 -> 
  custom:scripting/monoscript/fileName/Sigal.cs: 44bfb6ecc878e2d650514f93c8109f77 -> 
========================================================================
Received Import Request.
  Time since last request: 168.256087 seconds.
  path: Assets/1_Script/HeartManager.cs
  artifactKey: Guid(87c1a986998e93349af43ff41486b7e2) Importer(815301076,1909f56bfc062723c751e8b465ee728b)
Start importing Assets/1_Script/HeartManager.cs using Guid(87c1a986998e93349af43ff41486b7e2) Importer(815301076,1909f56bfc062723c751e8b465ee728b)  -> (artifact id: '644170c0464a31b241091de5825e2785') in 0.002067 seconds
Number of updated asset objects reloaded before import = 0
Number of asset objects unloaded after import = 0
========================================================================
Received Prepare
Begin MonoManager ReloadAssembly
- Loaded All Assemblies, in  0.367 seconds
Refreshing native plugins compatible for Editor in 3.28 ms, found 4 plugins.
Native extension for WindowsStandalone target not found
Native extension for WebGL target not found
[Package Manager] Server::EnsureServerProcessIsRunning -- launch failed, reason: Unity was launched with the -noUpm command-line argument
[Package Manager] UpmClient::Send -- Unable to send message (not connected to UPM process).
[Package Manager] Cannot connect to Unity Package Manager local server
Mono: successfully reloaded assembly
- Finished resetting the current domain, in  0.998 seconds
Domain Reload Profiling: 1364ms
	BeginReloadAssembly (134ms)
		ExecutionOrderSort (0ms)
		DisableScriptedObjects (8ms)
		BackupInstance (0ms)
		ReleaseScriptingObjects (0ms)
		CreateAndSetChildDomain (39ms)
	RebuildCommonClasses (25ms)
	RebuildNativeTypeToScriptingClass (9ms)
	initialDomainReloadingComplete (20ms)
	LoadAllAssembliesAndSetupDomain (177ms)
		LoadAssemblies (215ms)
		RebuildTransferFunctionScriptingTraits (0ms)
		AnalyzeDomain (24ms)
			TypeCache.Refresh (8ms)
				TypeCache.ScanAssembly (1ms)
			ScanForSourceGeneratedMonoScriptInfo (11ms)
			ResolveRequiredComponents (4ms)
	FinalizeReload (998ms)
		ReleaseScriptCaches (0ms)
		RebuildScriptCaches (0ms)
		SetupLoadedEditorAssemblies (542ms)
			LogAssemblyErrors (0ms)
			InitializePlatformSupportModulesInManaged (5ms)
			SetLoadedEditorAssemblies (3ms)
			RefreshPlugins (0ms)
			BeforeProcessingInitializeOnLoad (61ms)
			ProcessInitializeOnLoadAttributes (430ms)
			ProcessInitializeOnLoadMethodAttributes (41ms)
			AfterProcessingInitializeOnLoad (2ms)
			EditorAssembliesLoaded (0ms)
		ExecutionOrderSort2 (0ms)
		AwakeInstancesAfterBackupRestoration (14ms)
Refreshing native plugins compatible for Editor in 3.93 ms, found 4 plugins.
Preloading 0 native plugins for Editor in 0.00 ms.
Unloading 4437 Unused Serialized files (Serialized files now loaded: 0)
Unloading 43 unused Assets / (217.6 KB). Loaded Objects now: 5069.
Memory consumption went from 181.4 MB to 181.2 MB.
Total: 4.639800 ms (FindLiveObjects: 0.547200 ms CreateObjectMapping: 0.363700 ms MarkObjects: 3.514500 ms  DeleteObjects: 0.213700 ms)

Prepare: number of updated asset objects reloaded= 0
AssetImportParameters requested are different than current active one (requested -> active):
  custom:container-demuxer-ogg: 62fdf1f143b41e24485cea50d1cbac27 -> 
  custom:video-codec-MediaFoundation-h265: 746d11721c4dcdbdad8f713fa42b33f4 -> 
  custom:video-decoder-ogg-theora: a1e56fd34408186e4bbccfd4996cb3dc -> 
  custom:framework-win-MediaFoundation: 216162199b28c13a410421893ffa2e32 -> 
  custom:CustomObjectIndexerAttribute: 6d391050e5a25f67b0a2c618074f2cd9 -> 
  custom:container-demuxer-webm: 4f35f7cbe854078d1ac9338744f61a02 -> 
  custom:container-muxer-webm: aa71ff27fc2769a1b78a27578f13a17b -> 
  custom:video-decoder-webm-vp8: 9c59270c3fd7afecdb556c50c9e8de78 -> 
  custom:SearchIndexIgnoredProperties: e643bd26f0fe6173181afceb89e7c659 -> 
  custom:AudioImporter_EditorPlatform: d09bf68614088b80899f8185d706f6e7 -> 
  custom:video-encoder-webm-vp8: eb34c28f22e8b96e1ab97ce403110664 -> 
  custom:audio-decoder-ogg-vorbis: bf7c407c2cedff20999df2af8eb42d56 -> 
  custom:audio-encoder-webm-vorbis: bf7c407c2cedff20999df2af8eb42d56 -> 
  custom:scripting/monoscript/fileName/Sigal.cs: 44bfb6ecc878e2d650514f93c8109f77 -> 
========================================================================
Received Import Request.
  Time since last request: 336.873165 seconds.
  path: Packages/com.unity.2d.spriteshape/Editor/ObjectMenuCreation/DefaultAssets/Sprite Shapes/Closed Sprite Shape.prefab
  artifactKey: Guid(c0583b4e855c74b8c82e7b9b5efb5ce9) Importer(815301076,1909f56bfc062723c751e8b465ee728b)
Start importing Packages/com.unity.2d.spriteshape/Editor/ObjectMenuCreation/DefaultAssets/Sprite Shapes/Closed Sprite Shape.prefab using Guid(c0583b4e855c74b8c82e7b9b5efb5ce9) Importer(815301076,1909f56bfc062723c751e8b465ee728b)  -> (artifact id: '05b3096b6c0fed730c29d5cec08d7b55') in 0.089807 seconds
Number of updated asset objects reloaded before import = 0
Number of asset objects unloaded after import = 14
========================================================================
Received Import Request.
  Time since last request: 0.000021 seconds.
  path: Assets/2_TextMesh Pro/Examples & Extras/Prefabs/TextMeshPro - Prefab 2.prefab
  artifactKey: Guid(fdad9d952ae84cafb74c63f2e694d042) Importer(815301076,1909f56bfc062723c751e8b465ee728b)
Start importing Assets/2_TextMesh Pro/Examples & Extras/Prefabs/TextMeshPro - Prefab 2.prefab using Guid(fdad9d952ae84cafb74c63f2e694d042) Importer(815301076,1909f56bfc062723c751e8b465ee728b)  -> (artifact id: '7c0047d5189a709353eefcbf35381947') in 0.034737 seconds
Number of updated asset objects reloaded before import = 0
Number of asset objects unloaded after import = 16
========================================================================
Received Import Request.
  Time since last request: 0.000032 seconds.
  path: Packages/com.unity.2d.spriteshape/Editor/ObjectMenuCreation/DefaultAssets/Sprite Shapes/Open Sprite Shape.prefab
  artifactKey: Guid(86ae7de409eb54f619fb1328e4d42480) Importer(815301076,1909f56bfc062723c751e8b465ee728b)
Start importing Packages/com.unity.2d.spriteshape/Editor/ObjectMenuCreation/DefaultAssets/Sprite Shapes/Open Sprite Shape.prefab using Guid(86ae7de409eb54f619fb1328e4d42480) Importer(815301076,1909f56bfc062723c751e8b465ee728b)  -> (artifact id: 'c7948c444e0bbeb237b32fa11c76120e') in 0.010860 seconds
Number of updated asset objects reloaded before import = 0
Number of asset objects unloaded after import = 14
========================================================================
Received Import Request.
  Time since last request: 0.000015 seconds.
  path: Assets/2_TextMesh Pro/Examples & Extras/Prefabs/Text Popup.prefab
  artifactKey: Guid(b06f0e6c1dfa4356ac918da1bb32c603) Importer(815301076,1909f56bfc062723c751e8b465ee728b)
Start importing Assets/2_TextMesh Pro/Examples & Extras/Prefabs/Text Popup.prefab using Guid(b06f0e6c1dfa4356ac918da1bb32c603) Importer(815301076,1909f56bfc062723c751e8b465ee728b)  -> (artifact id: '53eba43170e7839fb21e820423b91bbf') in 0.019196 seconds
Number of updated asset objects reloaded before import = 0
Number of asset objects unloaded after import = 21
========================================================================
Received Import Request.
  Time since last request: 0.000018 seconds.
  path: Assets/2_TextMesh Pro/Examples & Extras/Prefabs/TextMeshPro - Prefab 1.prefab
  artifactKey: Guid(a6e39ced0ea046bcb636c3f0b2e2a745) Importer(815301076,1909f56bfc062723c751e8b465ee728b)
Start importing Assets/2_TextMesh Pro/Examples & Extras/Prefabs/TextMeshPro - Prefab 1.prefab using Guid(a6e39ced0ea046bcb636c3f0b2e2a745) Importer(815301076,1909f56bfc062723c751e8b465ee728b)  -> (artifact id: 'cc9d720b32d1c4745b4d00e255ef46eb') in 0.017961 seconds
Number of updated asset objects reloaded before import = 0
Number of asset objects unloaded after import = 16
Editor requested this worker to shutdown with reason: Scaling down because of idle timeout
TcpMessagingSession - receive error: operation aborted. errorcode: 995, details:        I/O  .
AssetImportWorker is now disconnected from the server
Process exiting
Exiting without the bug reporter. Application will terminate with return code 0