Using pre-set license
Built from '2022.3/staging' branch; Version is '2022.3.17f1 (4fc78088f837) revision 5228416'; Using compiler version '192829333'; Build Type 'Release'
OS: 'Windows 11  (10.0.22621) 64bit Core' Language: 'ko' Physical Memory: 16309 MB
BatchMode: 1, IsHumanControllingUs: 0, StartBugReporterOnCrash: 0, Is64bit: 1, IsPro: 1

COMMAND LINE ARGUMENTS:
D:\2022.3.17f1\Editor\Unity.exe
-adb2
-batchMode
-noUpm
-name
AssetImportWorker4
-projectPath
C:/Users/gones/Desktop/Princess_Gourmet
-logFile
Logs/AssetImportWorker4.log
-srvPort
55553
Successfully changed project path to: C:/Users/gones/Desktop/Princess_Gourmet
C:/Users/gones/Desktop/Princess_Gourmet
[UnityMemory] Configuration Parameters - Can be set up in boot.config
    "memorysetup-bucket-allocator-granularity=16"
    "memorysetup-bucket-allocator-bucket-count=8"
    "memorysetup-bucket-allocator-block-size=33554432"
    "memorysetup-bucket-allocator-block-count=8"
    "memorysetup-main-allocator-block-size=16777216"
    "memorysetup-thread-allocator-block-size=16777216"
    "memorysetup-gfx-main-allocator-block-size=16777216"
    "memorysetup-gfx-thread-allocator-block-size=16777216"
    "memorysetup-cache-allocator-block-size=4194304"
    "memorysetup-typetree-allocator-block-size=2097152"
    "memorysetup-profiler-bucket-allocator-granularity=16"
    "memorysetup-profiler-bucket-allocator-bucket-count=8"
    "memorysetup-profiler-bucket-allocator-block-size=33554432"
    "memorysetup-profiler-bucket-allocator-block-count=8"
    "memorysetup-profiler-allocator-block-size=16777216"
    "memorysetup-profiler-editor-allocator-block-size=1048576"
    "memorysetup-temp-allocator-size-main=16777216"
    "memorysetup-job-temp-allocator-block-size=2097152"
    "memorysetup-job-temp-allocator-block-size-background=1048576"
    "memorysetup-job-temp-allocator-reduction-small-platforms=262144"
    "memorysetup-allocator-temp-initial-block-size-main=262144"
    "memorysetup-allocator-temp-initial-block-size-worker=262144"
    "memorysetup-temp-allocator-size-background-worker=32768"
    "memorysetup-temp-allocator-size-job-worker=262144"
    "memorysetup-temp-allocator-size-preload-manager=33554432"
    "memorysetup-temp-allocator-size-nav-mesh-worker=65536"
    "memorysetup-temp-allocator-size-audio-worker=65536"
    "memorysetup-temp-allocator-size-cloud-worker=32768"
    "memorysetup-temp-allocator-size-gi-baking-worker=262144"
    "memorysetup-temp-allocator-size-gfx=262144"
Player connection [20188] Host "[IP] 192.168.45.229 [Port] 0 [Flags] 2 [Guid] 1347370851 [EditorId] 1347370851 [Version] 1048832 [Id] WindowsEditor(7,GYEOM_PC) [Debug] 1 [PackageName] WindowsEditor [ProjectName] Editor" joined multi-casting on [225.0.0.222:54997]...

Player connection [20188] Host "[IP] 192.168.45.229 [Port] 0 [Flags] 2 [Guid] 1347370851 [EditorId] 1347370851 [Version] 1048832 [Id] WindowsEditor(7,GYEOM_PC) [Debug] 1 [PackageName] WindowsEditor [ProjectName] Editor" joined alternative multi-casting on [225.0.0.222:34997]...

[Physics::Module] Initialized MultithreadedJobDispatcher with 11 workers.
Refreshing native plugins compatible for Editor in 9.27 ms, found 4 plugins.
Preloading 0 native plugins for Editor in 0.00 ms.
Initialize engine version: 2022.3.17f1 (4fc78088f837)
[Subsystems] Discovering subsystems at path D:/2022.3.17f1/Editor/Data/Resources/UnitySubsystems
[Subsystems] Discovering subsystems at path C:/Users/gones/Desktop/Princess_Gourmet/Assets
GfxDevice: creating device client; threaded=0; jobified=0
Direct3D:
    Version:  Direct3D 11.0 [level 11.1]
    Renderer: NVIDIA GeForce RTX 3060 (ID=0x2504)
    Vendor:   NVIDIA
    VRAM:     12129 MB
    Driver:   31.0.15.3598
Initialize mono
Mono path[0] = 'D:/2022.3.17f1/Editor/Data/Managed'
Mono path[1] = 'D:/2022.3.17f1/Editor/Data/MonoBleedingEdge/lib/mono/unityjit-win32'
Mono config path = 'D:/2022.3.17f1/Editor/Data/MonoBleedingEdge/etc'
Using monoOptions --debugger-agent=transport=dt_socket,embedding=1,server=y,suspend=n,address=127.0.0.1:56120
Begin MonoManager ReloadAssembly
Registering precompiled unity dll's ...
Register platform support module: D:/2022.3.17f1/Editor/Data/PlaybackEngines/WebGLSupport/UnityEditor.WebGL.Extensions.dll
Register platform support module: D:/2022.3.17f1/Editor/Data/PlaybackEngines/WindowsStandaloneSupport/UnityEditor.WindowsStandalone.Extensions.dll
Registered in 0.002928 seconds.
- Loaded All Assemblies, in  0.291 seconds
Native extension for WindowsStandalone target not found
Native extension for WebGL target not found
Mono: successfully reloaded assembly
- Finished resetting the current domain, in  0.238 seconds
Domain Reload Profiling: 529ms
	BeginReloadAssembly (96ms)
		ExecutionOrderSort (0ms)
		DisableScriptedObjects (0ms)
		BackupInstance (0ms)
		ReleaseScriptingObjects (0ms)
		CreateAndSetChildDomain (1ms)
	RebuildCommonClasses (31ms)
	RebuildNativeTypeToScriptingClass (8ms)
	initialDomainReloadingComplete (39ms)
	LoadAllAssembliesAndSetupDomain (117ms)
		LoadAssemblies (95ms)
		RebuildTransferFunctionScriptingTraits (0ms)
		AnalyzeDomain (116ms)
			TypeCache.Refresh (115ms)
				TypeCache.ScanAssembly (103ms)
			ScanForSourceGeneratedMonoScriptInfo (0ms)
			ResolveRequiredComponents (0ms)
	FinalizeReload (238ms)
		ReleaseScriptCaches (0ms)
		RebuildScriptCaches (0ms)
		SetupLoadedEditorAssemblies (191ms)
			LogAssemblyErrors (0ms)
			InitializePlatformSupportModulesInManaged (7ms)
			SetLoadedEditorAssemblies (5ms)
			RefreshPlugins (0ms)
			BeforeProcessingInitializeOnLoad (2ms)
			ProcessInitializeOnLoadAttributes (133ms)
			ProcessInitializeOnLoadMethodAttributes (44ms)
			AfterProcessingInitializeOnLoad (0ms)
			EditorAssembliesLoaded (0ms)
		ExecutionOrderSort2 (0ms)
		AwakeInstancesAfterBackupRestoration (0ms)
========================================================================
Worker process is ready to serve import requests
Begin MonoManager ReloadAssembly
- Loaded All Assemblies, in  0.581 seconds
Refreshing native plugins compatible for Editor in 4.12 ms, found 4 plugins.
Native extension for WindowsStandalone target not found
Native extension for WebGL target not found
Package Manager log level set to [2]
[Package Manager] Server::EnsureServerProcessIsRunning -- launch failed, reason: Unity was launched with the -noUpm command-line argument
[Package Manager] UpmClient::Send -- Unable to send message (not connected to UPM process).
[Package Manager] Cannot connect to Unity Package Manager local server
Mono: successfully reloaded assembly
- Finished resetting the current domain, in  0.748 seconds
Domain Reload Profiling: 1328ms
	BeginReloadAssembly (140ms)
		ExecutionOrderSort (0ms)
		DisableScriptedObjects (6ms)
		BackupInstance (0ms)
		ReleaseScriptingObjects (0ms)
		CreateAndSetChildDomain (23ms)
	RebuildCommonClasses (33ms)
	RebuildNativeTypeToScriptingClass (9ms)
	initialDomainReloadingComplete (37ms)
	LoadAllAssembliesAndSetupDomain (361ms)
		LoadAssemblies (290ms)
		RebuildTransferFunctionScriptingTraits (0ms)
		AnalyzeDomain (149ms)
			TypeCache.Refresh (125ms)
				TypeCache.ScanAssembly (112ms)
			ScanForSourceGeneratedMonoScriptInfo (19ms)
			ResolveRequiredComponents (3ms)
	FinalizeReload (749ms)
		ReleaseScriptCaches (0ms)
		RebuildScriptCaches (0ms)
		SetupLoadedEditorAssemblies (605ms)
			LogAssemblyErrors (0ms)
			InitializePlatformSupportModulesInManaged (5ms)
			SetLoadedEditorAssemblies (4ms)
			RefreshPlugins (0ms)
			BeforeProcessingInitializeOnLoad (57ms)
			ProcessInitializeOnLoadAttributes (494ms)
			ProcessInitializeOnLoadMethodAttributes (41ms)
			AfterProcessingInitializeOnLoad (4ms)
			EditorAssembliesLoaded (0ms)
		ExecutionOrderSort2 (0ms)
		AwakeInstancesAfterBackupRestoration (6ms)
Launched and connected shader compiler UnityShaderCompiler.exe after 0.07 seconds
Refreshing native plugins compatible for Editor in 4.13 ms, found 4 plugins.
Preloading 0 native plugins for Editor in 0.00 ms.
Unloading 4018 Unused Serialized files (Serialized files now loaded: 0)
Unloading 70 unused Assets / (244.2 KB). Loaded Objects now: 4473.
Memory consumption went from 144.8 MB to 144.6 MB.
Total: 5.915700 ms (FindLiveObjects: 0.330200 ms CreateObjectMapping: 0.159900 ms MarkObjects: 5.017000 ms  DeleteObjects: 0.408000 ms)

AssetImportParameters requested are different than current active one (requested -> active):
  custom:container-demuxer-ogg: 62fdf1f143b41e24485cea50d1cbac27 -> 
  custom:video-codec-MediaFoundation-h265: 746d11721c4dcdbdad8f713fa42b33f4 -> 
  custom:video-decoder-ogg-theora: a1e56fd34408186e4bbccfd4996cb3dc -> 
  custom:framework-win-MediaFoundation: 216162199b28c13a410421893ffa2e32 -> 
  custom:CustomObjectIndexerAttribute: 6d391050e5a25f67b0a2c618074f2cd9 -> 
  custom:container-demuxer-webm: 4f35f7cbe854078d1ac9338744f61a02 -> 
  custom:container-muxer-webm: aa71ff27fc2769a1b78a27578f13a17b -> 
  custom:video-decoder-webm-vp8: 9c59270c3fd7afecdb556c50c9e8de78 -> 
  custom:SearchIndexIgnoredProperties: e643bd26f0fe6173181afceb89e7c659 -> 
  custom:AudioImporter_EditorPlatform: d09bf68614088b80899f8185d706f6e7 -> 
  custom:video-encoder-webm-vp8: eb34c28f22e8b96e1ab97ce403110664 -> 
  custom:audio-decoder-ogg-vorbis: bf7c407c2cedff20999df2af8eb42d56 -> 
  custom:audio-encoder-webm-vorbis: bf7c407c2cedff20999df2af8eb42d56 -> 
========================================================================
Received Import Request.
  Time since last request: 356907.686664 seconds.
  path: Assets/0_TileMap/Test.prefab
  artifactKey: Guid(87ff42e2f878f3044ae6e05a58a37287) Importer(815301076,1909f56bfc062723c751e8b465ee728b)
Start importing Assets/0_TileMap/Test.prefab using Guid(87ff42e2f878f3044ae6e05a58a37287) Importer(815301076,1909f56bfc062723c751e8b465ee728b)  -> (artifact id: '9fe2a86f514330d9f2080e77d154d34e') in 0.083953 seconds
Number of updated asset objects reloaded before import = 0
Number of asset objects unloaded after import = 10
========================================================================
Received Import Request.
  Time since last request: 274.179348 seconds.
  path: Assets/0_TileMap/decor_16x16_0.asset
  artifactKey: Guid(da4e30ff04e7e32438c87595597e893d) Importer(815301076,1909f56bfc062723c751e8b465ee728b)
Start importing Assets/0_TileMap/decor_16x16_0.asset using Guid(da4e30ff04e7e32438c87595597e893d) Importer(815301076,1909f56bfc062723c751e8b465ee728b)  -> (artifact id: 'e2c1c2106be823271c544c9309583129') in 0.015700 seconds
Number of updated asset objects reloaded before import = 0
Number of asset objects unloaded after import = 3
========================================================================
Received Import Request.
  Time since last request: 0.000018 seconds.
  path: Assets/0_TileMap/decor_16x16_14.asset
  artifactKey: Guid(4cf03cf6a9dceec4c97ed05a716ac829) Importer(815301076,1909f56bfc062723c751e8b465ee728b)
Start importing Assets/0_TileMap/decor_16x16_14.asset using Guid(4cf03cf6a9dceec4c97ed05a716ac829) Importer(815301076,1909f56bfc062723c751e8b465ee728b)  -> (artifact id: '93380ed5264d92ddd8192fa55fac0ce0') in 0.005386 seconds
Number of updated asset objects reloaded before import = 0
Number of asset objects unloaded after import = 3
========================================================================
Received Import Request.
  Time since last request: 0.000016 seconds.
  path: Assets/0_TileMap/fences_11.asset
  artifactKey: Guid(8b682f55cc54cbd41b5c1d415292d849) Importer(815301076,1909f56bfc062723c751e8b465ee728b)
Start importing Assets/0_TileMap/fences_11.asset using Guid(8b682f55cc54cbd41b5c1d415292d849) Importer(815301076,1909f56bfc062723c751e8b465ee728b)  -> (artifact id: '5bc87153718644966af58a30e4fc32c7') in 0.010826 seconds
Number of updated asset objects reloaded before import = 0
Number of asset objects unloaded after import = 3
========================================================================
Received Import Request.
  Time since last request: 0.000020 seconds.
  path: Assets/0_TileMap/fences_13.asset
  artifactKey: Guid(2f0e67034b1ae9e4d86fc4554248e7e0) Importer(815301076,1909f56bfc062723c751e8b465ee728b)
Start importing Assets/0_TileMap/fences_13.asset using Guid(2f0e67034b1ae9e4d86fc4554248e7e0) Importer(815301076,1909f56bfc062723c751e8b465ee728b)  -> (artifact id: '7587ca668dda65ed874e12abe818f04a') in 0.009981 seconds
Number of updated asset objects reloaded before import = 0
Number of asset objects unloaded after import = 3
========================================================================
Received Import Request.
  Time since last request: 0.000028 seconds.
  path: Assets/0_TileMap/fences_7.asset
  artifactKey: Guid(712c066dc7566334cb97fa777f95091d) Importer(815301076,1909f56bfc062723c751e8b465ee728b)
Start importing Assets/0_TileMap/fences_7.asset using Guid(712c066dc7566334cb97fa777f95091d) Importer(815301076,1909f56bfc062723c751e8b465ee728b)  -> (artifact id: '8c12bcef279e3f7c9604e1fe6a680ca8') in 0.011653 seconds
Number of updated asset objects reloaded before import = 0
Number of asset objects unloaded after import = 3
========================================================================
Received Import Request.
  Time since last request: 0.000026 seconds.
  path: Assets/0_TileMap/decor_16x16_9.asset
  artifactKey: Guid(7c597dce3eb00034c97476fc26ac02a7) Importer(815301076,1909f56bfc062723c751e8b465ee728b)
Start importing Assets/0_TileMap/decor_16x16_9.asset using Guid(7c597dce3eb00034c97476fc26ac02a7) Importer(815301076,1909f56bfc062723c751e8b465ee728b)  -> (artifact id: 'c0635313e50604ec07122ee0293ff9d3') in 0.012746 seconds
Number of updated asset objects reloaded before import = 0
Number of asset objects unloaded after import = 3
========================================================================
Received Import Request.
  Time since last request: 0.000019 seconds.
  path: Assets/0_TileMap/fences_8.asset
  artifactKey: Guid(99aa042713850c34ab5f2d0280d22f0c) Importer(815301076,1909f56bfc062723c751e8b465ee728b)
Start importing Assets/0_TileMap/fences_8.asset using Guid(99aa042713850c34ab5f2d0280d22f0c) Importer(815301076,1909f56bfc062723c751e8b465ee728b)  -> (artifact id: '4b05d91c46c2e9d9addddd3e0ab928d7') in 0.010340 seconds
Number of updated asset objects reloaded before import = 0
Number of asset objects unloaded after import = 3
========================================================================
Received Import Request.
  Time since last request: 0.000015 seconds.
  path: Assets/0_TileMap/decor_16x16_10.asset
  artifactKey: Guid(2eb576e6c3f56a8419833a2ecc7e5cbe) Importer(815301076,1909f56bfc062723c751e8b465ee728b)
Start importing Assets/0_TileMap/decor_16x16_10.asset using Guid(2eb576e6c3f56a8419833a2ecc7e5cbe) Importer(815301076,1909f56bfc062723c751e8b465ee728b)  -> (artifact id: '8c115dbb401d3073f94bfb1c0c6a6c1f') in 0.004244 seconds
Number of updated asset objects reloaded before import = 0
Number of asset objects unloaded after import = 3
========================================================================
Received Import Request.
  Time since last request: 0.000013 seconds.
  path: Assets/0_TileMap/decor_16x16_15.asset
  artifactKey: Guid(08b282019d2ab7545ac4b8314ab605e0) Importer(815301076,1909f56bfc062723c751e8b465ee728b)
Start importing Assets/0_TileMap/decor_16x16_15.asset using Guid(08b282019d2ab7545ac4b8314ab605e0) Importer(815301076,1909f56bfc062723c751e8b465ee728b)  -> (artifact id: 'c87f8f7d8a542ee512d18f2b397838e1') in 0.003924 seconds
Number of updated asset objects reloaded before import = 0
Number of asset objects unloaded after import = 3
========================================================================
Received Import Request.
  Time since last request: 0.000015 seconds.
  path: Assets/0_TileMap/fences_2.asset
  artifactKey: Guid(9e68ebcd70af5fe4f80cf07a18a22cfa) Importer(815301076,1909f56bfc062723c751e8b465ee728b)
Start importing Assets/0_TileMap/fences_2.asset using Guid(9e68ebcd70af5fe4f80cf07a18a22cfa) Importer(815301076,1909f56bfc062723c751e8b465ee728b)  -> (artifact id: '622acb82759394411d5b135e5d4775fb') in 0.008966 seconds
Number of updated asset objects reloaded before import = 0
Number of asset objects unloaded after import = 3
========================================================================
Received Import Request.
  Time since last request: 0.000017 seconds.
  path: Assets/0_TileMap/fences_5.asset
  artifactKey: Guid(0cdfad5a3e5200a46beab00c361646c1) Importer(815301076,1909f56bfc062723c751e8b465ee728b)
Start importing Assets/0_TileMap/fences_5.asset using Guid(0cdfad5a3e5200a46beab00c361646c1) Importer(815301076,1909f56bfc062723c751e8b465ee728b)  -> (artifact id: '7f351f3623cb5a10ab4652eff39235fd') in 0.008293 seconds
Number of updated asset objects reloaded before import = 0
Number of asset objects unloaded after import = 3
========================================================================
Received Import Request.
  Time since last request: 0.000024 seconds.
  path: Assets/0_TileMap/decor_16x16_2.asset
  artifactKey: Guid(5fd61faec3b0fb6429580413a0b950e6) Importer(815301076,1909f56bfc062723c751e8b465ee728b)
Start importing Assets/0_TileMap/decor_16x16_2.asset using Guid(5fd61faec3b0fb6429580413a0b950e6) Importer(815301076,1909f56bfc062723c751e8b465ee728b)  -> (artifact id: '7facd94ecc7d6ac1e99ca4925f7a9f76') in 0.004786 seconds
Number of updated asset objects reloaded before import = 0
Number of asset objects unloaded after import = 3
========================================================================
Received Import Request.
  Time since last request: 0.000014 seconds.
  path: Assets/0_TileMap/plains_2.asset
  artifactKey: Guid(ad3033d0f7e69b946ab5d5fbd76c9201) Importer(815301076,1909f56bfc062723c751e8b465ee728b)
Start importing Assets/0_TileMap/plains_2.asset using Guid(ad3033d0f7e69b946ab5d5fbd76c9201) Importer(815301076,1909f56bfc062723c751e8b465ee728b)  -> (artifact id: '0edaada5bbef678f71e0fd1cda558e50') in 0.004461 seconds
Number of updated asset objects reloaded before import = 0
Number of asset objects unloaded after import = 3
========================================================================
Received Import Request.
  Time since last request: 0.000016 seconds.
  path: Assets/0_TileMap/decor_16x16_4.asset
  artifactKey: Guid(f5024cf0d37e44b4cacb6c03424f92e7) Importer(815301076,1909f56bfc062723c751e8b465ee728b)
Start importing Assets/0_TileMap/decor_16x16_4.asset using Guid(f5024cf0d37e44b4cacb6c03424f92e7) Importer(815301076,1909f56bfc062723c751e8b465ee728b)  -> (artifact id: 'c06fb5af3a1b490061bd6a4dbcc75020') in 0.004440 seconds
Number of updated asset objects reloaded before import = 0
Number of asset objects unloaded after import = 3
========================================================================
Received Import Request.
  Time since last request: 0.000028 seconds.
  path: Assets/0_TileMap/decor_16x16_5.asset
  artifactKey: Guid(d9dba4e2d4ca1004d8cbd294f065753c) Importer(815301076,1909f56bfc062723c751e8b465ee728b)
Start importing Assets/0_TileMap/decor_16x16_5.asset using Guid(d9dba4e2d4ca1004d8cbd294f065753c) Importer(815301076,1909f56bfc062723c751e8b465ee728b)  -> (artifact id: '8beda5c3b41b8f1d051a82b32ed86074') in 0.006671 seconds
Number of updated asset objects reloaded before import = 0
Number of asset objects unloaded after import = 3
========================================================================
Received Import Request.
  Time since last request: 0.000012 seconds.
  path: Assets/0_TileMap/fences_6.asset
  artifactKey: Guid(c16a04034ce28f34694d670eb265aee4) Importer(815301076,1909f56bfc062723c751e8b465ee728b)
Start importing Assets/0_TileMap/fences_6.asset using Guid(c16a04034ce28f34694d670eb265aee4) Importer(815301076,1909f56bfc062723c751e8b465ee728b)  -> (artifact id: '8f31b9b4e1fafbdb4cf0d14bd16b2e11') in 0.009494 seconds
Number of updated asset objects reloaded before import = 0
Number of asset objects unloaded after import = 3
========================================================================
Received Import Request.
  Time since last request: 0.000032 seconds.
  path: Assets/0_TileMap/decor_16x16_18.asset
  artifactKey: Guid(9cc3650198e11be4ab1267d077338b85) Importer(815301076,1909f56bfc062723c751e8b465ee728b)
Start importing Assets/0_TileMap/decor_16x16_18.asset using Guid(9cc3650198e11be4ab1267d077338b85) Importer(815301076,1909f56bfc062723c751e8b465ee728b)  -> (artifact id: '594db5df9c756b2084e972d2bde5c799') in 0.004494 seconds
Number of updated asset objects reloaded before import = 0
Number of asset objects unloaded after import = 3
========================================================================
Received Import Request.
  Time since last request: 0.000013 seconds.
  path: Assets/0_TileMap/fences_14.asset
  artifactKey: Guid(acf8cca0d747ebc4d921dc9c66c910fb) Importer(815301076,1909f56bfc062723c751e8b465ee728b)
Start importing Assets/0_TileMap/fences_14.asset using Guid(acf8cca0d747ebc4d921dc9c66c910fb) Importer(815301076,1909f56bfc062723c751e8b465ee728b)  -> (artifact id: '793a7df8892d24ed4b99e1d077b3f0c3') in 0.008556 seconds
Number of updated asset objects reloaded before import = 0
Number of asset objects unloaded after import = 3
========================================================================
Received Import Request.
  Time since last request: 0.000015 seconds.
  path: Assets/0_TileMap/fences_9.asset
  artifactKey: Guid(ebf84e67080bb3b49bab8342a361b2f9) Importer(815301076,1909f56bfc062723c751e8b465ee728b)
Start importing Assets/0_TileMap/fences_9.asset using Guid(ebf84e67080bb3b49bab8342a361b2f9) Importer(815301076,1909f56bfc062723c751e8b465ee728b)  -> (artifact id: '29dac94e43b35dd6a8fa3ba073899f1b') in 0.013188 seconds
Number of updated asset objects reloaded before import = 0
Number of asset objects unloaded after import = 3
========================================================================
Received Import Request.
  Time since last request: 0.000054 seconds.
  path: Assets/0_TileMap/decor_16x16_12.asset
  artifactKey: Guid(5a609360455a82f4eb6b0f29745075e2) Importer(815301076,1909f56bfc062723c751e8b465ee728b)
Start importing Assets/0_TileMap/decor_16x16_12.asset using Guid(5a609360455a82f4eb6b0f29745075e2) Importer(815301076,1909f56bfc062723c751e8b465ee728b)  -> (artifact id: '8cc0511306311a0be23aa36a255f46f2') in 0.004935 seconds
Number of updated asset objects reloaded before import = 0
Number of asset objects unloaded after import = 3
========================================================================
Received Import Request.
  Time since last request: 0.000097 seconds.
  path: Assets/0_TileMap/plains_7.asset
  artifactKey: Guid(560ba98dbc0014c4fbdcaf98e6010326) Importer(815301076,1909f56bfc062723c751e8b465ee728b)
Start importing Assets/0_TileMap/plains_7.asset using Guid(560ba98dbc0014c4fbdcaf98e6010326) Importer(815301076,1909f56bfc062723c751e8b465ee728b)  -> (artifact id: '5ad2b7c8006e0ac7a696d30e6616269f') in 0.004986 seconds
Number of updated asset objects reloaded before import = 0
Number of asset objects unloaded after import = 3
========================================================================
Received Import Request.
  Time since last request: 0.000012 seconds.
  path: Assets/0_TileMap/plains_0.asset
  artifactKey: Guid(86711fe71c500114e85570e2e64ecdd8) Importer(815301076,1909f56bfc062723c751e8b465ee728b)
Start importing Assets/0_TileMap/plains_0.asset using Guid(86711fe71c500114e85570e2e64ecdd8) Importer(815301076,1909f56bfc062723c751e8b465ee728b)  -> (artifact id: '80bd13fe2331070cbbf4298950e2d6cb') in 0.003362 seconds
Number of updated asset objects reloaded before import = 0
Number of asset objects unloaded after import = 3
========================================================================
Received Import Request.
  Time since last request: 0.000010 seconds.
  path: Assets/0_TileMap/fences_12.asset
  artifactKey: Guid(652dfde713f998740bad1880a07bdb37) Importer(815301076,1909f56bfc062723c751e8b465ee728b)
Start importing Assets/0_TileMap/fences_12.asset using Guid(652dfde713f998740bad1880a07bdb37) Importer(815301076,1909f56bfc062723c751e8b465ee728b)  -> (artifact id: 'e94614bebd6e895582f30714f96f7cac') in 0.009582 seconds
Number of updated asset objects reloaded before import = 0
Number of asset objects unloaded after import = 3
========================================================================
Received Import Request.
  Time since last request: 0.000033 seconds.
  path: Assets/0_TileMap/fences_15.asset
  artifactKey: Guid(93069121b02592d44bd42473376719f9) Importer(815301076,1909f56bfc062723c751e8b465ee728b)
Start importing Assets/0_TileMap/fences_15.asset using Guid(93069121b02592d44bd42473376719f9) Importer(815301076,1909f56bfc062723c751e8b465ee728b)  -> (artifact id: '8003131f92c2ddb7cb8bd75380b13b49') in 0.009315 seconds
Number of updated asset objects reloaded before import = 0
Number of asset objects unloaded after import = 3
========================================================================
Received Import Request.
  Time since last request: 0.932501 seconds.
  path: Assets/0_TileMap/plains_9.asset
  artifactKey: Guid(3225bc50576afed4b9f3cdd991fbedf9) Importer(815301076,1909f56bfc062723c751e8b465ee728b)
Start importing Assets/0_TileMap/plains_9.asset using Guid(3225bc50576afed4b9f3cdd991fbedf9) Importer(815301076,1909f56bfc062723c751e8b465ee728b)  -> (artifact id: 'e74efbefcf09a0ec83474bd2ec19b918') in 0.006466 seconds
Number of updated asset objects reloaded before import = 0
Number of asset objects unloaded after import = 3
========================================================================
Received Import Request.
  Time since last request: 0.000023 seconds.
  path: Assets/0_TileMap/plains_16.asset
  artifactKey: Guid(b887dc9708941014fb321311352f5065) Importer(815301076,1909f56bfc062723c751e8b465ee728b)
Start importing Assets/0_TileMap/plains_16.asset using Guid(b887dc9708941014fb321311352f5065) Importer(815301076,1909f56bfc062723c751e8b465ee728b)  -> (artifact id: '3f9963bd6b951fdeaf72bcab76241b4c') in 0.009629 seconds
Number of updated asset objects reloaded before import = 0
Number of asset objects unloaded after import = 3
========================================================================
Received Import Request.
  Time since last request: 0.000015 seconds.
  path: Assets/0_TileMap/plains_12.asset
  artifactKey: Guid(914ebc50a158fd34fbbe7c6b73e68124) Importer(815301076,1909f56bfc062723c751e8b465ee728b)
Start importing Assets/0_TileMap/plains_12.asset using Guid(914ebc50a158fd34fbbe7c6b73e68124) Importer(815301076,1909f56bfc062723c751e8b465ee728b)  -> (artifact id: '45f9bf325f25e3e2b44c41cbc6f91d40') in 0.005079 seconds
Number of updated asset objects reloaded before import = 0
Number of asset objects unloaded after import = 3
========================================================================
Received Import Request.
  Time since last request: 0.000013 seconds.
  path: Assets/0_TileMap/plains_17.asset
  artifactKey: Guid(a0ab6510ed2005848a741b6ae777aedc) Importer(815301076,1909f56bfc062723c751e8b465ee728b)
Start importing Assets/0_TileMap/plains_17.asset using Guid(a0ab6510ed2005848a741b6ae777aedc) Importer(815301076,1909f56bfc062723c751e8b465ee728b)  -> (artifact id: '4b357a66d59c760db2636705d8ee276e') in 0.003949 seconds
Number of updated asset objects reloaded before import = 0
Number of asset objects unloaded after import = 3
========================================================================
Received Import Request.
  Time since last request: 0.000012 seconds.
  path: Assets/0_TileMap/plains_11.asset
  artifactKey: Guid(77e9bbfd6efcd6c408790b0c5c4f40c5) Importer(815301076,1909f56bfc062723c751e8b465ee728b)
Start importing Assets/0_TileMap/plains_11.asset using Guid(77e9bbfd6efcd6c408790b0c5c4f40c5) Importer(815301076,1909f56bfc062723c751e8b465ee728b)  -> (artifact id: '6bbe4c767d14ee02d6b24213223964d2') in 0.008478 seconds
Number of updated asset objects reloaded before import = 0
Number of asset objects unloaded after import = 3
========================================================================
Received Import Request.
  Time since last request: 0.472074 seconds.
  path: Assets/0_TileMap/plains_18.asset
  artifactKey: Guid(a2d085e1a746fb147b86ac38a708bb61) Importer(815301076,1909f56bfc062723c751e8b465ee728b)
Start importing Assets/0_TileMap/plains_18.asset using Guid(a2d085e1a746fb147b86ac38a708bb61) Importer(815301076,1909f56bfc062723c751e8b465ee728b)  -> (artifact id: '1cb92191dd4b2d03e9e721e851a8ab1f') in 0.005851 seconds
Number of updated asset objects reloaded before import = 0
Number of asset objects unloaded after import = 3
========================================================================
Received Import Request.
  Time since last request: 0.000018 seconds.
  path: Assets/0_TileMap/plains_24.asset
  artifactKey: Guid(435e05d73b5dc6541aad4a1e76b6f29e) Importer(815301076,1909f56bfc062723c751e8b465ee728b)
Start importing Assets/0_TileMap/plains_24.asset using Guid(435e05d73b5dc6541aad4a1e76b6f29e) Importer(815301076,1909f56bfc062723c751e8b465ee728b)  -> (artifact id: '83fcf0b3465f7f60e583bab458642063') in 0.003258 seconds
Number of updated asset objects reloaded before import = 0
Number of asset objects unloaded after import = 3
========================================================================
Received Import Request.
  Time since last request: 0.000017 seconds.
  path: Assets/0_TileMap/plains_25.asset
  artifactKey: Guid(206139117bf44ae4898a50d83712c4b3) Importer(815301076,1909f56bfc062723c751e8b465ee728b)
Start importing Assets/0_TileMap/plains_25.asset using Guid(206139117bf44ae4898a50d83712c4b3) Importer(815301076,1909f56bfc062723c751e8b465ee728b)  -> (artifact id: '33a3a11f6ec1d6520e52adde694317e9') in 0.007244 seconds
Number of updated asset objects reloaded before import = 0
Number of asset objects unloaded after import = 3
========================================================================
Received Import Request.
  Time since last request: 0.000010 seconds.
  path: Assets/0_TileMap/plains_22.asset
  artifactKey: Guid(cbf8a3b8872c3cc40836378e495752e6) Importer(815301076,1909f56bfc062723c751e8b465ee728b)
Start importing Assets/0_TileMap/plains_22.asset using Guid(cbf8a3b8872c3cc40836378e495752e6) Importer(815301076,1909f56bfc062723c751e8b465ee728b)  -> (artifact id: 'cb42607698cbd6f685bb66752e55fb20') in 0.003853 seconds
Number of updated asset objects reloaded before import = 0
Number of asset objects unloaded after import = 3
========================================================================
Received Import Request.
  Time since last request: 0.000020 seconds.
  path: Assets/0_TileMap/plains_20.asset
  artifactKey: Guid(243c93b10b8e1e54783d0a8a89aab556) Importer(815301076,1909f56bfc062723c751e8b465ee728b)
Start importing Assets/0_TileMap/plains_20.asset using Guid(243c93b10b8e1e54783d0a8a89aab556) Importer(815301076,1909f56bfc062723c751e8b465ee728b)  -> (artifact id: '7f25afda2e38774db4d87c05682fb7f9') in 0.010591 seconds
Number of updated asset objects reloaded before import = 0
Number of asset objects unloaded after import = 3
========================================================================
Received Import Request.
  Time since last request: 0.103390 seconds.
  path: Assets/0_TileMap/plains_27.asset
  artifactKey: Guid(355d41b0f32b2e842b134d3fd6c8ef9f) Importer(815301076,1909f56bfc062723c751e8b465ee728b)
Start importing Assets/0_TileMap/plains_27.asset using Guid(355d41b0f32b2e842b134d3fd6c8ef9f) Importer(815301076,1909f56bfc062723c751e8b465ee728b)  -> (artifact id: '5861bc637b821f340a72fa94653666ba') in 0.004837 seconds
Number of updated asset objects reloaded before import = 0
Number of asset objects unloaded after import = 3
========================================================================
Received Import Request.
  Time since last request: 0.000012 seconds.
  path: Assets/0_TileMap/plains_32.asset
  artifactKey: Guid(77a8d475127134844b4fcb61cd70cd31) Importer(815301076,1909f56bfc062723c751e8b465ee728b)
Start importing Assets/0_TileMap/plains_32.asset using Guid(77a8d475127134844b4fcb61cd70cd31) Importer(815301076,1909f56bfc062723c751e8b465ee728b)  -> (artifact id: '4038e24e7767ef2d38763861c5cb8481') in 0.005200 seconds
Number of updated asset objects reloaded before import = 0
Number of asset objects unloaded after import = 3
========================================================================
Received Import Request.
  Time since last request: 0.000015 seconds.
  path: Assets/0_TileMap/plains_31.asset
  artifactKey: Guid(c84f0e68feb62cc4facf11083a9deb84) Importer(815301076,1909f56bfc062723c751e8b465ee728b)
Start importing Assets/0_TileMap/plains_31.asset using Guid(c84f0e68feb62cc4facf11083a9deb84) Importer(815301076,1909f56bfc062723c751e8b465ee728b)  -> (artifact id: '41b18c8729bbd69d11cc92f312971ee1') in 0.008185 seconds
Number of updated asset objects reloaded before import = 0
Number of asset objects unloaded after import = 3
========================================================================
Received Import Request.
  Time since last request: 0.000020 seconds.
  path: Assets/0_TileMap/plains_35.asset
  artifactKey: Guid(a047346568ca0d94b8eea75e73ee43c0) Importer(815301076,1909f56bfc062723c751e8b465ee728b)
Start importing Assets/0_TileMap/plains_35.asset using Guid(a047346568ca0d94b8eea75e73ee43c0) Importer(815301076,1909f56bfc062723c751e8b465ee728b)  -> (artifact id: '8c6ac715a2166a47a9cee83e9092b307') in 0.004501 seconds
Number of updated asset objects reloaded before import = 0
Number of asset objects unloaded after import = 3
========================================================================
Received Import Request.
  Time since last request: 0.000026 seconds.
  path: Assets/0_TileMap/plains_34.asset
  artifactKey: Guid(c873e64d6dccfb842bb831fd8b44bf7a) Importer(815301076,1909f56bfc062723c751e8b465ee728b)
Start importing Assets/0_TileMap/plains_34.asset using Guid(c873e64d6dccfb842bb831fd8b44bf7a) Importer(815301076,1909f56bfc062723c751e8b465ee728b)  -> (artifact id: '28e59a60b1738f9e942ff4757c0d012e') in 0.005142 seconds
Number of updated asset objects reloaded before import = 0
Number of asset objects unloaded after import = 3
========================================================================
Received Import Request.
  Time since last request: 0.040913 seconds.
  path: Assets/0_TileMap/plains_36.asset
  artifactKey: Guid(a90233f2f715f3d48877abf35505e7b1) Importer(815301076,1909f56bfc062723c751e8b465ee728b)
Start importing Assets/0_TileMap/plains_36.asset using Guid(a90233f2f715f3d48877abf35505e7b1) Importer(815301076,1909f56bfc062723c751e8b465ee728b)  -> (artifact id: '5ff2ac10663ae8965f52f1c02d60425f') in 0.013358 seconds
Number of updated asset objects reloaded before import = 0
Number of asset objects unloaded after import = 3
========================================================================
Received Import Request.
  Time since last request: 0.000019 seconds.
  path: Assets/0_TileMap/plains_44.asset
  artifactKey: Guid(80cb03a0a487fea46a682681f7ee9fcd) Importer(815301076,1909f56bfc062723c751e8b465ee728b)
Start importing Assets/0_TileMap/plains_44.asset using Guid(80cb03a0a487fea46a682681f7ee9fcd) Importer(815301076,1909f56bfc062723c751e8b465ee728b)  -> (artifact id: '0b72537ed20b6cd0b42fd52270aa3933') in 0.003728 seconds
Number of updated asset objects reloaded before import = 0
Number of asset objects unloaded after import = 3
========================================================================
Received Import Request.
  Time since last request: 0.000021 seconds.
  path: Assets/0_TileMap/plains_38.asset
  artifactKey: Guid(127327bc9f69b044c941fa7cdab93a06) Importer(815301076,1909f56bfc062723c751e8b465ee728b)
Start importing Assets/0_TileMap/plains_38.asset using Guid(127327bc9f69b044c941fa7cdab93a06) Importer(815301076,1909f56bfc062723c751e8b465ee728b)  -> (artifact id: '48b3f4afbcadc1f7feb60bac945fa149') in 0.007258 seconds
Number of updated asset objects reloaded before import = 0
Number of asset objects unloaded after import = 3
========================================================================
Received Import Request.
  Time since last request: 0.000012 seconds.
  path: Assets/0_TileMap/plains_39.asset
  artifactKey: Guid(1d7d9fc897d2d1b4d9e118140001baa8) Importer(815301076,1909f56bfc062723c751e8b465ee728b)
Start importing Assets/0_TileMap/plains_39.asset using Guid(1d7d9fc897d2d1b4d9e118140001baa8) Importer(815301076,1909f56bfc062723c751e8b465ee728b)  -> (artifact id: '82af6da05532d15e0d864bcc913ceb05') in 0.004012 seconds
Number of updated asset objects reloaded before import = 0
Number of asset objects unloaded after import = 3
========================================================================
Received Import Request.
  Time since last request: 81.928542 seconds.
  path: Assets/0_TileMap/plains_45.asset
  artifactKey: Guid(3b6557d4cf912b34d83fa3e2b15333c9) Importer(815301076,1909f56bfc062723c751e8b465ee728b)
Start importing Assets/0_TileMap/plains_45.asset using Guid(3b6557d4cf912b34d83fa3e2b15333c9) Importer(815301076,1909f56bfc062723c751e8b465ee728b)  -> (artifact id: 'cd6d1ffc38d8a3d239fe4bc1cdc6e131') in 0.015336 seconds
Number of updated asset objects reloaded before import = 0
Number of asset objects unloaded after import = 3
========================================================================
Received Import Request.
  Time since last request: 0.000019 seconds.
  path: Assets/0_TileMap/plains_47.asset
  artifactKey: Guid(7b4891f6791dc0f4ab25f85aa6a97baa) Importer(815301076,1909f56bfc062723c751e8b465ee728b)
Start importing Assets/0_TileMap/plains_47.asset using Guid(7b4891f6791dc0f4ab25f85aa6a97baa) Importer(815301076,1909f56bfc062723c751e8b465ee728b)  -> (artifact id: 'd3f301b08fd20fcc60c6f6827eee958f') in 0.015706 seconds
Number of updated asset objects reloaded before import = 0
Number of asset objects unloaded after import = 3
========================================================================
Received Import Request.
  Time since last request: 0.000034 seconds.
  path: Assets/0_TileMap/plains_49.asset
  artifactKey: Guid(5af937cc6432f7f45bde1f8648938fb7) Importer(815301076,1909f56bfc062723c751e8b465ee728b)
Start importing Assets/0_TileMap/plains_49.asset using Guid(5af937cc6432f7f45bde1f8648938fb7) Importer(815301076,1909f56bfc062723c751e8b465ee728b)  -> (artifact id: 'ca534f5a6e85413e2fde755b73dddc7f') in 0.015924 seconds
Number of updated asset objects reloaded before import = 0
Number of asset objects unloaded after import = 3
========================================================================
Received Import Request.
  Time since last request: 0.000022 seconds.
  path: Assets/0_TileMap/plains_53.asset
  artifactKey: Guid(ba050353706bfa1498ded6a697303e42) Importer(815301076,1909f56bfc062723c751e8b465ee728b)
Start importing Assets/0_TileMap/plains_53.asset using Guid(ba050353706bfa1498ded6a697303e42) Importer(815301076,1909f56bfc062723c751e8b465ee728b)  -> (artifact id: '3ad8f295670963724f717c4fc748a7b8') in 0.004846 seconds
Number of updated asset objects reloaded before import = 0
Number of asset objects unloaded after import = 3
========================================================================
Received Import Request.
  Time since last request: 0.024029 seconds.
  path: Assets/0_TileMap/plains_54.asset
  artifactKey: Guid(261184bd84399f34fbc52cb5196d7b71) Importer(815301076,1909f56bfc062723c751e8b465ee728b)
Start importing Assets/0_TileMap/plains_54.asset using Guid(261184bd84399f34fbc52cb5196d7b71) Importer(815301076,1909f56bfc062723c751e8b465ee728b)  -> (artifact id: '5b7e3c600a657bcb4a531eaa8ff6253b') in 0.004283 seconds
Number of updated asset objects reloaded before import = 0
Number of asset objects unloaded after import = 3
========================================================================
Received Import Request.
  Time since last request: 0.000014 seconds.
  path: Assets/0_TileMap/plains_60.asset
  artifactKey: Guid(cd4aa94bd4690134b8638ddc749be6cd) Importer(815301076,1909f56bfc062723c751e8b465ee728b)
Start importing Assets/0_TileMap/plains_60.asset using Guid(cd4aa94bd4690134b8638ddc749be6cd) Importer(815301076,1909f56bfc062723c751e8b465ee728b)  -> (artifact id: 'fc20956948c0f8ed8f5543946dfc9a5f') in 0.008866 seconds
Number of updated asset objects reloaded before import = 0
Number of asset objects unloaded after import = 3
========================================================================
Received Import Request.
  Time since last request: 0.000031 seconds.
  path: Assets/0_TileMap/plains_58.asset
  artifactKey: Guid(932626ce873985544a6d08a71ed273b5) Importer(815301076,1909f56bfc062723c751e8b465ee728b)
Start importing Assets/0_TileMap/plains_58.asset using Guid(932626ce873985544a6d08a71ed273b5) Importer(815301076,1909f56bfc062723c751e8b465ee728b)  -> (artifact id: '92c9e995f2939c003102011683c0ba23') in 0.011455 seconds
Number of updated asset objects reloaded before import = 0
Number of asset objects unloaded after import = 3
========================================================================
Received Import Request.
  Time since last request: 0.000015 seconds.
  path: Assets/0_TileMap/plains_62.asset
  artifactKey: Guid(424e4605af039ce43a83c6cdee8c2705) Importer(815301076,1909f56bfc062723c751e8b465ee728b)
Start importing Assets/0_TileMap/plains_62.asset using Guid(424e4605af039ce43a83c6cdee8c2705) Importer(815301076,1909f56bfc062723c751e8b465ee728b)  -> (artifact id: 'f808e3c0e30f1c6807584897afc1c6d4') in 0.004616 seconds
Number of updated asset objects reloaded before import = 0
Number of asset objects unloaded after import = 3
========================================================================
Received Import Request.
  Time since last request: 0.000022 seconds.
  path: Assets/0_TileMap/plains_59.asset
  artifactKey: Guid(c536d241ea14d74489c4f085e5d9e734) Importer(815301076,1909f56bfc062723c751e8b465ee728b)
Start importing Assets/0_TileMap/plains_59.asset using Guid(c536d241ea14d74489c4f085e5d9e734) Importer(815301076,1909f56bfc062723c751e8b465ee728b)  -> (artifact id: '7e25f9e8bb313bc225465a816cdf8713') in 0.005877 seconds
Number of updated asset objects reloaded before import = 0
Number of asset objects unloaded after import = 3
Editor requested this worker to shutdown with reason: Scaling down because of idle timeout
TcpMessagingSession - receive error: operation aborted. errorcode: 995, details: 스레드 종료 또는 응용 프로그램 요청 때문에 I/O 작업이 취소되었습니다.
AssetImportWorker is now disconnected from the server
Process exiting
Exiting without the bug reporter. Application will terminate with return code 0