Using pre-set license
Built from '2022.3/staging' branch; Version is '2022.3.17f1 (4fc78088f837) revision 5228416'; Using compiler version '192829333'; Build Type 'Release'
OS: 'Windows 11  (10.0.22621) 64bit Core' Language: 'ko' Physical Memory: 16309 MB
BatchMode: 1, IsHumanControllingUs: 0, StartBugReporterOnCrash: 0, Is64bit: 1, IsPro: 1

COMMAND LINE ARGUMENTS:
D:\2022.3.17f1\Editor\Unity.exe
-adb2
-batchMode
-noUpm
-name
AssetImportWorker3
-projectPath
C:/Users/gones/Desktop/Princess_Gourmet
-logFile
Logs/AssetImportWorker3.log
-srvPort
55553
Successfully changed project path to: C:/Users/gones/Desktop/Princess_Gourmet
C:/Users/gones/Desktop/Princess_Gourmet
[UnityMemory] Configuration Parameters - Can be set up in boot.config
    "memorysetup-bucket-allocator-granularity=16"
    "memorysetup-bucket-allocator-bucket-count=8"
    "memorysetup-bucket-allocator-block-size=33554432"
    "memorysetup-bucket-allocator-block-count=8"
    "memorysetup-main-allocator-block-size=16777216"
    "memorysetup-thread-allocator-block-size=16777216"
    "memorysetup-gfx-main-allocator-block-size=16777216"
    "memorysetup-gfx-thread-allocator-block-size=16777216"
    "memorysetup-cache-allocator-block-size=4194304"
    "memorysetup-typetree-allocator-block-size=2097152"
    "memorysetup-profiler-bucket-allocator-granularity=16"
    "memorysetup-profiler-bucket-allocator-bucket-count=8"
    "memorysetup-profiler-bucket-allocator-block-size=33554432"
    "memorysetup-profiler-bucket-allocator-block-count=8"
    "memorysetup-profiler-allocator-block-size=16777216"
    "memorysetup-profiler-editor-allocator-block-size=1048576"
    "memorysetup-temp-allocator-size-main=16777216"
    "memorysetup-job-temp-allocator-block-size=2097152"
    "memorysetup-job-temp-allocator-block-size-background=1048576"
    "memorysetup-job-temp-allocator-reduction-small-platforms=262144"
    "memorysetup-allocator-temp-initial-block-size-main=262144"
    "memorysetup-allocator-temp-initial-block-size-worker=262144"
    "memorysetup-temp-allocator-size-background-worker=32768"
    "memorysetup-temp-allocator-size-job-worker=262144"
    "memorysetup-temp-allocator-size-preload-manager=33554432"
    "memorysetup-temp-allocator-size-nav-mesh-worker=65536"
    "memorysetup-temp-allocator-size-audio-worker=65536"
    "memorysetup-temp-allocator-size-cloud-worker=32768"
    "memorysetup-temp-allocator-size-gi-baking-worker=262144"
    "memorysetup-temp-allocator-size-gfx=262144"
Player connection [28380] Host "[IP] 192.168.45.229 [Port] 0 [Flags] 2 [Guid] 1126250587 [EditorId] 1126250587 [Version] 1048832 [Id] WindowsEditor(7,GYEOM_PC) [Debug] 1 [PackageName] WindowsEditor [ProjectName] Editor" joined multi-casting on [225.0.0.222:54997]...

Player connection [28380] Host "[IP] 192.168.45.229 [Port] 0 [Flags] 2 [Guid] 1126250587 [EditorId] 1126250587 [Version] 1048832 [Id] WindowsEditor(7,GYEOM_PC) [Debug] 1 [PackageName] WindowsEditor [ProjectName] Editor" joined alternative multi-casting on [225.0.0.222:34997]...

[Physics::Module] Initialized MultithreadedJobDispatcher with 11 workers.
Refreshing native plugins compatible for Editor in 12.39 ms, found 4 plugins.
Preloading 0 native plugins for Editor in 0.00 ms.
Initialize engine version: 2022.3.17f1 (4fc78088f837)
[Subsystems] Discovering subsystems at path D:/2022.3.17f1/Editor/Data/Resources/UnitySubsystems
[Subsystems] Discovering subsystems at path C:/Users/gones/Desktop/Princess_Gourmet/Assets
GfxDevice: creating device client; threaded=0; jobified=0
Direct3D:
    Version:  Direct3D 11.0 [level 11.1]
    Renderer: NVIDIA GeForce RTX 3060 (ID=0x2504)
    Vendor:   NVIDIA
    VRAM:     12129 MB
    Driver:   31.0.15.3598
Initialize mono
Mono path[0] = 'D:/2022.3.17f1/Editor/Data/Managed'
Mono path[1] = 'D:/2022.3.17f1/Editor/Data/MonoBleedingEdge/lib/mono/unityjit-win32'
Mono config path = 'D:/2022.3.17f1/Editor/Data/MonoBleedingEdge/etc'
Using monoOptions --debugger-agent=transport=dt_socket,embedding=1,server=y,suspend=n,address=127.0.0.1:56960
Begin MonoManager ReloadAssembly
Registering precompiled unity dll's ...
Register platform support module: D:/2022.3.17f1/Editor/Data/PlaybackEngines/WebGLSupport/UnityEditor.WebGL.Extensions.dll
Register platform support module: D:/2022.3.17f1/Editor/Data/PlaybackEngines/WindowsStandaloneSupport/UnityEditor.WindowsStandalone.Extensions.dll
Registered in 0.002445 seconds.
- Loaded All Assemblies, in  0.328 seconds
Native extension for WindowsStandalone target not found
Native extension for WebGL target not found
Mono: successfully reloaded assembly
- Finished resetting the current domain, in  0.254 seconds
Domain Reload Profiling: 582ms
	BeginReloadAssembly (99ms)
		ExecutionOrderSort (0ms)
		DisableScriptedObjects (0ms)
		BackupInstance (0ms)
		ReleaseScriptingObjects (0ms)
		CreateAndSetChildDomain (1ms)
	RebuildCommonClasses (29ms)
	RebuildNativeTypeToScriptingClass (10ms)
	initialDomainReloadingComplete (41ms)
	LoadAllAssembliesAndSetupDomain (147ms)
		LoadAssemblies (98ms)
		RebuildTransferFunctionScriptingTraits (0ms)
		AnalyzeDomain (145ms)
			TypeCache.Refresh (144ms)
				TypeCache.ScanAssembly (126ms)
			ScanForSourceGeneratedMonoScriptInfo (0ms)
			ResolveRequiredComponents (1ms)
	FinalizeReload (255ms)
		ReleaseScriptCaches (0ms)
		RebuildScriptCaches (0ms)
		SetupLoadedEditorAssemblies (201ms)
			LogAssemblyErrors (0ms)
			InitializePlatformSupportModulesInManaged (7ms)
			SetLoadedEditorAssemblies (4ms)
			RefreshPlugins (0ms)
			BeforeProcessingInitializeOnLoad (3ms)
			ProcessInitializeOnLoadAttributes (143ms)
			ProcessInitializeOnLoadMethodAttributes (44ms)
			AfterProcessingInitializeOnLoad (0ms)
			EditorAssembliesLoaded (0ms)
		ExecutionOrderSort2 (0ms)
		AwakeInstancesAfterBackupRestoration (0ms)
========================================================================
Worker process is ready to serve import requests
Begin MonoManager ReloadAssembly
- Loaded All Assemblies, in  0.581 seconds
Refreshing native plugins compatible for Editor in 4.11 ms, found 4 plugins.
Native extension for WindowsStandalone target not found
Native extension for WebGL target not found
Package Manager log level set to [2]
[Package Manager] Server::EnsureServerProcessIsRunning -- launch failed, reason: Unity was launched with the -noUpm command-line argument
[Package Manager] UpmClient::Send -- Unable to send message (not connected to UPM process).
[Package Manager] Cannot connect to Unity Package Manager local server
Mono: successfully reloaded assembly
- Finished resetting the current domain, in  0.787 seconds
Domain Reload Profiling: 1367ms
	BeginReloadAssembly (130ms)
		ExecutionOrderSort (0ms)
		DisableScriptedObjects (6ms)
		BackupInstance (0ms)
		ReleaseScriptingObjects (0ms)
		CreateAndSetChildDomain (24ms)
	RebuildCommonClasses (28ms)
	RebuildNativeTypeToScriptingClass (8ms)
	initialDomainReloadingComplete (34ms)
	LoadAllAssembliesAndSetupDomain (379ms)
		LoadAssemblies (286ms)
		RebuildTransferFunctionScriptingTraits (0ms)
		AnalyzeDomain (165ms)
			TypeCache.Refresh (137ms)
				TypeCache.ScanAssembly (120ms)
			ScanForSourceGeneratedMonoScriptInfo (24ms)
			ResolveRequiredComponents (3ms)
	FinalizeReload (788ms)
		ReleaseScriptCaches (0ms)
		RebuildScriptCaches (0ms)
		SetupLoadedEditorAssemblies (629ms)
			LogAssemblyErrors (0ms)
			InitializePlatformSupportModulesInManaged (6ms)
			SetLoadedEditorAssemblies (4ms)
			RefreshPlugins (0ms)
			BeforeProcessingInitializeOnLoad (71ms)
			ProcessInitializeOnLoadAttributes (511ms)
			ProcessInitializeOnLoadMethodAttributes (35ms)
			AfterProcessingInitializeOnLoad (2ms)
			EditorAssembliesLoaded (0ms)
		ExecutionOrderSort2 (0ms)
		AwakeInstancesAfterBackupRestoration (6ms)
Launched and connected shader compiler UnityShaderCompiler.exe after 0.07 seconds
Refreshing native plugins compatible for Editor in 4.42 ms, found 4 plugins.
Preloading 0 native plugins for Editor in 0.00 ms.
Unloading 4018 Unused Serialized files (Serialized files now loaded: 0)
Unloading 70 unused Assets / (244.4 KB). Loaded Objects now: 4473.
Memory consumption went from 144.8 MB to 144.5 MB.
Total: 3.970700 ms (FindLiveObjects: 0.255000 ms CreateObjectMapping: 0.201100 ms MarkObjects: 3.322900 ms  DeleteObjects: 0.191000 ms)

AssetImportParameters requested are different than current active one (requested -> active):
  custom:container-demuxer-ogg: 62fdf1f143b41e24485cea50d1cbac27 -> 
  custom:video-codec-MediaFoundation-h265: 746d11721c4dcdbdad8f713fa42b33f4 -> 
  custom:video-decoder-ogg-theora: a1e56fd34408186e4bbccfd4996cb3dc -> 
  custom:framework-win-MediaFoundation: 216162199b28c13a410421893ffa2e32 -> 
  custom:CustomObjectIndexerAttribute: 6d391050e5a25f67b0a2c618074f2cd9 -> 
  custom:container-demuxer-webm: 4f35f7cbe854078d1ac9338744f61a02 -> 
  custom:container-muxer-webm: aa71ff27fc2769a1b78a27578f13a17b -> 
  custom:video-decoder-webm-vp8: 9c59270c3fd7afecdb556c50c9e8de78 -> 
  custom:SearchIndexIgnoredProperties: e643bd26f0fe6173181afceb89e7c659 -> 
  custom:AudioImporter_EditorPlatform: d09bf68614088b80899f8185d706f6e7 -> 
  custom:video-encoder-webm-vp8: eb34c28f22e8b96e1ab97ce403110664 -> 
  custom:audio-decoder-ogg-vorbis: bf7c407c2cedff20999df2af8eb42d56 -> 
  custom:audio-encoder-webm-vorbis: bf7c407c2cedff20999df2af8eb42d56 -> 
========================================================================
Received Import Request.
  Time since last request: 355589.361798 seconds.
  path: Assets/0_Source/MysticWood/tilesets/plains_31.asset
  artifactKey: Guid(f087f72586490b04d99abef23751a0ea) Importer(815301076,1909f56bfc062723c751e8b465ee728b)
Start importing Assets/0_Source/MysticWood/tilesets/plains_31.asset using Guid(f087f72586490b04d99abef23751a0ea) Importer(815301076,1909f56bfc062723c751e8b465ee728b)  -> (artifact id: 'a28d511edcde4223e8f300f7e538aa9a') in 0.071270 seconds
Number of updated asset objects reloaded before import = 0
Number of asset objects unloaded after import = 3
========================================================================
Received Import Request.
  Time since last request: 0.013009 seconds.
  path: Assets/0_Source/MysticWood/tilesets/plains_37.asset
  artifactKey: Guid(1f68310764335b5478f32c61beda8eb3) Importer(815301076,1909f56bfc062723c751e8b465ee728b)
Start importing Assets/0_Source/MysticWood/tilesets/plains_37.asset using Guid(1f68310764335b5478f32c61beda8eb3) Importer(815301076,1909f56bfc062723c751e8b465ee728b)  -> (artifact id: 'c0bad256138d79eebd79552553085937') in 0.009190 seconds
Number of updated asset objects reloaded before import = 0
Number of asset objects unloaded after import = 3
========================================================================
Received Import Request.
  Time since last request: 0.000019 seconds.
  path: Assets/0_Source/MysticWood/tilesets/plains_40.asset
  artifactKey: Guid(a239e48aea851de499e7198adddd8b62) Importer(815301076,1909f56bfc062723c751e8b465ee728b)
Start importing Assets/0_Source/MysticWood/tilesets/plains_40.asset using Guid(a239e48aea851de499e7198adddd8b62) Importer(815301076,1909f56bfc062723c751e8b465ee728b)  -> (artifact id: 'dd80bac972309967bd87ca91e5782dcc') in 0.013026 seconds
Number of updated asset objects reloaded before import = 0
Number of asset objects unloaded after import = 3
========================================================================
Received Import Request.
  Time since last request: 0.317171 seconds.
  path: Assets/0_Source/MysticWood/tilesets/plains_44.asset
  artifactKey: Guid(72b1db771075e164c8c7e079ba81f147) Importer(815301076,1909f56bfc062723c751e8b465ee728b)
Start importing Assets/0_Source/MysticWood/tilesets/plains_44.asset using Guid(72b1db771075e164c8c7e079ba81f147) Importer(815301076,1909f56bfc062723c751e8b465ee728b)  -> (artifact id: '18b3e6cdd628929ab536135792c7d8be') in 0.018760 seconds
Number of updated asset objects reloaded before import = 0
Number of asset objects unloaded after import = 3
========================================================================
Received Import Request.
  Time since last request: 0.000018 seconds.
  path: Assets/0_Source/MysticWood/tilesets/plains_47.asset
  artifactKey: Guid(ef3af49e22ae69a44b680396a5a22ed8) Importer(815301076,1909f56bfc062723c751e8b465ee728b)
Start importing Assets/0_Source/MysticWood/tilesets/plains_47.asset using Guid(ef3af49e22ae69a44b680396a5a22ed8) Importer(815301076,1909f56bfc062723c751e8b465ee728b)  -> (artifact id: '24dc6b638b349bf886c8d5f4a5b435c0') in 0.015817 seconds
Number of updated asset objects reloaded before import = 0
Number of asset objects unloaded after import = 3
========================================================================
Received Import Request.
  Time since last request: 0.000034 seconds.
  path: Assets/0_Source/MysticWood/tilesets/plains_45.asset
  artifactKey: Guid(56291a710c6da9d4ca45829e95a6b403) Importer(815301076,1909f56bfc062723c751e8b465ee728b)
Start importing Assets/0_Source/MysticWood/tilesets/plains_45.asset using Guid(56291a710c6da9d4ca45829e95a6b403) Importer(815301076,1909f56bfc062723c751e8b465ee728b)  -> (artifact id: '3d530c9b7a20b37dfeffc1b81189b08a') in 0.013277 seconds
Number of updated asset objects reloaded before import = 0
Number of asset objects unloaded after import = 3
========================================================================
Received Import Request.
  Time since last request: 29.547181 seconds.
  path: Assets/0_Source/MysticWood/tilesets/plains_51.asset
  artifactKey: Guid(1404e5cf3be68044bad3294713b172d5) Importer(815301076,1909f56bfc062723c751e8b465ee728b)
Start importing Assets/0_Source/MysticWood/tilesets/plains_51.asset using Guid(1404e5cf3be68044bad3294713b172d5) Importer(815301076,1909f56bfc062723c751e8b465ee728b)  -> (artifact id: '2f82296cd4eb5ffe22c1a40c8eb4ecc8') in 0.014750 seconds
Number of updated asset objects reloaded before import = 0
Number of asset objects unloaded after import = 3
========================================================================
Received Import Request.
  Time since last request: 0.000019 seconds.
  path: Assets/0_Source/MysticWood/tilesets/plains_52.asset
  artifactKey: Guid(601e2ae41e2846b4f9b8805a706e36c4) Importer(815301076,1909f56bfc062723c751e8b465ee728b)
Start importing Assets/0_Source/MysticWood/tilesets/plains_52.asset using Guid(601e2ae41e2846b4f9b8805a706e36c4) Importer(815301076,1909f56bfc062723c751e8b465ee728b)  -> (artifact id: 'cbe32f64ffdca58a0fbccbbe0c23f808') in 0.011653 seconds
Number of updated asset objects reloaded before import = 0
Number of asset objects unloaded after import = 3
========================================================================
Received Import Request.
  Time since last request: 0.227060 seconds.
  path: Assets/0_Source/MysticWood/tilesets/plains_57.asset
  artifactKey: Guid(08e64f8d43b4ece459058faed9f2b176) Importer(815301076,1909f56bfc062723c751e8b465ee728b)
Start importing Assets/0_Source/MysticWood/tilesets/plains_57.asset using Guid(08e64f8d43b4ece459058faed9f2b176) Importer(815301076,1909f56bfc062723c751e8b465ee728b)  -> (artifact id: '2036f696de56dfc5b68f44ac0332b480') in 0.010793 seconds
Number of updated asset objects reloaded before import = 0
Number of asset objects unloaded after import = 3
========================================================================
Received Import Request.
  Time since last request: 0.000015 seconds.
  path: Assets/0_Source/MysticWood/tilesets/plains_58.asset
  artifactKey: Guid(0a13d81da525aa745a0779eb1cd4c686) Importer(815301076,1909f56bfc062723c751e8b465ee728b)
Start importing Assets/0_Source/MysticWood/tilesets/plains_58.asset using Guid(0a13d81da525aa745a0779eb1cd4c686) Importer(815301076,1909f56bfc062723c751e8b465ee728b)  -> (artifact id: '744f7bab20eb30b155577adcca82a8a3') in 0.012729 seconds
Number of updated asset objects reloaded before import = 0
Number of asset objects unloaded after import = 3
========================================================================
Received Import Request.
  Time since last request: 0.000016 seconds.
  path: Assets/0_Source/MysticWood/tilesets/plains_59.asset
  artifactKey: Guid(5adcb3261ff4a914d8467677907a10b4) Importer(815301076,1909f56bfc062723c751e8b465ee728b)
Start importing Assets/0_Source/MysticWood/tilesets/plains_59.asset using Guid(5adcb3261ff4a914d8467677907a10b4) Importer(815301076,1909f56bfc062723c751e8b465ee728b)  -> (artifact id: 'ab3f091d49a8c4cd70b3d9741a6c7f3d') in 0.009060 seconds
Number of updated asset objects reloaded before import = 0
Number of asset objects unloaded after import = 3
========================================================================
Received Import Request.
  Time since last request: 0.003619 seconds.
  path: Assets/0_Source/MysticWood/tilesets/plains_66.asset
  artifactKey: Guid(b0265ce2ca4a7734792c070056349902) Importer(815301076,1909f56bfc062723c751e8b465ee728b)
Start importing Assets/0_Source/MysticWood/tilesets/plains_66.asset using Guid(b0265ce2ca4a7734792c070056349902) Importer(815301076,1909f56bfc062723c751e8b465ee728b)  -> (artifact id: '755ce73ea61f916386b11077ea82e879') in 0.008476 seconds
Number of updated asset objects reloaded before import = 0
Number of asset objects unloaded after import = 3
========================================================================
Received Import Request.
  Time since last request: 1080.364425 seconds.
  path: Assets/0_Source/MysticWood/tilesets/walls/wooden_door.png
  artifactKey: Guid(d6b86819cede06f4cbb4095826e0264d) Importer(815301076,1909f56bfc062723c751e8b465ee728b)
Start importing Assets/0_Source/MysticWood/tilesets/walls/wooden_door.png using Guid(d6b86819cede06f4cbb4095826e0264d) Importer(815301076,1909f56bfc062723c751e8b465ee728b)  -> (artifact id: '5384764560de166213666af6ccd69050') in 0.030382 seconds
Number of updated asset objects reloaded before import = 0
Number of asset objects unloaded after import = 3
========================================================================
Received Import Request.
  Time since last request: 72.361164 seconds.
  path: Assets/0_Source/MysticWood/tilesets/decor_16x16_1.asset
  artifactKey: Guid(2491a264de392ef44b0dbf9071507fae) Importer(815301076,1909f56bfc062723c751e8b465ee728b)
Start importing Assets/0_Source/MysticWood/tilesets/decor_16x16_1.asset using Guid(2491a264de392ef44b0dbf9071507fae) Importer(815301076,1909f56bfc062723c751e8b465ee728b)  -> (artifact id: '6b13d05904bef603769c7ff86b98603c') in 0.011806 seconds
Number of updated asset objects reloaded before import = 0
Number of asset objects unloaded after import = 3
========================================================================
Received Import Request.
  Time since last request: 0.000025 seconds.
  path: Assets/0_Source/MysticWood/tilesets/decor_16x16_4.asset
  artifactKey: Guid(06d0fc86f351ac046835b0615a6cdeb8) Importer(815301076,1909f56bfc062723c751e8b465ee728b)
Start importing Assets/0_Source/MysticWood/tilesets/decor_16x16_4.asset using Guid(06d0fc86f351ac046835b0615a6cdeb8) Importer(815301076,1909f56bfc062723c751e8b465ee728b)  -> (artifact id: '21caf62cf22bf77e70e3a86e861058a9') in 0.012669 seconds
Number of updated asset objects reloaded before import = 0
Number of asset objects unloaded after import = 3
========================================================================
Received Import Request.
  Time since last request: 0.000022 seconds.
  path: Assets/0_Source/MysticWood/tilesets/decor_16x16_7.asset
  artifactKey: Guid(2e68b35a15f45e94c8f1ba1a616436af) Importer(815301076,1909f56bfc062723c751e8b465ee728b)
Start importing Assets/0_Source/MysticWood/tilesets/decor_16x16_7.asset using Guid(2e68b35a15f45e94c8f1ba1a616436af) Importer(815301076,1909f56bfc062723c751e8b465ee728b)  -> (artifact id: 'a7f8b78bd04c3e2f614da874001ad822') in 0.015637 seconds
Number of updated asset objects reloaded before import = 0
Number of asset objects unloaded after import = 3
========================================================================
Received Import Request.
  Time since last request: 0.000031 seconds.
  path: Assets/0_Source/MysticWood/tilesets/decor_16x16_15.asset
  artifactKey: Guid(a8c94da9881edae4cb83a3eae3448dc7) Importer(815301076,1909f56bfc062723c751e8b465ee728b)
Start importing Assets/0_Source/MysticWood/tilesets/decor_16x16_15.asset using Guid(a8c94da9881edae4cb83a3eae3448dc7) Importer(815301076,1909f56bfc062723c751e8b465ee728b)  -> (artifact id: '01681040cf52c6ae8fc83c4b4edfd32d') in 0.018160 seconds
Number of updated asset objects reloaded before import = 0
Number of asset objects unloaded after import = 3
========================================================================
Received Import Request.
  Time since last request: 0.000034 seconds.
  path: Assets/0_Source/MysticWood/tilesets/decor_16x16_9.asset
  artifactKey: Guid(afb6450b195dfa94cbe8ef815d3d0212) Importer(815301076,1909f56bfc062723c751e8b465ee728b)
Start importing Assets/0_Source/MysticWood/tilesets/decor_16x16_9.asset using Guid(afb6450b195dfa94cbe8ef815d3d0212) Importer(815301076,1909f56bfc062723c751e8b465ee728b)  -> (artifact id: '3482d19f0eb555586453af586a51bdc5') in 0.014977 seconds
Number of updated asset objects reloaded before import = 0
Number of asset objects unloaded after import = 3
========================================================================
Received Import Request.
  Time since last request: 0.000023 seconds.
  path: Assets/0_Source/MysticWood/tilesets/decor_16x16_18.asset
  artifactKey: Guid(180a9f688c39b99458de6246dc3a35e4) Importer(815301076,1909f56bfc062723c751e8b465ee728b)
Start importing Assets/0_Source/MysticWood/tilesets/decor_16x16_18.asset using Guid(180a9f688c39b99458de6246dc3a35e4) Importer(815301076,1909f56bfc062723c751e8b465ee728b)  -> (artifact id: '627fa956d3476bf71919e65de54d2f7f') in 0.011314 seconds
Number of updated asset objects reloaded before import = 0
Number of asset objects unloaded after import = 3
========================================================================
Received Import Request.
  Time since last request: 0.000018 seconds.
  path: Assets/0_Source/MysticWood/tilesets/decor_16x16_17.asset
  artifactKey: Guid(204a1ade82fe7c746ae36de29da8d7b0) Importer(815301076,1909f56bfc062723c751e8b465ee728b)
Start importing Assets/0_Source/MysticWood/tilesets/decor_16x16_17.asset using Guid(204a1ade82fe7c746ae36de29da8d7b0) Importer(815301076,1909f56bfc062723c751e8b465ee728b)  -> (artifact id: '745122ac7895f0cf129b4015774c3e18') in 0.009846 seconds
Number of updated asset objects reloaded before import = 0
Number of asset objects unloaded after import = 3
========================================================================
Received Import Request.
  Time since last request: 0.000017 seconds.
  path: Assets/0_Source/MysticWood/tilesets/decor_16x16_8.asset
  artifactKey: Guid(3d39f632d5e13f44fa644a645cd82e62) Importer(815301076,1909f56bfc062723c751e8b465ee728b)
Start importing Assets/0_Source/MysticWood/tilesets/decor_16x16_8.asset using Guid(3d39f632d5e13f44fa644a645cd82e62) Importer(815301076,1909f56bfc062723c751e8b465ee728b)  -> (artifact id: '4526fed13626a434a8af8561e7492628') in 0.007921 seconds
Number of updated asset objects reloaded before import = 0
Number of asset objects unloaded after import = 3
========================================================================
Received Import Request.
  Time since last request: 0.000021 seconds.
  path: Assets/0_Source/MysticWood/tilesets/decor_16x16_2.asset
  artifactKey: Guid(081293fe4b8b94645a24e36e7ff79ce9) Importer(815301076,1909f56bfc062723c751e8b465ee728b)
Start importing Assets/0_Source/MysticWood/tilesets/decor_16x16_2.asset using Guid(081293fe4b8b94645a24e36e7ff79ce9) Importer(815301076,1909f56bfc062723c751e8b465ee728b)  -> (artifact id: 'f8ceb7b234abc579969b76cbb5f2edb9') in 0.010062 seconds
Number of updated asset objects reloaded before import = 0
Number of asset objects unloaded after import = 3
========================================================================
Received Import Request.
  Time since last request: 0.000020 seconds.
  path: Assets/0_Source/MysticWood/tilesets/decor_16x16_3.asset
  artifactKey: Guid(a5d4f7bc7d8c94b48931736f573093f2) Importer(815301076,1909f56bfc062723c751e8b465ee728b)
Start importing Assets/0_Source/MysticWood/tilesets/decor_16x16_3.asset using Guid(a5d4f7bc7d8c94b48931736f573093f2) Importer(815301076,1909f56bfc062723c751e8b465ee728b)  -> (artifact id: '67c29df251ab2b6b10f29c684ef4163c') in 0.010206 seconds
Number of updated asset objects reloaded before import = 0
Number of asset objects unloaded after import = 3
========================================================================
Received Import Request.
  Time since last request: 135.106669 seconds.
  path: Assets/0_TileMap/TestMap.prefab
  artifactKey: Guid(13578297bd1f8c447b8bd0163044b8fd) Importer(815301076,1909f56bfc062723c751e8b465ee728b)
Start importing Assets/0_TileMap/TestMap.prefab using Guid(13578297bd1f8c447b8bd0163044b8fd) Importer(815301076,1909f56bfc062723c751e8b465ee728b)  -> (artifact id: '73facc5939da66fb1f138ba54de56e89') in 0.057259 seconds
Number of updated asset objects reloaded before import = 0
Number of asset objects unloaded after import = 191
========================================================================
Received Import Request.
  Time since last request: 274.204214 seconds.
  path: Assets/0_TileMap/decor_16x16_1.asset
  artifactKey: Guid(316db09e8b0e2154b9821e6b88e72b35) Importer(815301076,1909f56bfc062723c751e8b465ee728b)
Start importing Assets/0_TileMap/decor_16x16_1.asset using Guid(316db09e8b0e2154b9821e6b88e72b35) Importer(815301076,1909f56bfc062723c751e8b465ee728b)  -> (artifact id: 'f862dfe43abee3735afa4ec9e434a9da') in 0.005453 seconds
Number of updated asset objects reloaded before import = 0
Number of asset objects unloaded after import = 3
========================================================================
Received Import Request.
  Time since last request: 0.000025 seconds.
  path: Assets/0_TileMap/decor_16x16_6.asset
  artifactKey: Guid(ce5fa6292958da541af68cf82b274668) Importer(815301076,1909f56bfc062723c751e8b465ee728b)
Start importing Assets/0_TileMap/decor_16x16_6.asset using Guid(ce5fa6292958da541af68cf82b274668) Importer(815301076,1909f56bfc062723c751e8b465ee728b)  -> (artifact id: '05ff9ed74a4406e6db327f758d95737a') in 0.005984 seconds
Number of updated asset objects reloaded before import = 0
Number of asset objects unloaded after import = 3
========================================================================
Received Import Request.
  Time since last request: 0.000018 seconds.
  path: Assets/0_TileMap/fences_1.asset
  artifactKey: Guid(f84e33172b8006c42a10799434de3ca2) Importer(815301076,1909f56bfc062723c751e8b465ee728b)
Start importing Assets/0_TileMap/fences_1.asset using Guid(f84e33172b8006c42a10799434de3ca2) Importer(815301076,1909f56bfc062723c751e8b465ee728b)  -> (artifact id: '346cc2d2c19b3145a621c7d39c7b8c10') in 0.012215 seconds
Number of updated asset objects reloaded before import = 0
Number of asset objects unloaded after import = 3
========================================================================
Received Import Request.
  Time since last request: 0.000020 seconds.
  path: Assets/0_TileMap/decor_16x16_17.asset
  artifactKey: Guid(363f4f1deade5ad4dbdad3067078e877) Importer(815301076,1909f56bfc062723c751e8b465ee728b)
Start importing Assets/0_TileMap/decor_16x16_17.asset using Guid(363f4f1deade5ad4dbdad3067078e877) Importer(815301076,1909f56bfc062723c751e8b465ee728b)  -> (artifact id: 'de3a151ee1a8a437124a1d1be02af2cb') in 0.009417 seconds
Number of updated asset objects reloaded before import = 0
Number of asset objects unloaded after import = 3
========================================================================
Received Import Request.
  Time since last request: 0.000038 seconds.
  path: Assets/0_TileMap/fences_3.asset
  artifactKey: Guid(08e610fd8b81c064ba4031be811965fe) Importer(815301076,1909f56bfc062723c751e8b465ee728b)
Start importing Assets/0_TileMap/fences_3.asset using Guid(08e610fd8b81c064ba4031be811965fe) Importer(815301076,1909f56bfc062723c751e8b465ee728b)  -> (artifact id: '203c4ae01ee7118df4e990473436da9d') in 0.011950 seconds
Number of updated asset objects reloaded before import = 0
Number of asset objects unloaded after import = 3
========================================================================
Received Import Request.
  Time since last request: 0.000019 seconds.
  path: Assets/0_TileMap/decor_16x16_11.asset
  artifactKey: Guid(6fd3ba3dc9ead9e46a75d138845d5e25) Importer(815301076,1909f56bfc062723c751e8b465ee728b)
Start importing Assets/0_TileMap/decor_16x16_11.asset using Guid(6fd3ba3dc9ead9e46a75d138845d5e25) Importer(815301076,1909f56bfc062723c751e8b465ee728b)  -> (artifact id: '4b76b5c009d0bbe53c1261290ccb01bb') in 0.008218 seconds
Number of updated asset objects reloaded before import = 0
Number of asset objects unloaded after import = 3
========================================================================
Received Import Request.
  Time since last request: 0.000013 seconds.
  path: Assets/0_TileMap/grass.asset
  artifactKey: Guid(c7e512a423635104cb9f8806e41258c1) Importer(815301076,1909f56bfc062723c751e8b465ee728b)
Start importing Assets/0_TileMap/grass.asset using Guid(c7e512a423635104cb9f8806e41258c1) Importer(815301076,1909f56bfc062723c751e8b465ee728b)  -> (artifact id: '76a0e3050c52f73466e7463679fcf2d9') in 0.004650 seconds
Number of updated asset objects reloaded before import = 0
Number of asset objects unloaded after import = 3
========================================================================
Received Import Request.
  Time since last request: 0.000015 seconds.
  path: Assets/0_TileMap/fences_10.asset
  artifactKey: Guid(1b5b1484d01ed34458e2e5189e69dffd) Importer(815301076,1909f56bfc062723c751e8b465ee728b)
Start importing Assets/0_TileMap/fences_10.asset using Guid(1b5b1484d01ed34458e2e5189e69dffd) Importer(815301076,1909f56bfc062723c751e8b465ee728b)  -> (artifact id: '98c4d9ee44cd155d49d8650bc78fb454') in 0.009448 seconds
Number of updated asset objects reloaded before import = 0
Number of asset objects unloaded after import = 3
========================================================================
Received Import Request.
  Time since last request: 0.000016 seconds.
  path: Assets/0_TileMap/decor_16x16_7.asset
  artifactKey: Guid(93f96a52447c0d74084daaf372843e69) Importer(815301076,1909f56bfc062723c751e8b465ee728b)
Start importing Assets/0_TileMap/decor_16x16_7.asset using Guid(93f96a52447c0d74084daaf372843e69) Importer(815301076,1909f56bfc062723c751e8b465ee728b)  -> (artifact id: 'ab7fb6a3c90b75b7ecc7236b5b27d2e1') in 0.008930 seconds
Number of updated asset objects reloaded before import = 0
Number of asset objects unloaded after import = 3
========================================================================
Received Import Request.
  Time since last request: 0.000013 seconds.
  path: Assets/0_TileMap/plains_5.asset
  artifactKey: Guid(b7f79cf13b1c0e0418b1f4ab5f989722) Importer(815301076,1909f56bfc062723c751e8b465ee728b)
Start importing Assets/0_TileMap/plains_5.asset using Guid(b7f79cf13b1c0e0418b1f4ab5f989722) Importer(815301076,1909f56bfc062723c751e8b465ee728b)  -> (artifact id: '9b54e48439e7d42a760610d051c71c96') in 0.005045 seconds
Number of updated asset objects reloaded before import = 0
Number of asset objects unloaded after import = 3
========================================================================
Received Import Request.
  Time since last request: 0.000022 seconds.
  path: Assets/0_TileMap/decor_16x16_19.asset
  artifactKey: Guid(75ab59f901798fe41b57b2551df6e506) Importer(815301076,1909f56bfc062723c751e8b465ee728b)
Start importing Assets/0_TileMap/decor_16x16_19.asset using Guid(75ab59f901798fe41b57b2551df6e506) Importer(815301076,1909f56bfc062723c751e8b465ee728b)  -> (artifact id: 'c6e29aa4c514323fb0fd5f8562dbfb1c') in 0.007706 seconds
Number of updated asset objects reloaded before import = 0
Number of asset objects unloaded after import = 3
========================================================================
Received Import Request.
  Time since last request: 0.000017 seconds.
  path: Assets/0_TileMap/decor_16x16_8.asset
  artifactKey: Guid(666a8af1aa0de1447b067ad6432f671e) Importer(815301076,1909f56bfc062723c751e8b465ee728b)
Start importing Assets/0_TileMap/decor_16x16_8.asset using Guid(666a8af1aa0de1447b067ad6432f671e) Importer(815301076,1909f56bfc062723c751e8b465ee728b)  -> (artifact id: '661961fef084538396c369e357d031fa') in 0.009647 seconds
Number of updated asset objects reloaded before import = 0
Number of asset objects unloaded after import = 3
========================================================================
Received Import Request.
  Time since last request: 0.000013 seconds.
  path: Assets/0_TileMap/plains_4.asset
  artifactKey: Guid(459a29218367ed34d88ece73deb56a79) Importer(815301076,1909f56bfc062723c751e8b465ee728b)
Start importing Assets/0_TileMap/plains_4.asset using Guid(459a29218367ed34d88ece73deb56a79) Importer(815301076,1909f56bfc062723c751e8b465ee728b)  -> (artifact id: 'c1b4894d44988ffb58c5cbba9af4a2f7') in 0.004244 seconds
Number of updated asset objects reloaded before import = 0
Number of asset objects unloaded after import = 3
========================================================================
Received Import Request.
  Time since last request: 0.000014 seconds.
  path: Assets/0_TileMap/decor_16x16_3.asset
  artifactKey: Guid(0c24a0c3778026046b610feecd5c1e1c) Importer(815301076,1909f56bfc062723c751e8b465ee728b)
Start importing Assets/0_TileMap/decor_16x16_3.asset using Guid(0c24a0c3778026046b610feecd5c1e1c) Importer(815301076,1909f56bfc062723c751e8b465ee728b)  -> (artifact id: 'e415a8f78f24acc4e07184f3c9c4c23a') in 0.012112 seconds
Number of updated asset objects reloaded before import = 0
Number of asset objects unloaded after import = 3
========================================================================
Received Import Request.
  Time since last request: 0.000020 seconds.
  path: Assets/0_TileMap/decor_16x16_13.asset
  artifactKey: Guid(4066756ec9a65a84c9d8b664152b5924) Importer(815301076,1909f56bfc062723c751e8b465ee728b)
Start importing Assets/0_TileMap/decor_16x16_13.asset using Guid(4066756ec9a65a84c9d8b664152b5924) Importer(815301076,1909f56bfc062723c751e8b465ee728b)  -> (artifact id: 'bde3a04aa0860a65429ecb60409d2a15') in 0.010066 seconds
Number of updated asset objects reloaded before import = 0
Number of asset objects unloaded after import = 3
========================================================================
Received Import Request.
  Time since last request: 0.000018 seconds.
  path: Assets/0_TileMap/plains_8.asset
  artifactKey: Guid(e7f7c14fd6cab464ebd5c459fc9befa8) Importer(815301076,1909f56bfc062723c751e8b465ee728b)
Start importing Assets/0_TileMap/plains_8.asset using Guid(e7f7c14fd6cab464ebd5c459fc9befa8) Importer(815301076,1909f56bfc062723c751e8b465ee728b)  -> (artifact id: 'b05b3425300a080a39a0dee7937b8ac3') in 0.004280 seconds
Number of updated asset objects reloaded before import = 0
Number of asset objects unloaded after import = 3
========================================================================
Received Import Request.
  Time since last request: 0.000014 seconds.
  path: Assets/0_TileMap/plains_3.asset
  artifactKey: Guid(425e62b68b7fb984f8ee09e545295c7a) Importer(815301076,1909f56bfc062723c751e8b465ee728b)
Start importing Assets/0_TileMap/plains_3.asset using Guid(425e62b68b7fb984f8ee09e545295c7a) Importer(815301076,1909f56bfc062723c751e8b465ee728b)  -> (artifact id: '0977b5d20b38d307715510d112fc2575') in 0.007249 seconds
Number of updated asset objects reloaded before import = 0
Number of asset objects unloaded after import = 3
========================================================================
Received Import Request.
  Time since last request: 0.000015 seconds.
  path: Assets/0_TileMap/decor_16x16_16.asset
  artifactKey: Guid(8ba787d206a8f82449ffe74b47e343bb) Importer(815301076,1909f56bfc062723c751e8b465ee728b)
Start importing Assets/0_TileMap/decor_16x16_16.asset using Guid(8ba787d206a8f82449ffe74b47e343bb) Importer(815301076,1909f56bfc062723c751e8b465ee728b)  -> (artifact id: '3dc2728ac94d56f5074248e198809d00') in 0.006917 seconds
Number of updated asset objects reloaded before import = 0
Number of asset objects unloaded after import = 3
========================================================================
Received Import Request.
  Time since last request: 0.000012 seconds.
  path: Assets/0_TileMap/plains_6.asset
  artifactKey: Guid(f6a54e5462823f34e9a1e81672cdb489) Importer(815301076,1909f56bfc062723c751e8b465ee728b)
Start importing Assets/0_TileMap/plains_6.asset using Guid(f6a54e5462823f34e9a1e81672cdb489) Importer(815301076,1909f56bfc062723c751e8b465ee728b)  -> (artifact id: 'e0c4c439ec4e5d06ca77b9a9053ae61a') in 0.008094 seconds
Number of updated asset objects reloaded before import = 0
Number of asset objects unloaded after import = 3
========================================================================
Received Import Request.
  Time since last request: 0.000016 seconds.
  path: Assets/0_TileMap/fences_0.asset
  artifactKey: Guid(f55253ad33e59cb40a0c0d19c640f958) Importer(815301076,1909f56bfc062723c751e8b465ee728b)
Start importing Assets/0_TileMap/fences_0.asset using Guid(f55253ad33e59cb40a0c0d19c640f958) Importer(815301076,1909f56bfc062723c751e8b465ee728b)  -> (artifact id: '9fc0685549cf3dedf3c86e5cde1435cc') in 0.009697 seconds
Number of updated asset objects reloaded before import = 0
Number of asset objects unloaded after import = 3
========================================================================
Received Import Request.
  Time since last request: 0.000024 seconds.
  path: Assets/0_TileMap/fences_4.asset
  artifactKey: Guid(9ce13f9673005db47a10e370e6abd709) Importer(815301076,1909f56bfc062723c751e8b465ee728b)
Start importing Assets/0_TileMap/fences_4.asset using Guid(9ce13f9673005db47a10e370e6abd709) Importer(815301076,1909f56bfc062723c751e8b465ee728b)  -> (artifact id: 'a6b2031f91d6c3c3622e95fd7b62c014') in 0.009361 seconds
Number of updated asset objects reloaded before import = 0
Number of asset objects unloaded after import = 3
========================================================================
Received Import Request.
  Time since last request: 0.000033 seconds.
  path: Assets/0_TileMap/plains_1.asset
  artifactKey: Guid(521700a0b7ac5b844bb961e52abcf5b8) Importer(815301076,1909f56bfc062723c751e8b465ee728b)
Start importing Assets/0_TileMap/plains_1.asset using Guid(521700a0b7ac5b844bb961e52abcf5b8) Importer(815301076,1909f56bfc062723c751e8b465ee728b)  -> (artifact id: 'fd6feae9d0e9416fa352fcd2414e9b26') in 0.006402 seconds
Number of updated asset objects reloaded before import = 0
Number of asset objects unloaded after import = 3
========================================================================
Received Import Request.
  Time since last request: 0.938864 seconds.
  path: Assets/0_TileMap/plains_10.asset
  artifactKey: Guid(a8ecc5ee8ea40a04092dd1d130a35297) Importer(815301076,1909f56bfc062723c751e8b465ee728b)
Start importing Assets/0_TileMap/plains_10.asset using Guid(a8ecc5ee8ea40a04092dd1d130a35297) Importer(815301076,1909f56bfc062723c751e8b465ee728b)  -> (artifact id: 'bf585ab1844ae31c52ef2dde2cc69eb3') in 0.013949 seconds
Number of updated asset objects reloaded before import = 0
Number of asset objects unloaded after import = 3
========================================================================
Received Import Request.
  Time since last request: 0.000020 seconds.
  path: Assets/0_TileMap/plains_13.asset
  artifactKey: Guid(9642f16298e92964397fa1e1fb27e3dc) Importer(815301076,1909f56bfc062723c751e8b465ee728b)
Start importing Assets/0_TileMap/plains_13.asset using Guid(9642f16298e92964397fa1e1fb27e3dc) Importer(815301076,1909f56bfc062723c751e8b465ee728b)  -> (artifact id: '4d135785b4bae62d09652b924c880283') in 0.010405 seconds
Number of updated asset objects reloaded before import = 0
Number of asset objects unloaded after import = 3
========================================================================
Received Import Request.
  Time since last request: 0.000014 seconds.
  path: Assets/0_TileMap/plains_15.asset
  artifactKey: Guid(28d04a001fd026141abe3af92df0da41) Importer(815301076,1909f56bfc062723c751e8b465ee728b)
Start importing Assets/0_TileMap/plains_15.asset using Guid(28d04a001fd026141abe3af92df0da41) Importer(815301076,1909f56bfc062723c751e8b465ee728b)  -> (artifact id: 'c0c569729a78a5dfd7c621ed2c3e56d9') in 0.009322 seconds
Number of updated asset objects reloaded before import = 0
Number of asset objects unloaded after import = 3
========================================================================
Received Import Request.
  Time since last request: 0.000038 seconds.
  path: Assets/0_TileMap/plains_14.asset
  artifactKey: Guid(c87dfbda80e41b94fa26a7b33ec5c370) Importer(815301076,1909f56bfc062723c751e8b465ee728b)
Start importing Assets/0_TileMap/plains_14.asset using Guid(c87dfbda80e41b94fa26a7b33ec5c370) Importer(815301076,1909f56bfc062723c751e8b465ee728b)  -> (artifact id: 'a2ea7db5c77da1a75ba4c1370070e224') in 0.011119 seconds
Number of updated asset objects reloaded before import = 0
Number of asset objects unloaded after import = 3
========================================================================
Received Import Request.
  Time since last request: 0.461335 seconds.
  path: Assets/0_TileMap/plains_19.asset
  artifactKey: Guid(4e0088d2ccceeca418e411626b1be808) Importer(815301076,1909f56bfc062723c751e8b465ee728b)
Start importing Assets/0_TileMap/plains_19.asset using Guid(4e0088d2ccceeca418e411626b1be808) Importer(815301076,1909f56bfc062723c751e8b465ee728b)  -> (artifact id: '64ad84f6193b0fd4c84612a6d7fee5ea') in 0.009952 seconds
Number of updated asset objects reloaded before import = 0
Number of asset objects unloaded after import = 3
========================================================================
Received Import Request.
  Time since last request: 0.000028 seconds.
  path: Assets/0_TileMap/plains_26.asset
  artifactKey: Guid(154fe9c127e4d2d4c91f00695c3f75b2) Importer(815301076,1909f56bfc062723c751e8b465ee728b)
Start importing Assets/0_TileMap/plains_26.asset using Guid(154fe9c127e4d2d4c91f00695c3f75b2) Importer(815301076,1909f56bfc062723c751e8b465ee728b)  -> (artifact id: '4679c3c864c75981e61353655770f5c2') in 0.011434 seconds
Number of updated asset objects reloaded before import = 0
Number of asset objects unloaded after import = 3
========================================================================
Received Import Request.
  Time since last request: 0.000016 seconds.
  path: Assets/0_TileMap/plains_23.asset
  artifactKey: Guid(61580fba255081349905c29ca96d2776) Importer(815301076,1909f56bfc062723c751e8b465ee728b)
Start importing Assets/0_TileMap/plains_23.asset using Guid(61580fba255081349905c29ca96d2776) Importer(815301076,1909f56bfc062723c751e8b465ee728b)  -> (artifact id: 'd62b4639871fbb90bdbe511b3d782022') in 0.003787 seconds
Number of updated asset objects reloaded before import = 0
Number of asset objects unloaded after import = 3
========================================================================
Received Import Request.
  Time since last request: 0.000019 seconds.
  path: Assets/0_TileMap/plains_21.asset
  artifactKey: Guid(10c398177d0502349be4d85d1ee24f35) Importer(815301076,1909f56bfc062723c751e8b465ee728b)
Start importing Assets/0_TileMap/plains_21.asset using Guid(10c398177d0502349be4d85d1ee24f35) Importer(815301076,1909f56bfc062723c751e8b465ee728b)  -> (artifact id: 'd8e2a879dcf8394d437b3b344caf0ae1') in 0.004474 seconds
Number of updated asset objects reloaded before import = 0
Number of asset objects unloaded after import = 3
========================================================================
Received Import Request.
  Time since last request: 0.104691 seconds.
  path: Assets/0_TileMap/plains_28.asset
  artifactKey: Guid(ac2819c4dfaa87e4ea1182a5ba76744d) Importer(815301076,1909f56bfc062723c751e8b465ee728b)
Start importing Assets/0_TileMap/plains_28.asset using Guid(ac2819c4dfaa87e4ea1182a5ba76744d) Importer(815301076,1909f56bfc062723c751e8b465ee728b)  -> (artifact id: '29a5fa7cb81157e2e62ff27c0da0a6f8') in 0.011657 seconds
Number of updated asset objects reloaded before import = 0
Number of asset objects unloaded after import = 3
========================================================================
Received Import Request.
  Time since last request: 0.000014 seconds.
  path: Assets/0_TileMap/plains_30.asset
  artifactKey: Guid(ffafce6ae1b53f04591535b85b0f82c6) Importer(815301076,1909f56bfc062723c751e8b465ee728b)
Start importing Assets/0_TileMap/plains_30.asset using Guid(ffafce6ae1b53f04591535b85b0f82c6) Importer(815301076,1909f56bfc062723c751e8b465ee728b)  -> (artifact id: 'cb9b11c68627f68569ab8efddc493cfb') in 0.003831 seconds
Number of updated asset objects reloaded before import = 0
Number of asset objects unloaded after import = 3
========================================================================
Received Import Request.
  Time since last request: 0.000014 seconds.
  path: Assets/0_TileMap/plains_33.asset
  artifactKey: Guid(02ba85b92a023ce4ba58d864f4b60e9d) Importer(815301076,1909f56bfc062723c751e8b465ee728b)
Start importing Assets/0_TileMap/plains_33.asset using Guid(02ba85b92a023ce4ba58d864f4b60e9d) Importer(815301076,1909f56bfc062723c751e8b465ee728b)  -> (artifact id: 'd2305c425bd85944adfb78f600929305') in 0.008831 seconds
Number of updated asset objects reloaded before import = 0
Number of asset objects unloaded after import = 3
========================================================================
Received Import Request.
  Time since last request: 0.000041 seconds.
  path: Assets/0_TileMap/plains_29.asset
  artifactKey: Guid(ba12d2f9d4bb4f14185c76b2228f13e1) Importer(815301076,1909f56bfc062723c751e8b465ee728b)
Start importing Assets/0_TileMap/plains_29.asset using Guid(ba12d2f9d4bb4f14185c76b2228f13e1) Importer(815301076,1909f56bfc062723c751e8b465ee728b)  -> (artifact id: '85540352c1b26140d0d8e0130dc4f65e') in 0.004366 seconds
Number of updated asset objects reloaded before import = 0
Number of asset objects unloaded after import = 3
========================================================================
Received Import Request.
  Time since last request: 0.040692 seconds.
  path: Assets/0_TileMap/plains_37.asset
  artifactKey: Guid(a932c21cf0306174b993baa7b075cd25) Importer(815301076,1909f56bfc062723c751e8b465ee728b)
Start importing Assets/0_TileMap/plains_37.asset using Guid(a932c21cf0306174b993baa7b075cd25) Importer(815301076,1909f56bfc062723c751e8b465ee728b)  -> (artifact id: '5f0e81a0560277301faa53d733cc8e4b') in 0.007351 seconds
Number of updated asset objects reloaded before import = 0
Number of asset objects unloaded after import = 3
========================================================================
Received Import Request.
  Time since last request: 0.000014 seconds.
  path: Assets/0_TileMap/plains_43.asset
  artifactKey: Guid(6b01b3f2a21e8dc44a143a17dd48922b) Importer(815301076,1909f56bfc062723c751e8b465ee728b)
Start importing Assets/0_TileMap/plains_43.asset using Guid(6b01b3f2a21e8dc44a143a17dd48922b) Importer(815301076,1909f56bfc062723c751e8b465ee728b)  -> (artifact id: '31b39e280fe829253c7be37dc75400f6') in 0.003546 seconds
Number of updated asset objects reloaded before import = 0
Number of asset objects unloaded after import = 3
========================================================================
Received Import Request.
  Time since last request: 0.000013 seconds.
  path: Assets/0_TileMap/plains_40.asset
  artifactKey: Guid(253c3a39b5549d14ba898328ad8f9cd3) Importer(815301076,1909f56bfc062723c751e8b465ee728b)
Start importing Assets/0_TileMap/plains_40.asset using Guid(253c3a39b5549d14ba898328ad8f9cd3) Importer(815301076,1909f56bfc062723c751e8b465ee728b)  -> (artifact id: 'f853f1ff053828dde5ca2c8c3e415720') in 0.004510 seconds
Number of updated asset objects reloaded before import = 0
Number of asset objects unloaded after import = 3
========================================================================
Received Import Request.
  Time since last request: 0.000010 seconds.
  path: Assets/0_TileMap/plains_42.asset
  artifactKey: Guid(b1b327830a3bd8a4baeb2f1737c947cd) Importer(815301076,1909f56bfc062723c751e8b465ee728b)
Start importing Assets/0_TileMap/plains_42.asset using Guid(b1b327830a3bd8a4baeb2f1737c947cd) Importer(815301076,1909f56bfc062723c751e8b465ee728b)  -> (artifact id: 'a014decc0ed630c55618ce3e7a085c12') in 0.009407 seconds
Number of updated asset objects reloaded before import = 0
Number of asset objects unloaded after import = 3
========================================================================
Received Import Request.
  Time since last request: 0.000014 seconds.
  path: Assets/0_TileMap/plains_41.asset
  artifactKey: Guid(4111521b75a7171488eea15b3257d793) Importer(815301076,1909f56bfc062723c751e8b465ee728b)
Start importing Assets/0_TileMap/plains_41.asset using Guid(4111521b75a7171488eea15b3257d793) Importer(815301076,1909f56bfc062723c751e8b465ee728b)  -> (artifact id: '0df0108c63ee58151b76c0e8af74af22') in 0.003868 seconds
Number of updated asset objects reloaded before import = 0
Number of asset objects unloaded after import = 3
========================================================================
Received Import Request.
  Time since last request: 81.928286 seconds.
  path: Assets/0_TileMap/plains_46.asset
  artifactKey: Guid(334735c950f822c4e89ac59719669809) Importer(815301076,1909f56bfc062723c751e8b465ee728b)
Start importing Assets/0_TileMap/plains_46.asset using Guid(334735c950f822c4e89ac59719669809) Importer(815301076,1909f56bfc062723c751e8b465ee728b)  -> (artifact id: 'f5fd6df8146af51e891285b5c3f1cc9d') in 0.014948 seconds
Number of updated asset objects reloaded before import = 0
Number of asset objects unloaded after import = 3
========================================================================
Received Import Request.
  Time since last request: 0.000023 seconds.
  path: Assets/0_TileMap/plains_48.asset
  artifactKey: Guid(7a14cd00fc8ba064e9134763ca77feb9) Importer(815301076,1909f56bfc062723c751e8b465ee728b)
Start importing Assets/0_TileMap/plains_48.asset using Guid(7a14cd00fc8ba064e9134763ca77feb9) Importer(815301076,1909f56bfc062723c751e8b465ee728b)  -> (artifact id: '30f2e37aa99c6a07997bd48cc4cbce33') in 0.005029 seconds
Number of updated asset objects reloaded before import = 0
Number of asset objects unloaded after import = 3
========================================================================
Received Import Request.
  Time since last request: 0.000019 seconds.
  path: Assets/0_TileMap/plains_50.asset
  artifactKey: Guid(22ca6dbd4abe2424c8f782d041766f3f) Importer(815301076,1909f56bfc062723c751e8b465ee728b)
Start importing Assets/0_TileMap/plains_50.asset using Guid(22ca6dbd4abe2424c8f782d041766f3f) Importer(815301076,1909f56bfc062723c751e8b465ee728b)  -> (artifact id: 'bbffa5398fabebe4bc5d8eb27d75a177') in 0.016707 seconds
Number of updated asset objects reloaded before import = 0
Number of asset objects unloaded after import = 3
========================================================================
Received Import Request.
  Time since last request: 0.000019 seconds.
  path: Assets/0_TileMap/plains_51.asset
  artifactKey: Guid(45e1628b107a673448ce4a85f6e59eac) Importer(815301076,1909f56bfc062723c751e8b465ee728b)
Start importing Assets/0_TileMap/plains_51.asset using Guid(45e1628b107a673448ce4a85f6e59eac) Importer(815301076,1909f56bfc062723c751e8b465ee728b)  -> (artifact id: '1fa0c64939c6cf247ddd654e520b7ea5') in 0.013043 seconds
Number of updated asset objects reloaded before import = 0
Number of asset objects unloaded after import = 3
========================================================================
Received Import Request.
  Time since last request: 0.000029 seconds.
  path: Assets/0_TileMap/plains_52.asset
  artifactKey: Guid(e72a2d1cdff3cab41a82f9094e896a93) Importer(815301076,1909f56bfc062723c751e8b465ee728b)
Start importing Assets/0_TileMap/plains_52.asset using Guid(e72a2d1cdff3cab41a82f9094e896a93) Importer(815301076,1909f56bfc062723c751e8b465ee728b)  -> (artifact id: 'a73997735c7f04ed84e88248f7d30528') in 0.010226 seconds
Number of updated asset objects reloaded before import = 0
Number of asset objects unloaded after import = 3
========================================================================
Received Import Request.
  Time since last request: 0.015356 seconds.
  path: Assets/0_TileMap/plains_55.asset
  artifactKey: Guid(4fe1856c1e96a8a4db8a8739fde56070) Importer(815301076,1909f56bfc062723c751e8b465ee728b)
Start importing Assets/0_TileMap/plains_55.asset using Guid(4fe1856c1e96a8a4db8a8739fde56070) Importer(815301076,1909f56bfc062723c751e8b465ee728b)  -> (artifact id: 'c1b0c16f0ba5cf6e32b94cd4a47e3c60') in 0.010086 seconds
Number of updated asset objects reloaded before import = 0
Number of asset objects unloaded after import = 3
========================================================================
Received Import Request.
  Time since last request: 0.000019 seconds.
  path: Assets/0_TileMap/plains_61.asset
  artifactKey: Guid(512adefff6eba8a478d67a17536fb9ab) Importer(815301076,1909f56bfc062723c751e8b465ee728b)
Start importing Assets/0_TileMap/plains_61.asset using Guid(512adefff6eba8a478d67a17536fb9ab) Importer(815301076,1909f56bfc062723c751e8b465ee728b)  -> (artifact id: 'e9c91989b4952a0e0fd405807d032d84') in 0.008371 seconds
Number of updated asset objects reloaded before import = 0
Number of asset objects unloaded after import = 3
========================================================================
Received Import Request.
  Time since last request: 0.000019 seconds.
  path: Assets/0_TileMap/plains_56.asset
  artifactKey: Guid(b9a410ba708e158449a82352d368fa99) Importer(815301076,1909f56bfc062723c751e8b465ee728b)
Start importing Assets/0_TileMap/plains_56.asset using Guid(b9a410ba708e158449a82352d368fa99) Importer(815301076,1909f56bfc062723c751e8b465ee728b)  -> (artifact id: '5ee9bbc8e7ee64b783e1657ac8ff83e6') in 0.008703 seconds
Number of updated asset objects reloaded before import = 0
Number of asset objects unloaded after import = 3
========================================================================
Received Import Request.
  Time since last request: 0.000025 seconds.
  path: Assets/0_TileMap/plains_57.asset
  artifactKey: Guid(3164dd3d001dfa744adda3f03bfa381d) Importer(815301076,1909f56bfc062723c751e8b465ee728b)
Start importing Assets/0_TileMap/plains_57.asset using Guid(3164dd3d001dfa744adda3f03bfa381d) Importer(815301076,1909f56bfc062723c751e8b465ee728b)  -> (artifact id: '3a609262808bf25399a050e3582f9c7c') in 0.013422 seconds
Number of updated asset objects reloaded before import = 0
Number of asset objects unloaded after import = 3
========================================================================
Received Import Request.
  Time since last request: 580.500017 seconds.
  path: Assets/0_TileMap/plains_64.asset
  artifactKey: Guid(3189b7ad303dc774baf57d03f254e7b0) Importer(815301076,1909f56bfc062723c751e8b465ee728b)
Start importing Assets/0_TileMap/plains_64.asset using Guid(3189b7ad303dc774baf57d03f254e7b0) Importer(815301076,1909f56bfc062723c751e8b465ee728b)  -> (artifact id: '42318a89aaba7420b28c1217bd049989') in 0.010287 seconds
Number of updated asset objects reloaded before import = 0
Number of asset objects unloaded after import = 3
========================================================================
Received Import Request.
  Time since last request: 0.000058 seconds.
  path: Assets/0_TileMap/plains_65.asset
  artifactKey: Guid(e9d303e950a069143b3a40c388a2c2a4) Importer(815301076,1909f56bfc062723c751e8b465ee728b)
Start importing Assets/0_TileMap/plains_65.asset using Guid(e9d303e950a069143b3a40c388a2c2a4) Importer(815301076,1909f56bfc062723c751e8b465ee728b)  -> (artifact id: '087cf9954c5f78729fb4f2c1583dc425') in 0.015055 seconds
Number of updated asset objects reloaded before import = 0
Number of asset objects unloaded after import = 3
========================================================================
Received Import Request.
  Time since last request: 0.000015 seconds.
  path: Assets/0_TileMap/plains_66.asset
  artifactKey: Guid(4f2485e003373d74eaf5826b2118814c) Importer(815301076,1909f56bfc062723c751e8b465ee728b)
Start importing Assets/0_TileMap/plains_66.asset using Guid(4f2485e003373d74eaf5826b2118814c) Importer(815301076,1909f56bfc062723c751e8b465ee728b)  -> (artifact id: '5fb4977ca79322a5b1bc75f905249029') in 0.005480 seconds
Number of updated asset objects reloaded before import = 0
Number of asset objects unloaded after import = 3
========================================================================
Received Import Request.
  Time since last request: 0.000017 seconds.
  path: Assets/0_TileMap/Test.prefab
  artifactKey: Guid(87ff42e2f878f3044ae6e05a58a37287) Importer(815301076,1909f56bfc062723c751e8b465ee728b)
Start importing Assets/0_TileMap/Test.prefab using Guid(87ff42e2f878f3044ae6e05a58a37287) Importer(815301076,1909f56bfc062723c751e8b465ee728b)  -> (artifact id: 'fb01945853749c9b03cc508757d2034b') in 0.049943 seconds
Number of updated asset objects reloaded before import = 0
Number of asset objects unloaded after import = 224
Editor requested this worker to shutdown with reason: Scaling down because of idle timeout
TcpMessagingSession - receive error: operation aborted. errorcode: 995, details:        I/O  .
AssetImportWorker is now disconnected from the server
Process exiting
Exiting without the bug reporter. Application will terminate with return code 0